#
# A fatal error has been detected by the Java Runtime Environment:
#
#  EXCEPTION_ACCESS_VIOLATION (0xc0000005) at pc=0x00007ffbd0bd3416, pid=3156, tid=0x0000000000002d38
#
# JRE version: Java(TM) SE Runtime Environment (8.0_144-b01) (build 1.8.0_144-b01)
# Java VM: Java HotSpot(TM) 64-Bit Server VM (25.144-b01 mixed mode windows-amd64 compressed oops)
# Problematic frame:
# C  [ntdll.dll+0x63416]
#
# Failed to write core dump. Minidumps are not enabled by default on client versions of Windows
#
# If you would like to submit a bug report, please visit:
#   http://bugreport.java.com/bugreport/crash.jsp
# The crash happened outside the Java Virtual Machine in native code.
# See problematic frame for where to report the bug.
#

---------------  T H R E A D  ---------------

Current thread (0x000000002044b800):  JavaThread "HikariPool-1 connection adder" daemon [_thread_in_native, id=11576, stack(0x00000000012d0000,0x00000000013d0000)]

siginfo: ExceptionCode=0xc0000005, writing address 0x0000000000000024

Registers:
RAX=0x0000000000000000, RBX=0x00000000010829a0, RCX=0x00000000010829a0, RDX=0x00000000fffffffa
RSP=0x00000000013cd4d0, RBP=0x0000000000000000, RSI=0x0000000000000000, RDI=0x0000000000000000
R8 =0x0000000000000000, R9 =0x0000000001082900, R10=0x000000000000001f, R11=0x000000000103dab8
R12=0x0000000000000000, R13=0x0000000000f90000, R14=0x0000000000000001, R15=0x0000000000000000
RIP=0x00007ffbd0bd3416, EFLAGS=0x0000000000010213

Top of Stack: (sp=0x00000000013cd4d0)
0x00000000013cd4d0:   ffffffffffffffff 00000000010829a0
0x00000000013cd4e0:   00000000013cd518 0000000023f316b0
0x00000000013cd4f0:   0000000000000000 0000000023f31398
0x00000000013cd500:   0000000000000000 00000000013cd520
0x00000000013cd510:   00000000013cd500 00000006fffffffa
0x00000000013cd520:   0000000000f90000 0000000023f3401e
0x00000000013cd530:   00000000013cd5c8 0000000023f34378
0x00000000013cd540:   0000000000000000 0000000023f34250
0x00000000013cd550:   0000000000000000 00000000013cd5c8
0x00000000013cd560:   00009e43bfb78402 00007ffbd0b9b86b
0x00000000013cd570:   00007ffbcd970000 0000000000000001
0x00000000013cd580:   0000000000000001 0000000000000001
0x00000000013cd590:   0000000000000000 00000000010829a0
0x00000000013cd5a0:   0000000000000000 00007ffbd0b9fcb4
0x00000000013cd5b0:   00000000013cd5e0 0000000000db0000
0x00000000013cd5c0:   00000000fffffffa 0000000600012047 

Instructions: (pc=0x00007ffbd0bd3416)
0x00007ffbd0bd33f6:   48 39 73 18 0f 84 d2 00 00 00 48 8b 03 48 83 f8
0x00007ffbd0bd3406:   ff 0f 84 d2 00 00 00 44 8b fe 48 83 f8 ff 74 03
0x00007ffbd0bd3416:   ff 40 24 4c 8b 73 18 4c 8d 2d d4 10 10 00 bd 22
0x00007ffbd0bd3426:   17 00 00 e8 22 14 fc ff 85 c0 0f 85 be b2 05 00 


Register to memory mapping:

RAX=0x0000000000000000 is an unknown value
RBX=0x00000000010829a0 is an unknown value
RCX=0x00000000010829a0 is an unknown value
RDX=0x00000000fffffffa is an unknown value
RSP=0x00000000013cd4d0 is pointing into the stack for thread: 0x000000002044b800
RBP=0x0000000000000000 is an unknown value
RSI=0x0000000000000000 is an unknown value
RDI=0x0000000000000000 is an unknown value
R8 =0x0000000000000000 is an unknown value
R9 =0x0000000001082900 is an unknown value
R10=0x000000000000001f is an unknown value
R11=0x000000000103dab8 is an unknown value
R12=0x0000000000000000 is an unknown value
R13=0x0000000000f90000 is an unknown value
R14=0x0000000000000001 is an unknown value
R15=0x0000000000000000 is an unknown value


Stack: [0x00000000012d0000,0x00000000013d0000],  sp=0x00000000013cd4d0,  free space=1013k
Native frames: (J=compiled Java code, j=interpreted, Vv=VM code, C=native code)

Java frames: (J=compiled Java code, j=interpreted, Vv=VM code)
j  java.net.TwoStacksPlainSocketImpl.socketConnect(Ljava/net/InetAddress;II)V+0
j  java.net.AbstractPlainSocketImpl.doConnect(Ljava/net/InetAddress;II)V+64
j  java.net.AbstractPlainSocketImpl.connectToAddress(Ljava/net/InetAddress;II)V+23
j  java.net.AbstractPlainSocketImpl.connect(Ljava/net/SocketAddress;I)V+78
j  java.net.PlainSocketImpl.connect(Ljava/net/SocketAddress;I)V+6
j  java.net.SocksSocketImpl.connect(Ljava/net/SocketAddress;I)V+381
j  java.net.Socket.connect(Ljava/net/SocketAddress;I)V+179
j  com.microsoft.sqlserver.jdbc.SocketFinder.getConnectedSocket(Ljava/net/InetSocketAddress;I)Ljava/net/Socket;+62
j  com.microsoft.sqlserver.jdbc.SocketFinder.getDefaultSocket(Ljava/lang/String;II)Ljava/net/Socket;+93
j  com.microsoft.sqlserver.jdbc.SocketFinder.findSocket(Ljava/lang/String;IIZZZI)Ljava/net/Socket;+44
j  com.microsoft.sqlserver.jdbc.TDSChannel.open(Ljava/lang/String;IIZZZI)Ljava/net/InetSocketAddress;+72
J 6895 C1 com.microsoft.sqlserver.jdbc.SQLServerConnection.connectHelper(Lcom/microsoft/sqlserver/jdbc/ServerPortPlaceHolder;IIZZZI)Ljava/net/InetSocketAddress; (281 bytes) @ 0x000000000405f964 [0x000000000405f360+0x604]
j  com.microsoft.sqlserver.jdbc.SQLServerConnection.login(Ljava/lang/String;Ljava/lang/String;ILjava/lang/String;Lcom/microsoft/sqlserver/jdbc/FailoverInfo;IJ)V+552
j  com.microsoft.sqlserver.jdbc.SQLServerConnection.connectInternal(Ljava/util/Properties;Lcom/microsoft/sqlserver/jdbc/SQLServerPooledConnection;)Ljava/sql/Connection;+5806
j  com.microsoft.sqlserver.jdbc.SQLServerConnection.connect(Ljava/util/Properties;Lcom/microsoft/sqlserver/jdbc/SQLServerPooledConnection;)Ljava/sql/Connection;+13
j  com.microsoft.sqlserver.jdbc.SQLServerDriver.connect(Ljava/lang/String;Ljava/util/Properties;)Ljava/sql/Connection;+66
j  net.sf.log4jdbc.sql.jdbcapi.DriverSpy.connect(Ljava/lang/String;Ljava/util/Properties;)Ljava/sql/Connection;+31
j  com.zaxxer.hikari.util.DriverDataSource.getConnection(Ljava/lang/String;Ljava/lang/String;)Ljava/sql/Connection;+61
j  com.zaxxer.hikari.pool.PoolBase.newConnection()Ljava/sql/Connection;+49
j  com.zaxxer.hikari.pool.PoolBase.newPoolEntry()Lcom/zaxxer/hikari/pool/PoolEntry;+5
j  com.zaxxer.hikari.pool.HikariPool.createPoolEntry()Lcom/zaxxer/hikari/pool/PoolEntry;+1
J 6966 C1 com.zaxxer.hikari.pool.HikariPool$PoolEntryCreator.call()Ljava/lang/Boolean; (171 bytes) @ 0x000000000407e344 [0x000000000407e2a0+0xa4]
J 6965 C1 com.zaxxer.hikari.pool.HikariPool$PoolEntryCreator.call()Ljava/lang/Object; (5 bytes) @ 0x000000000407ee5c [0x000000000407ee20+0x3c]
J 6456 C1 java.util.concurrent.FutureTask.run()V (126 bytes) @ 0x0000000003f494c4 [0x0000000003f49400+0xc4]
J 6808 C1 java.util.concurrent.ThreadPoolExecutor.runWorker(Ljava/util/concurrent/ThreadPoolExecutor$Worker;)V (225 bytes) @ 0x000000000402e124 [0x000000000402dea0+0x284]
j  java.util.concurrent.ThreadPoolExecutor$Worker.run()V+5
j  java.lang.Thread.run()V+11
v  ~StubRoutines::call_stub

---------------  P R O C E S S  ---------------

Java Threads: ( => current thread )
=>0x000000002044b800 JavaThread "HikariPool-1 connection adder" daemon [_thread_in_native, id=11576, stack(0x00000000012d0000,0x00000000013d0000)]
  0x000000002044a800 JavaThread "http-nio-8080-exec-10" daemon [_thread_blocked, id=4936, stack(0x00000000276f0000,0x00000000277f0000)]
  0x0000000020444800 JavaThread "http-nio-8080-exec-9" daemon [_thread_blocked, id=8364, stack(0x00000000275f0000,0x00000000276f0000)]
  0x0000000020447800 JavaThread "http-nio-8080-exec-8" daemon [_thread_blocked, id=9220, stack(0x00000000274f0000,0x00000000275f0000)]
  0x000000002044a000 JavaThread "http-nio-8080-exec-7" daemon [_thread_blocked, id=5712, stack(0x00000000273f0000,0x00000000274f0000)]
  0x0000000020449000 JavaThread "http-nio-8080-exec-6" daemon [_thread_blocked, id=9320, stack(0x00000000270f0000,0x00000000271f0000)]
  0x0000000020448800 JavaThread "http-nio-8080-exec-5" daemon [_thread_blocked, id=9844, stack(0x0000000026ff0000,0x00000000270f0000)]
  0x000000002342d000 JavaThread "http-nio-8080-exec-4" daemon [_thread_blocked, id=10880, stack(0x0000000026cf0000,0x0000000026df0000)]
  0x000000002342c000 JavaThread "http-nio-8080-exec-3" daemon [_thread_blocked, id=10184, stack(0x0000000024420000,0x0000000024520000)]
  0x000000002342b800 JavaThread "http-nio-8080-exec-2" daemon [_thread_blocked, id=8500, stack(0x0000000022250000,0x0000000022350000)]
  0x0000000023432000 JavaThread "http-nio-8080-exec-1" daemon [_thread_blocked, id=3556, stack(0x0000000022150000,0x0000000022250000)]
  0x0000000023430800 JavaThread "DestroyJavaVM" [_thread_blocked, id=10072, stack(0x00000000030a0000,0x00000000031a0000)]
  0x000000002342d800 JavaThread "http-nio-8080-Acceptor" daemon [_thread_in_native, id=5692, stack(0x0000000025620000,0x0000000025720000)]
  0x0000000023431800 JavaThread "http-nio-8080-Poller" daemon [_thread_in_native, id=9016, stack(0x0000000025520000,0x0000000025620000)]
  0x0000000023430000 JavaThread "Live Reload Server" daemon [_thread_in_native, id=5660, stack(0x0000000025420000,0x0000000025520000)]
  0x000000002342f000 JavaThread "File Watcher" daemon [_thread_blocked, id=7344, stack(0x0000000025320000,0x0000000025420000)]
  0x000000002342e800 JavaThread "container-0" [_thread_blocked, id=7016, stack(0x0000000024c20000,0x0000000024d20000)]
  0x0000000023457000 JavaThread "Catalina-utility-2" [_thread_blocked, id=10600, stack(0x0000000024b20000,0x0000000024c20000)]
  0x0000000023456800 JavaThread "Catalina-utility-1" [_thread_blocked, id=3100, stack(0x0000000024920000,0x0000000024a20000)]
  0x0000000022ecb800 JavaThread "HikariPool-1 housekeeper" daemon [_thread_blocked, id=11076, stack(0x0000000024320000,0x0000000024420000)]
  0x0000000021231000 JavaThread "RMI TCP Accept-0" daemon [_thread_in_native, id=1528, stack(0x0000000021a70000,0x0000000021b70000)]
  0x0000000021227800 JavaThread "RMI TCP Accept-53651" daemon [_thread_in_native, id=10352, stack(0x0000000021970000,0x0000000021a70000)]
  0x000000002120f800 JavaThread "RMI TCP Accept-0" daemon [_thread_in_native, id=9332, stack(0x0000000021870000,0x0000000021970000)]
  0x00000000203c5000 JavaThread "Service Thread" daemon [_thread_blocked, id=9856, stack(0x0000000020f50000,0x0000000021050000)]
  0x00000000203bc000 JavaThread "C1 CompilerThread2" daemon [_thread_blocked, id=9664, stack(0x0000000020e50000,0x0000000020f50000)]
  0x000000001ef8e800 JavaThread "C2 CompilerThread1" daemon [_thread_blocked, id=7148, stack(0x0000000020d50000,0x0000000020e50000)]
  0x000000001ef78000 JavaThread "C2 CompilerThread0" daemon [_thread_blocked, id=10136, stack(0x0000000020c50000,0x0000000020d50000)]
  0x000000001ef6c000 JavaThread "JDWP Command Reader" daemon [_thread_in_native, id=9916, stack(0x0000000020b50000,0x0000000020c50000)]
  0x000000001ef6a800 JavaThread "JDWP Event Helper Thread" daemon [_thread_blocked, id=10916, stack(0x0000000020a50000,0x0000000020b50000)]
  0x000000001ef66000 JavaThread "JDWP Transport Listener: dt_socket" daemon [_thread_blocked, id=10744, stack(0x0000000020950000,0x0000000020a50000)]
  0x000000001ef4d000 JavaThread "Attach Listener" daemon [_thread_blocked, id=11232, stack(0x0000000020830000,0x0000000020930000)]
  0x0000000020373800 JavaThread "Signal Dispatcher" daemon [_thread_blocked, id=10624, stack(0x0000000020730000,0x0000000020830000)]
  0x000000001ef1a000 JavaThread "Finalizer" daemon [_thread_blocked, id=904, stack(0x00000000201a0000,0x00000000202a0000)]
  0x000000001eef9000 JavaThread "Reference Handler" daemon [_thread_blocked, id=8564, stack(0x00000000200a0000,0x00000000201a0000)]

Other Threads:
  0x000000001eef7800 VMThread [stack: 0x000000001ffa0000,0x00000000200a0000] [id=9104]
  0x000000002128a800 WatcherThread [stack: 0x0000000021b70000,0x0000000021c70000] [id=8180]

VM state:not at safepoint (normal execution)

VM Mutex/Monitor currently owned by a thread: None

Heap:
 PSYoungGen      total 168960K, used 65299K [0x0000000755580000, 0x0000000761980000, 0x00000007c0000000)
  eden space 159744K, 35% used [0x0000000755580000,0x0000000758c81250,0x000000075f180000)
  from space 9216K, 97% used [0x000000075f500000,0x000000075fdc3cf8,0x000000075fe00000)
  to   space 20480K, 0% used [0x0000000760580000,0x0000000760580000,0x0000000761980000)
 ParOldGen       total 212992K, used 26641K [0x0000000680000000, 0x000000068d000000, 0x0000000755580000)
  object space 212992K, 12% used [0x0000000680000000,0x0000000681a04750,0x000000068d000000)
 Metaspace       used 49561K, capacity 52827K, committed 52992K, reserved 1095680K
  class space    used 6225K, capacity 6792K, committed 6912K, reserved 1048576K

Card table byte_map: [0x0000000012660000,0x0000000013070000] byte_map_base: 0x000000000f260000

Marking Bits: (ParMarkBitMap*) 0x000000005ff9d850
 Begin Bits: [0x0000000013b20000, 0x0000000018b20000)
 End Bits:   [0x0000000018b20000, 0x000000001db20000)

Polling page: 0x0000000002d00000

CodeCache: size=245760Kb used=14211Kb max_used=14211Kb free=231548Kb
 bounds [0x00000000032a0000, 0x0000000004090000, 0x00000000122a0000]
 total_blobs=7374 nmethods=6846 adapters=447
 compilation: enabled

Compilation events (10 events):
Event: 26085.130 Thread 0x00000000203bc000 6976       1       com.microsoft.sqlserver.jdbc.Util::writeLongBigEndian (122 bytes)
Event: 26085.130 Thread 0x00000000203bc000 nmethod 6976 0x0000000004083950 code [0x0000000004083ac0, 0x0000000004083d30]
Event: 27841.341 Thread 0x00000000203bc000 6977       1       com.microsoft.sqlserver.jdbc.SQLCollation::<init> (66 bytes)
Event: 27841.342 Thread 0x00000000203bc000 nmethod 6977 0x0000000004083f10 code [0x00000000040840a0, 0x0000000004084328]
Event: 27841.342 Thread 0x00000000203bc000 6978   !   1       com.microsoft.sqlserver.jdbc.SQLCollation::encodingFromLCID (122 bytes)
Event: 27841.344 Thread 0x00000000203bc000 nmethod 6978 0x0000000004084550 code [0x0000000004084860, 0x0000000004085698]
Event: 27858.555 Thread 0x00000000203bc000 6979       1       com.microsoft.sqlserver.jdbc.TDSTokenHandler::onEOF (29 bytes)
Event: 27858.555 Thread 0x00000000203bc000 nmethod 6979 0x0000000004086750 code [0x00000000040868c0, 0x0000000004086a58]
Event: 27878.893 Thread 0x00000000203bc000 6980       1       java.util.concurrent.ScheduledThreadPoolExecutor::triggerTime (23 bytes)
Event: 27878.893 Thread 0x00000000203bc000 nmethod 6980 0x0000000004086b50 code [0x0000000004086ca0, 0x0000000004086e28]

GC Heap History (10 events):
Event: 14630.677 GC heap before
{Heap before GC invocations=15 (full 2):
 PSYoungGen      total 197120K, used 187559K [0x0000000755580000, 0x0000000763100000, 0x00000007c0000000)
  eden space 178688K, 100% used [0x0000000755580000,0x0000000760400000,0x0000000760400000)
  from space 18432K, 48% used [0x0000000761f00000,0x00000007627a9c48,0x0000000763100000)
  to   space 23040K, 0% used [0x0000000760400000,0x0000000760400000,0x0000000761a80000)
 ParOldGen       total 212992K, used 26609K [0x0000000680000000, 0x000000068d000000, 0x0000000755580000)
  object space 212992K, 12% used [0x0000000680000000,0x00000006819fc750,0x000000068d000000)
 Metaspace       used 49468K, capacity 52745K, committed 52992K, reserved 1095680K
  class space    used 6221K, capacity 6789K, committed 6912K, reserved 1048576K
Event: 14630.683 GC heap after
Heap after GC invocations=15 (full 2):
 PSYoungGen      total 183808K, used 9170K [0x0000000755580000, 0x0000000762d00000, 0x00000007c0000000)
  eden space 174592K, 0% used [0x0000000755580000,0x0000000755580000,0x0000000760000000)
  from space 9216K, 99% used [0x0000000760400000,0x0000000760cf4878,0x0000000760d00000)
  to   space 23040K, 0% used [0x0000000761680000,0x0000000761680000,0x0000000762d00000)
 ParOldGen       total 212992K, used 26617K [0x0000000680000000, 0x000000068d000000, 0x0000000755580000)
  object space 212992K, 12% used [0x0000000680000000,0x00000006819fe750,0x000000068d000000)
 Metaspace       used 49468K, capacity 52745K, committed 52992K, reserved 1095680K
  class space    used 6221K, capacity 6789K, committed 6912K, reserved 1048576K
}
Event: 16796.299 GC heap before
{Heap before GC invocations=16 (full 2):
 PSYoungGen      total 183808K, used 183762K [0x0000000755580000, 0x0000000762d00000, 0x00000007c0000000)
  eden space 174592K, 100% used [0x0000000755580000,0x0000000760000000,0x0000000760000000)
  from space 9216K, 99% used [0x0000000760400000,0x0000000760cf4878,0x0000000760d00000)
  to   space 23040K, 0% used [0x0000000761680000,0x0000000761680000,0x0000000762d00000)
 ParOldGen       total 212992K, used 26617K [0x0000000680000000, 0x000000068d000000, 0x0000000755580000)
  object space 212992K, 12% used [0x0000000680000000,0x00000006819fe750,0x000000068d000000)
 Metaspace       used 49552K, capacity 52815K, committed 52992K, reserved 1095680K
  class space    used 6222K, capacity 6790K, committed 6912K, reserved 1048576K
Event: 16796.305 GC heap after
Heap after GC invocations=16 (full 2):
 PSYoungGen      total 188416K, used 9229K [0x0000000755580000, 0x0000000762800000, 0x00000007c0000000)
  eden space 170496K, 0% used [0x0000000755580000,0x0000000755580000,0x000000075fc00000)
  from space 17920K, 51% used [0x0000000761680000,0x0000000761f83718,0x0000000762800000)
  to   space 22528K, 0% used [0x000000075fc00000,0x000000075fc00000,0x0000000761200000)
 ParOldGen       total 212992K, used 26625K [0x0000000680000000, 0x000000068d000000, 0x0000000755580000)
  object space 212992K, 12% used [0x0000000680000000,0x0000000681a00750,0x000000068d000000)
 Metaspace       used 49552K, capacity 52815K, committed 52992K, reserved 1095680K
  class space    used 6222K, capacity 6790K, committed 6912K, reserved 1048576K
}
Event: 20129.345 GC heap before
{Heap before GC invocations=17 (full 2):
 PSYoungGen      total 188416K, used 179725K [0x0000000755580000, 0x0000000762800000, 0x00000007c0000000)
  eden space 170496K, 100% used [0x0000000755580000,0x000000075fc00000,0x000000075fc00000)
  from space 17920K, 51% used [0x0000000761680000,0x0000000761f83718,0x0000000762800000)
  to   space 22528K, 0% used [0x000000075fc00000,0x000000075fc00000,0x0000000761200000)
 ParOldGen       total 212992K, used 26625K [0x0000000680000000, 0x000000068d000000, 0x0000000755580000)
  object space 212992K, 12% used [0x0000000680000000,0x0000000681a00750,0x000000068d000000)
 Metaspace       used 49558K, capacity 52821K, committed 52992K, reserved 1095680K
  class space    used 6224K, capacity 6791K, committed 6912K, reserved 1048576K
Event: 20129.353 GC heap after
Heap after GC invocations=17 (full 2):
 PSYoungGen      total 176640K, used 9341K [0x0000000755580000, 0x0000000762380000, 0x00000007c0000000)
  eden space 166912K, 0% used [0x0000000755580000,0x0000000755580000,0x000000075f880000)
  from space 9728K, 96% used [0x000000075fc00000,0x000000076051f708,0x0000000760580000)
  to   space 22016K, 0% used [0x0000000760e00000,0x0000000760e00000,0x0000000762380000)
 ParOldGen       total 212992K, used 26633K [0x0000000680000000, 0x000000068d000000, 0x0000000755580000)
  object space 212992K, 12% used [0x0000000680000000,0x0000000681a02750,0x000000068d000000)
 Metaspace       used 49558K, capacity 52821K, committed 52992K, reserved 1095680K
  class space    used 6224K, capacity 6791K, committed 6912K, reserved 1048576K
}
Event: 23447.208 GC heap before
{Heap before GC invocations=18 (full 2):
 PSYoungGen      total 176640K, used 176253K [0x0000000755580000, 0x0000000762380000, 0x00000007c0000000)
  eden space 166912K, 100% used [0x0000000755580000,0x000000075f880000,0x000000075f880000)
  from space 9728K, 96% used [0x000000075fc00000,0x000000076051f708,0x0000000760580000)
  to   space 22016K, 0% used [0x0000000760e00000,0x0000000760e00000,0x0000000762380000)
 ParOldGen       total 212992K, used 26633K [0x0000000680000000, 0x000000068d000000, 0x0000000755580000)
  object space 212992K, 12% used [0x0000000680000000,0x0000000681a02750,0x000000068d000000)
 Metaspace       used 49561K, capacity 52827K, committed 52992K, reserved 1095680K
  class space    used 6225K, capacity 6792K, committed 6912K, reserved 1048576K
Event: 23447.214 GC heap after
Heap after GC invocations=18 (full 2):
 PSYoungGen      total 180736K, used 9073K [0x0000000755580000, 0x0000000761f00000, 0x00000007c0000000)
  eden space 163328K, 0% used [0x0000000755580000,0x0000000755580000,0x000000075f500000)
  from space 17408K, 52% used [0x0000000760e00000,0x00000007616dc7e8,0x0000000761f00000)
  to   space 21504K, 0% used [0x000000075f500000,0x000000075f500000,0x0000000760a00000)
 ParOldGen       total 212992K, used 26641K [0x0000000680000000, 0x000000068d000000, 0x0000000755580000)
  object space 212992K, 12% used [0x0000000680000000,0x0000000681a04750,0x000000068d000000)
 Metaspace       used 49561K, capacity 52827K, committed 52992K, reserved 1095680K
  class space    used 6225K, capacity 6792K, committed 6912K, reserved 1048576K
}
Event: 26767.829 GC heap before
{Heap before GC invocations=19 (full 2):
 PSYoungGen      total 180736K, used 172401K [0x0000000755580000, 0x0000000761f00000, 0x00000007c0000000)
  eden space 163328K, 100% used [0x0000000755580000,0x000000075f500000,0x000000075f500000)
  from space 17408K, 52% used [0x0000000760e00000,0x00000007616dc7e8,0x0000000761f00000)
  to   space 21504K, 0% used [0x000000075f500000,0x000000075f500000,0x0000000760a00000)
 ParOldGen       total 212992K, used 26641K [0x0000000680000000, 0x000000068d000000, 0x0000000755580000)
  object space 212992K, 12% used [0x0000000680000000,0x0000000681a04750,0x000000068d000000)
 Metaspace       used 49561K, capacity 52827K, committed 52992K, reserved 1095680K
  class space    used 6225K, capacity 6792K, committed 6912K, reserved 1048576K
Event: 26767.837 GC heap after
Heap after GC invocations=19 (full 2):
 PSYoungGen      total 168960K, used 8975K [0x0000000755580000, 0x0000000761980000, 0x00000007c0000000)
  eden space 159744K, 0% used [0x0000000755580000,0x0000000755580000,0x000000075f180000)
  from space 9216K, 97% used [0x000000075f500000,0x000000075fdc3cf8,0x000000075fe00000)
  to   space 20480K, 0% used [0x0000000760580000,0x0000000760580000,0x0000000761980000)
 ParOldGen       total 212992K, used 26641K [0x0000000680000000, 0x000000068d000000, 0x0000000755580000)
  object space 212992K, 12% used [0x0000000680000000,0x0000000681a04750,0x000000068d000000)
 Metaspace       used 49561K, capacity 52827K, committed 52992K, reserved 1095680K
  class space    used 6225K, capacity 6792K, committed 6912K, reserved 1048576K
}

Deoptimization events (0 events):
No events

Internal exceptions (10 events):
Event: 26080.601 Thread 0x0000000020444000 Exception <a 'sun/net/ConnectionResetException': > (0x000000075d51ba40) thrown at [C:\re\workspace\8-2-build-windows-amd64-cygwin\jdk8u144\9417\hotspot\src\share\vm\prims\jni.cpp, line 735]
Event: 26080.601 Thread 0x0000000020444000 Exception <a 'java/net/SocketException': Software caused connection abort: recv failed> (0x000000075d51bcd0) thrown at [C:\re\workspace\8-2-build-windows-amd64-cygwin\jdk8u144\9417\hotspot\src\share\vm\prims\jni.cpp, line 735]
Event: 26081.018 Thread 0x0000000020444000 Exception <a 'sun/net/ConnectionResetException': > (0x000000075d521400) thrown at [C:\re\workspace\8-2-build-windows-amd64-cygwin\jdk8u144\9417\hotspot\src\share\vm\prims\jni.cpp, line 735]
Event: 26081.018 Thread 0x0000000020444000 Exception <a 'java/net/SocketException': Software caused connection abort: recv failed> (0x000000075d521690) thrown at [C:\re\workspace\8-2-build-windows-amd64-cygwin\jdk8u144\9417\hotspot\src\share\vm\prims\jni.cpp, line 735]
Event: 26081.835 Thread 0x0000000020444000 Exception <a 'sun/net/ConnectionResetException': > (0x000000075d526db8) thrown at [C:\re\workspace\8-2-build-windows-amd64-cygwin\jdk8u144\9417\hotspot\src\share\vm\prims\jni.cpp, line 735]
Event: 26081.835 Thread 0x0000000020444000 Exception <a 'java/net/SocketException': Software caused connection abort: recv failed> (0x000000075d527048) thrown at [C:\re\workspace\8-2-build-windows-amd64-cygwin\jdk8u144\9417\hotspot\src\share\vm\prims\jni.cpp, line 735]
Event: 26082.850 Thread 0x0000000020444000 Exception <a 'sun/net/ConnectionResetException': > (0x000000075d52c748) thrown at [C:\re\workspace\8-2-build-windows-amd64-cygwin\jdk8u144\9417\hotspot\src\share\vm\prims\jni.cpp, line 735]
Event: 26082.850 Thread 0x0000000020444000 Exception <a 'java/net/SocketException': Software caused connection abort: recv failed> (0x000000075d52c9d8) thrown at [C:\re\workspace\8-2-build-windows-amd64-cygwin\jdk8u144\9417\hotspot\src\share\vm\prims\jni.cpp, line 735]
Event: 26083.870 Thread 0x0000000020444000 Exception <a 'sun/net/ConnectionResetException': > (0x000000075d532108) thrown at [C:\re\workspace\8-2-build-windows-amd64-cygwin\jdk8u144\9417\hotspot\src\share\vm\prims\jni.cpp, line 735]
Event: 26083.870 Thread 0x0000000020444000 Exception <a 'java/net/SocketException': Software caused connection abort: recv failed> (0x000000075d532398) thrown at [C:\re\workspace\8-2-build-windows-amd64-cygwin\jdk8u144\9417\hotspot\src\share\vm\prims\jni.cpp, line 735]

Events (10 events):
Event: 27888.319 Executing VM operation: RevokeBias done
Event: 27888.319 Thread 0x0000000020444000 Thread exited: 0x0000000020444000
Event: 27891.164 Thread 0x0000000020445800 Thread added: 0x0000000020445800
Event: 27891.164 Executing VM operation: RevokeBias
Event: 27891.164 Executing VM operation: RevokeBias done
Event: 27894.286 Executing VM operation: RevokeBias
Event: 27894.287 Executing VM operation: RevokeBias done
Event: 27899.299 Executing VM operation: RevokeBias
Event: 27899.299 Executing VM operation: RevokeBias done
Event: 27899.299 Thread 0x0000000020445800 Thread exited: 0x0000000020445800


Dynamic libraries:
0x00007ff6f9da0000 - 0x00007ff6f9dd7000 	C:\Program Files\Java\jre1.8.0_144\bin\javaw.exe
0x00007ffbd0b70000 - 0x00007ffbd0d65000 	C:\WINDOWS\SYSTEM32\ntdll.dll
0x00007ffbceec0000 - 0x00007ffbcef7e000 	C:\WINDOWS\System32\KERNEL32.DLL
0x00007ffbce730000 - 0x00007ffbce9f9000 	C:\WINDOWS\System32\KERNELBASE.dll
0x00007ffbcf110000 - 0x00007ffbcf1bc000 	C:\WINDOWS\System32\ADVAPI32.dll
0x00007ffbcfc20000 - 0x00007ffbcfcbe000 	C:\WINDOWS\System32\msvcrt.dll
0x00007ffbcf670000 - 0x00007ffbcf70b000 	C:\WINDOWS\System32\sechost.dll
0x00007ffbcefe0000 - 0x00007ffbcf10a000 	C:\WINDOWS\System32\RPCRT4.dll
0x00007ffbd0980000 - 0x00007ffbd0b21000 	C:\WINDOWS\System32\USER32.dll
0x00007ffbce6a0000 - 0x00007ffbce6c2000 	C:\WINDOWS\System32\win32u.dll
0x00007ffbd01b0000 - 0x00007ffbd01db000 	C:\WINDOWS\System32\GDI32.dll
0x00007ffbceab0000 - 0x00007ffbcebbb000 	C:\WINDOWS\System32\gdi32full.dll
0x00007ffbce390000 - 0x00007ffbce42d000 	C:\WINDOWS\System32\msvcp_win.dll
0x00007ffbce290000 - 0x00007ffbce390000 	C:\WINDOWS\System32\ucrtbase.dll
0x00007ffbc3b00000 - 0x00007ffbc3d9a000 	C:\WINDOWS\WinSxS\amd64_microsoft.windows.common-controls_6595b64144ccf1df_6.0.19041.1110_none_60b5254171f9507e\COMCTL32.dll
0x00007ffbcfcc0000 - 0x00007ffbcfcf0000 	C:\WINDOWS\System32\IMM32.DLL
0x000000005f4b0000 - 0x000000005f582000 	C:\Program Files\Java\jre1.8.0_144\bin\msvcr100.dll
0x000000005f780000 - 0x000000006001d000 	C:\Program Files\Java\jre1.8.0_144\bin\server\jvm.dll
0x00007ffbcf710000 - 0x00007ffbcf718000 	C:\WINDOWS\System32\PSAPI.DLL
0x00007ffbbcf60000 - 0x00007ffbbcf69000 	C:\WINDOWS\SYSTEM32\WSOCK32.dll
0x00007ffbcfff0000 - 0x00007ffbd005b000 	C:\WINDOWS\System32\WS2_32.dll
0x00007ffbbfb90000 - 0x00007ffbbfbb7000 	C:\WINDOWS\SYSTEM32\WINMM.dll
0x00007ffbc8de0000 - 0x00007ffbc8dea000 	C:\WINDOWS\SYSTEM32\VERSION.dll
0x0000000060a10000 - 0x0000000060a1f000 	C:\Program Files\Java\jre1.8.0_144\bin\verify.dll
0x000000005f670000 - 0x000000005f699000 	C:\Program Files\Java\jre1.8.0_144\bin\java.dll
0x000000005f470000 - 0x000000005f4a5000 	C:\Program Files\Java\jre1.8.0_144\bin\jdwp.dll
0x000000005f460000 - 0x000000005f468000 	C:\Program Files\Java\jre1.8.0_144\bin\npt.dll
0x000000005f620000 - 0x000000005f636000 	C:\Program Files\Java\jre1.8.0_144\bin\zip.dll
0x00007ffbd0240000 - 0x00007ffbd097f000 	C:\WINDOWS\System32\SHELL32.dll
0x00007ffbcc3b0000 - 0x00007ffbccb40000 	C:\WINDOWS\SYSTEM32\windows.storage.dll
0x00007ffbcf230000 - 0x00007ffbcf585000 	C:\WINDOWS\System32\combase.dll
0x00007ffbcdc10000 - 0x00007ffbcdc3c000 	C:\WINDOWS\SYSTEM32\Wldp.dll
0x00007ffbcfee0000 - 0x00007ffbcff8d000 	C:\WINDOWS\System32\SHCORE.dll
0x00007ffbcf1c0000 - 0x00007ffbcf215000 	C:\WINDOWS\System32\shlwapi.dll
0x00007ffbce1d0000 - 0x00007ffbce1ef000 	C:\WINDOWS\SYSTEM32\profapi.dll
0x000000005f450000 - 0x000000005f459000 	C:\Program Files\Java\jre1.8.0_144\bin\dt_socket.dll
0x00007ffbbded0000 - 0x00007ffbbdee7000 	C:\WINDOWS\system32\napinsp.dll
0x00007ffbbde50000 - 0x00007ffbbde6b000 	C:\WINDOWS\system32\pnrpnsp.dll
0x00007ffbbdde0000 - 0x00007ffbbddf5000 	C:\WINDOWS\system32\wshbth.dll
0x00007ffbc9cd0000 - 0x00007ffbc9ced000 	C:\WINDOWS\system32\NLAapi.dll
0x00007ffbcd660000 - 0x00007ffbcd69b000 	C:\WINDOWS\SYSTEM32\IPHLPAPI.DLL
0x00007ffbcd970000 - 0x00007ffbcd9da000 	C:\WINDOWS\System32\mswsock.dll
0x00007ffbcd6a0000 - 0x00007ffbcd76c000 	C:\WINDOWS\SYSTEM32\DNSAPI.dll
0x00007ffbcf220000 - 0x00007ffbcf228000 	C:\WINDOWS\System32\NSI.dll
0x00007ffbbdd60000 - 0x00007ffbbdd72000 	C:\WINDOWS\System32\winrnr.dll
0x00007ffbc5680000 - 0x00007ffbc56ff000 	C:\WINDOWS\System32\fwpuclnt.dll
0x00007ffbce670000 - 0x00007ffbce697000 	C:\WINDOWS\System32\bcrypt.dll
0x00007ffbc3da0000 - 0x00007ffbc3daa000 	C:\Windows\System32\rasadhlp.dll
0x000000005f440000 - 0x000000005f44d000 	C:\Program Files\Java\jre1.8.0_144\bin\management.dll
0x000000005f600000 - 0x000000005f61a000 	C:\Program Files\Java\jre1.8.0_144\bin\net.dll
0x000000005f5e0000 - 0x000000005f5f1000 	C:\Program Files\Java\jre1.8.0_144\bin\nio.dll
0x00007ffbcdb60000 - 0x00007ffbcdb78000 	C:\WINDOWS\SYSTEM32\CRYPTSP.dll
0x00007ffbcd2f0000 - 0x00007ffbcd324000 	C:\WINDOWS\system32\rsaenh.dll
0x00007ffbce140000 - 0x00007ffbce16e000 	C:\WINDOWS\SYSTEM32\USERENV.dll
0x00007ffbce590000 - 0x00007ffbce613000 	C:\WINDOWS\System32\bcryptprimitives.dll
0x00007ffbcdb80000 - 0x00007ffbcdb8c000 	C:\WINDOWS\SYSTEM32\CRYPTBASE.dll
0x00007ffbc8750000 - 0x00007ffbc8767000 	C:\WINDOWS\SYSTEM32\dhcpcsvc6.DLL
0x00007ffbc8730000 - 0x00007ffbc874d000 	C:\WINDOWS\SYSTEM32\dhcpcsvc.DLL
0x00007ffbc06d0000 - 0x00007ffbc08b4000 	C:\WINDOWS\SYSTEM32\dbghelp.dll

VM Arguments:
jvm_args: -Djava.net.preferIPv4Stack=true -agentlib:jdwp=transport=dt_socket,suspend=y,address=localhost:53652 -Dcom.sun.management.jmxremote -Dcom.sun.management.jmxremote.port=53651 -Dcom.sun.management.jmxremote.authenticate=false -Dcom.sun.management.jmxremote.ssl=false -Djava.rmi.server.hostname=localhost -Dspring.jmx.enabled=true -Dspring.liveBeansView.mbeanDomain -Xverify:none -XX:TieredStopAtLevel=1 -Dfile.encoding=UTF-8 
java_command: com.kps.StatisticApplication
java_class_path (initial): D:\StatsExtract\statistic\target\classes;C:\Users\jsh\.m2\repository\org\springframework\boot\spring-boot-starter-web\2.5.4\spring-boot-starter-web-2.5.4.jar;C:\Users\jsh\.m2\repository\org\springframework\boot\spring-boot-starter\2.5.4\spring-boot-starter-2.5.4.jar;C:\Users\jsh\.m2\repository\org\springframework\boot\spring-boot-starter-logging\2.5.4\spring-boot-starter-logging-2.5.4.jar;C:\Users\jsh\.m2\repository\ch\qos\logback\logback-classic\1.2.5\logback-classic-1.2.5.jar;C:\Users\jsh\.m2\repository\ch\qos\logback\logback-core\1.2.5\logback-core-1.2.5.jar;C:\Users\jsh\.m2\repository\org\apache\logging\log4j\log4j-to-slf4j\2.14.1\log4j-to-slf4j-2.14.1.jar;C:\Users\jsh\.m2\repository\org\apache\logging\log4j\log4j-api\2.14.1\log4j-api-2.14.1.jar;C:\Users\jsh\.m2\repository\org\slf4j\jul-to-slf4j\1.7.32\jul-to-slf4j-1.7.32.jar;C:\Users\jsh\.m2\repository\jakarta\annotation\jakarta.annotation-api\1.3.5\jakarta.annotation-api-1.3.5.jar;C:\Users\jsh\.m2\repository\org\yaml\snakeyaml\1.28\snakeyaml-1.28.jar;C:\Users\jsh\.m2\repository\org\springframework\boot\spring-boot-starter-json\2.5.4\spring-boot-starter-json-2.5.4.jar;C:\Users\jsh\.m2\repository\com\fasterxml\jackson\core\jackson-databind\2.12.4\jackson-databind-2.12.4.jar;C:\Users\jsh\.m2\repository\com\fasterxml\jackson\core\jackson-annotations\2.12.4\jackson-annotations-2.12.4.jar;C:\Users\jsh\.m2\repository\com\fasterxml\jackson\core\jackson-core\2.12.4\jackson-core-2.12.4.jar;C:\Users\jsh\.m2\repository\com\fasterxml\jackson\datatype\jackson-datatype-jdk8\2.12.4\jackson-datatype-jdk8-2.12.4.jar;C:\Users\jsh\.m2\repository\com\fasterxml\jackson\datatype\jackson-datatype-jsr310\2.12.4\jackson-datatype-jsr310-2.12.4.jar;C:\Users\jsh\.m2\repository\com\fasterxml\jackson\module\jackson-module-parameter-names\2.12.4\jackson-module-parameter-names-2.12.4.jar;C:\Users\jsh\.m2\repository\org\springframework\boot\spring-boot-starter-tomcat\2.5.4\spring-boot-starter-tomcat-2.5.4.jar;C:\Us
Launcher Type: SUN_STANDARD

Environment Variables:
JAVA_TOOL_OPTIONS=-Djava.net.preferIPv4Stack=true
CLASSPATH=.;
PATH=C:/Program Files/Java/jre1.8.0_144/bin/server;C:/Program Files/Java/jre1.8.0_144/bin;C:/Program Files/Java/jre1.8.0_144/lib/amd64;C:\ProgramData\Oracle\Java\javapath;C:\WINDOWS\system32;C:\WINDOWS;C:\WINDOWS\System32\Wbem;C:\WINDOWS\System32\WindowsPowerShell\v1.0\;C:\WINDOWS\System32\OpenSSH\;C:\Program Files\Java\jdk1.8.0_144\bin;C:\Program Files (x86)\Microsoft SQL Server\150\DTS\Binn\;C:\Program Files\nodejs\;C:\Program Files\Git\cmd;C:\Program Files\MySQL\MySQL Server 8.0\bin;C:\Program Files\Microsoft SQL Server\130\Tools\Binn\;C:\Program Files (x86)\Microsoft SQL Server\110\DTS\Binn\;C:\Program Files (x86)\Microsoft SQL Server\120\DTS\Binn\;C:\Program Files (x86)\Microsoft SQL Server\130\DTS\Binn\;C:\Program Files (x86)\Microsoft SQL Server\140\DTS\Binn\;C:\Program Files\MySQL\MySQL Shell 8.0\bin\;C:\Users\jsh\AppData\Local\Microsoft\WindowsApps;C:\Users\jsh\AppData\Roaming\npm;C:\Users\jsh\AppData\Local\Programs\Microsoft VS Code\bin;;C:\eclipse-86_64\eclipse;
USERNAME=jsh
OS=Windows_NT
PROCESSOR_IDENTIFIER=Intel64 Family 6 Model 158 Stepping 13, GenuineIntel



---------------  S Y S T E M  ---------------

OS: Windows 10.0 , 64 bit Build 19041 (10.0.19041.1202)

CPU:total 4 (initial active 4) (4 cores per cpu, 1 threads per core) family 6 model 158 stepping 13, cmov, cx8, fxsr, mmx, sse, sse2, sse3, ssse3, sse4.1, sse4.2, popcnt, avx, avx2, aes, clmul, 3dnowpref, lzcnt, tsc, tscinvbit

Memory: 4k page, physical 20971060k(14396136k free), swap 24116788k(16424168k free)

vm_info: Java HotSpot(TM) 64-Bit Server VM (25.144-b01) for windows-amd64 JRE (1.8.0_144-b01), built on Jul 21 2017 21:57:33 by "java_re" with MS VC++ 10.0 (VS2010)

time: Thu Nov 25 14:20:49 2021
elapsed time: 27904 seconds (0d 7h 45m 4s)

