#
# A fatal error has been detected by the Java Runtime Environment:
#
#  EXCEPTION_ACCESS_VIOLATION (0xc0000005) at pc=0x00007ffe7b213416, pid=8668, tid=0x0000000000002e88
#
# JRE version: Java(TM) SE Runtime Environment (8.0_144-b01) (build 1.8.0_144-b01)
# Java VM: Java HotSpot(TM) 64-Bit Server VM (25.144-b01 mixed mode windows-amd64 compressed oops)
# Problematic frame:
# C  [ntdll.dll+0x63416]
#
# Failed to write core dump. Minidumps are not enabled by default on client versions of Windows
#
# If you would like to submit a bug report, please visit:
#   http://bugreport.java.com/bugreport/crash.jsp
# The crash happened outside the Java Virtual Machine in native code.
# See problematic frame for where to report the bug.
#

---------------  T H R E A D  ---------------

Current thread (0x0000000023082800):  JavaThread "HikariPool-1 connection adder" daemon [_thread_in_native, id=11912, stack(0x0000000000c60000,0x0000000000d60000)]

siginfo: ExceptionCode=0xc0000005, writing address 0x0000000000000024

Registers:
RAX=0x0000000000000000, RBX=0x00000000009b6100, RCX=0x00000000009b6100, RDX=0x00000000fffffffa
RSP=0x0000000000d5da50, RBP=0x0000000000000900, RSI=0x0000000000000000, RDI=0x0000000000000000
R8 =0x0000000000000000, R9 =0x00000000009b6100, R10=0x000000000000001f, R11=0x000000000098f538
R12=0x0000000000000000, R13=0x00000000006d8000, R14=0x0000000000000001, R15=0x0000000000000000
RIP=0x00007ffe7b213416, EFLAGS=0x0000000000010213

Top of Stack: (sp=0x0000000000d5da50)
0x0000000000d5da50:   ffffffffffffffff 00000000009b6100
0x0000000000d5da60:   000000002323fbd8 000000002323fc98
0x0000000000d5da70:   00000000000000d8 0000000000d5f378
0x0000000000d5da80:   0000000000d5e240 0000000002b183fd
0x0000000000d5da90:   0000000002b15600 00000000fffffffa
0x0000000000d5daa0:   00000000006d8000 0000000000d5e260
0x0000000000d5dab0:   0000000000d5e240 0000000002b183fd
0x0000000000d5dac0:   0000000002b156d0 0000000000000000
0x0000000000d5dad0:   0000000000d5e2c0 0000000000d5e260
0x0000000000d5dae0:   0000f5e7c3fd0ac7 7463656e6e6f432f
0x0000000000d5daf0:   0000000000000000 0000000000000001
0x0000000000d5db00:   0000000000000001 0000000000000001
0x0000000000d5db10:   0000000000000000 00000000009b6100
0x0000000000d5db20:   0000000000000900 00007ffe7b1dfcb4
0x0000000000d5db30:   000000002323fbc8 0000000053d3933c
0x0000000000d5db40:   00000000fffffffa 00007ffe00000004 

Instructions: (pc=0x00007ffe7b213416)
0x00007ffe7b2133f6:   48 39 73 18 0f 84 d2 00 00 00 48 8b 03 48 83 f8
0x00007ffe7b213406:   ff 0f 84 d2 00 00 00 44 8b fe 48 83 f8 ff 74 03
0x00007ffe7b213416:   ff 40 24 4c 8b 73 18 4c 8d 2d d4 10 10 00 bd 22
0x00007ffe7b213426:   17 00 00 e8 22 14 fc ff 85 c0 0f 85 be b2 05 00 


Register to memory mapping:

RAX=0x0000000000000000 is an unknown value
RBX=0x00000000009b6100 is an unknown value
RCX=0x00000000009b6100 is an unknown value
RDX=0x00000000fffffffa is an unknown value
RSP=0x0000000000d5da50 is pointing into the stack for thread: 0x0000000023082800
RBP=0x0000000000000900 is an unknown value
RSI=0x0000000000000000 is an unknown value
RDI=0x0000000000000000 is an unknown value
R8 =0x0000000000000000 is an unknown value
R9 =0x00000000009b6100 is an unknown value
R10=0x000000000000001f is an unknown value
R11=0x000000000098f538 is an unknown value
R12=0x0000000000000000 is an unknown value
R13=0x00000000006d8000 is an unknown value
R14=0x0000000000000001 is an unknown value
R15=0x0000000000000000 is an unknown value


Stack: [0x0000000000c60000,0x0000000000d60000],  sp=0x0000000000d5da50,  free space=1014k
Native frames: (J=compiled Java code, j=interpreted, Vv=VM code, C=native code)
C  [ntdll.dll+0x63416]
C  [ntdll.dll+0x2fcb4]
C  [ntdll.dll+0x2fae2]
C  [mswsock.dll+0x3610]
C  [WS2_32.dll+0x11c67]
C  [net.dll+0xdfc1]
C  [net.dll+0xca4b]
C  0x0000000002b3100c

Java frames: (J=compiled Java code, j=interpreted, Vv=VM code)
j  java.net.TwoStacksPlainSocketImpl.socketClose0(Z)V+0
j  java.net.AbstractPlainSocketImpl.socketClose()V+2
j  java.net.TwoStacksPlainSocketImpl.close()V+54
j  java.net.AbstractPlainSocketImpl.doConnect(Ljava/net/InetAddress;II)V+149
j  java.net.AbstractPlainSocketImpl.connectToAddress(Ljava/net/InetAddress;II)V+23
j  java.net.AbstractPlainSocketImpl.connect(Ljava/net/SocketAddress;I)V+78
j  java.net.PlainSocketImpl.connect(Ljava/net/SocketAddress;I)V+6
j  java.net.SocksSocketImpl.connect(Ljava/net/SocketAddress;I)V+381
j  java.net.Socket.connect(Ljava/net/SocketAddress;I)V+179
j  com.microsoft.sqlserver.jdbc.SocketFinder.getConnectedSocket(Ljava/net/InetSocketAddress;I)Ljava/net/Socket;+62
j  com.microsoft.sqlserver.jdbc.SocketFinder.getDefaultSocket(Ljava/lang/String;II)Ljava/net/Socket;+93
j  com.microsoft.sqlserver.jdbc.SocketFinder.findSocket(Ljava/lang/String;IIZZZI)Ljava/net/Socket;+44
j  com.microsoft.sqlserver.jdbc.TDSChannel.open(Ljava/lang/String;IIZZZI)Ljava/net/InetSocketAddress;+72
j  com.microsoft.sqlserver.jdbc.SQLServerConnection.connectHelper(Lcom/microsoft/sqlserver/jdbc/ServerPortPlaceHolder;IIZZZI)Ljava/net/InetSocketAddress;+157
j  com.microsoft.sqlserver.jdbc.SQLServerConnection.login(Ljava/lang/String;Ljava/lang/String;ILjava/lang/String;Lcom/microsoft/sqlserver/jdbc/FailoverInfo;IJ)V+552
j  com.microsoft.sqlserver.jdbc.SQLServerConnection.connectInternal(Ljava/util/Properties;Lcom/microsoft/sqlserver/jdbc/SQLServerPooledConnection;)Ljava/sql/Connection;+5806
j  com.microsoft.sqlserver.jdbc.SQLServerConnection.connect(Ljava/util/Properties;Lcom/microsoft/sqlserver/jdbc/SQLServerPooledConnection;)Ljava/sql/Connection;+13
j  com.microsoft.sqlserver.jdbc.SQLServerDriver.connect(Ljava/lang/String;Ljava/util/Properties;)Ljava/sql/Connection;+66
j  net.sf.log4jdbc.sql.jdbcapi.DriverSpy.connect(Ljava/lang/String;Ljava/util/Properties;)Ljava/sql/Connection;+31
j  com.zaxxer.hikari.util.DriverDataSource.getConnection(Ljava/lang/String;Ljava/lang/String;)Ljava/sql/Connection;+61
j  com.zaxxer.hikari.pool.PoolBase.newConnection()Ljava/sql/Connection;+49
j  com.zaxxer.hikari.pool.PoolBase.newPoolEntry()Lcom/zaxxer/hikari/pool/PoolEntry;+5
j  com.zaxxer.hikari.pool.HikariPool.createPoolEntry()Lcom/zaxxer/hikari/pool/PoolEntry;+1
j  com.zaxxer.hikari.pool.HikariPool.access$100(Lcom/zaxxer/hikari/pool/HikariPool;)Lcom/zaxxer/hikari/pool/PoolEntry;+1
j  com.zaxxer.hikari.pool.HikariPool$PoolEntryCreator.call()Ljava/lang/Boolean;+25
j  com.zaxxer.hikari.pool.HikariPool$PoolEntryCreator.call()Ljava/lang/Object;+1
j  java.util.concurrent.FutureTask.run()V+42
j  java.util.concurrent.ThreadPoolExecutor.runWorker(Ljava/util/concurrent/ThreadPoolExecutor$Worker;)V+95
j  java.util.concurrent.ThreadPoolExecutor$Worker.run()V+5
j  java.lang.Thread.run()V+11
v  ~StubRoutines::call_stub

---------------  P R O C E S S  ---------------

Java Threads: ( => current thread )
  0x0000000023089000 JavaThread "HikariPool-1 connection closer" daemon [_thread_blocked, id=7684, stack(0x0000000000b20000,0x0000000000c20000)]
=>0x0000000023082800 JavaThread "HikariPool-1 connection adder" daemon [_thread_in_native, id=11912, stack(0x0000000000c60000,0x0000000000d60000)]
  0x0000000023081800 JavaThread "http-nio-8080-exec-10" daemon [_thread_blocked, id=7736, stack(0x0000000026e60000,0x0000000026f60000)]
  0x0000000023088800 JavaThread "http-nio-8080-exec-9" daemon [_thread_blocked, id=8456, stack(0x0000000026d60000,0x0000000026e60000)]
  0x0000000023081000 JavaThread "http-nio-8080-exec-8" daemon [_thread_blocked, id=4292, stack(0x0000000026c60000,0x0000000026d60000)]
  0x0000000023087800 JavaThread "http-nio-8080-exec-7" daemon [_thread_blocked, id=1688, stack(0x0000000026b60000,0x0000000026c60000)]
  0x0000000023080000 JavaThread "http-nio-8080-exec-6" daemon [_thread_blocked, id=6268, stack(0x0000000026a60000,0x0000000026b60000)]
  0x0000000023087000 JavaThread "http-nio-8080-exec-5" daemon [_thread_blocked, id=5968, stack(0x0000000023d90000,0x0000000023e90000)]
  0x000000002307f800 JavaThread "http-nio-8080-exec-4" daemon [_thread_blocked, id=9180, stack(0x0000000026760000,0x0000000026860000)]
  0x0000000023084800 JavaThread "http-nio-8080-exec-3" daemon [_thread_blocked, id=1352, stack(0x0000000026660000,0x0000000026760000)]
  0x0000000023086000 JavaThread "http-nio-8080-exec-2" daemon [_thread_blocked, id=6040, stack(0x0000000021bc0000,0x0000000021cc0000)]
  0x0000000023084000 JavaThread "http-nio-8080-exec-1" daemon [_thread_blocked, id=4044, stack(0x0000000021ac0000,0x0000000021bc0000)]
  0x0000000023085800 JavaThread "DestroyJavaVM" [_thread_blocked, id=7100, stack(0x00000000028e0000,0x00000000029e0000)]
  0x0000000022da4000 JavaThread "http-nio-8080-Acceptor" daemon [_thread_in_native, id=8700, stack(0x0000000024f90000,0x0000000025090000)]
  0x0000000022da7000 JavaThread "http-nio-8080-Poller" daemon [_thread_in_native, id=7392, stack(0x0000000024e90000,0x0000000024f90000)]
  0x0000000022da5000 JavaThread "Live Reload Server" daemon [_thread_in_native, id=4056, stack(0x0000000024d90000,0x0000000024e90000)]
  0x0000000022da5800 JavaThread "File Watcher" daemon [_thread_blocked, id=2596, stack(0x0000000024c90000,0x0000000024d90000)]
  0x0000000022da6800 JavaThread "container-0" [_thread_blocked, id=8600, stack(0x0000000024590000,0x0000000024690000)]
  0x0000000022dbe000 JavaThread "Catalina-utility-2" [_thread_blocked, id=5292, stack(0x0000000024490000,0x0000000024590000)]
  0x0000000022dbd800 JavaThread "Catalina-utility-1" [_thread_blocked, id=4152, stack(0x0000000024290000,0x0000000024390000)]
  0x000000002291d800 JavaThread "HikariPool-1 housekeeper" daemon [_thread_blocked, id=7844, stack(0x0000000023c90000,0x0000000023d90000)]
  0x0000000020b98000 JavaThread "RMI TCP Accept-0" daemon [_thread_in_native, id=1652, stack(0x00000000213e0000,0x00000000214e0000)]
  0x0000000020b8e800 JavaThread "RMI TCP Accept-53808" daemon [_thread_in_native, id=5132, stack(0x00000000212e0000,0x00000000213e0000)]
  0x0000000020b76800 JavaThread "RMI TCP Accept-0" daemon [_thread_in_native, id=3176, stack(0x00000000211e0000,0x00000000212e0000)]
  0x000000001e7fe800 JavaThread "Service Thread" daemon [_thread_blocked, id=616, stack(0x00000000208c0000,0x00000000209c0000)]
  0x000000001e7e9000 JavaThread "C1 CompilerThread2" daemon [_thread_blocked, id=4956, stack(0x00000000207c0000,0x00000000208c0000)]
  0x000000001e7e8000 JavaThread "C2 CompilerThread1" daemon [_thread_blocked, id=8436, stack(0x00000000206c0000,0x00000000207c0000)]
  0x000000001e7e6000 JavaThread "C2 CompilerThread0" daemon [_thread_blocked, id=8316, stack(0x00000000205c0000,0x00000000206c0000)]
  0x000000001e7d5800 JavaThread "JDWP Command Reader" daemon [_thread_in_native, id=1624, stack(0x00000000204c0000,0x00000000205c0000)]
  0x000000001e7d4000 JavaThread "JDWP Event Helper Thread" daemon [_thread_blocked, id=2232, stack(0x00000000203c0000,0x00000000204c0000)]
  0x000000001e7c5000 JavaThread "JDWP Transport Listener: dt_socket" daemon [_thread_blocked, id=8360, stack(0x00000000202c0000,0x00000000203c0000)]
  0x000000001e7bd000 JavaThread "Attach Listener" daemon [_thread_blocked, id=6408, stack(0x00000000200a0000,0x00000000201a0000)]
  0x000000001fbe3800 JavaThread "Signal Dispatcher" daemon [_thread_blocked, id=5032, stack(0x000000001ffa0000,0x00000000200a0000)]
  0x000000001e78a000 JavaThread "Finalizer" daemon [_thread_blocked, id=1696, stack(0x000000001fa00000,0x000000001fb00000)]
  0x000000001e769000 JavaThread "Reference Handler" daemon [_thread_blocked, id=2956, stack(0x000000001f900000,0x000000001fa00000)]

Other Threads:
  0x000000001e767800 VMThread [stack: 0x000000001f800000,0x000000001f900000] [id=6336]
  0x0000000020bf1800 WatcherThread [stack: 0x00000000214e0000,0x00000000215e0000] [id=3608]

VM state:not at safepoint (normal execution)

VM Mutex/Monitor currently owned by a thread: None

Heap:
 PSYoungGen      total 179712K, used 42824K [0x0000000755580000, 0x0000000761b80000, 0x00000007c0000000)
  eden space 165376K, 17% used [0x0000000755580000,0x00000007571bc138,0x000000075f700000)
  from space 14336K, 97% used [0x0000000760d80000,0x0000000761b16040,0x0000000761b80000)
  to   space 16384K, 0% used [0x000000075fb80000,0x000000075fb80000,0x0000000760b80000)
 ParOldGen       total 203776K, used 19174K [0x0000000680000000, 0x000000068c700000, 0x0000000755580000)
  object space 203776K, 9% used [0x0000000680000000,0x00000006812b9858,0x000000068c700000)
 Metaspace       used 48885K, capacity 51874K, committed 52096K, reserved 1095680K
  class space    used 6150K, capacity 6657K, committed 6784K, reserved 1048576K

Card table byte_map: [0x0000000011ed0000,0x00000000128e0000] byte_map_base: 0x000000000ead0000

Marking Bits: (ParMarkBitMap*) 0x00000000543bd850
 Begin Bits: [0x0000000013390000, 0x0000000018390000)
 End Bits:   [0x0000000018390000, 0x000000001d390000)

Polling page: 0x0000000002560000

CodeCache: size=245760Kb used=10015Kb max_used=10015Kb free=235744Kb
 bounds [0x0000000002b10000, 0x00000000034e0000, 0x0000000011b10000]
 total_blobs=5341 nmethods=4813 adapters=447
 compilation: enabled

Compilation events (10 events):
Event: 1742.522 Thread 0x000000001e7e9000 4881       1       com.zaxxer.hikari.HikariConfig::getMaximumPoolSize (5 bytes)
Event: 1742.522 Thread 0x000000001e7e9000 nmethod 4881 0x00000000034d9c90 code [0x00000000034d9de0, 0x00000000034d9ef0]
Event: 1742.522 Thread 0x000000001e7e9000 4882       1       com.zaxxer.hikari.HikariConfig::getMinimumIdle (5 bytes)
Event: 1742.522 Thread 0x000000001e7e9000 nmethod 4882 0x00000000034d9f50 code [0x00000000034da0a0, 0x00000000034da1b0]
Event: 1743.836 Thread 0x000000001e7e9000 4883   !   1       org.apache.catalina.core.StandardContext::getManager (38 bytes)
Event: 1743.837 Thread 0x000000001e7e9000 nmethod 4883 0x00000000034da210 code [0x00000000034da3c0, 0x00000000034da6f8]
Event: 1767.499 Thread 0x000000001e7e9000 4884  s    1       java.util.Properties::setProperty (7 bytes)
Event: 1767.499 Thread 0x000000001e7e9000 nmethod 4884 0x00000000034daa50 code [0x00000000034dabc0, 0x00000000034dae88]
Event: 1767.499 Thread 0x000000001e7e9000 4885       1       com.microsoft.sqlserver.jdbc.SQLServerDriverStringProperty::getDefaultValue (5 bytes)
Event: 1767.499 Thread 0x000000001e7e9000 nmethod 4885 0x00000000034daf50 code [0x00000000034db0a0, 0x00000000034db1b0]

GC Heap History (10 events):
Event: 1.928 GC heap before
{Heap before GC invocations=4 (full 1):
 PSYoungGen      total 95744K, used 82432K [0x0000000755580000, 0x0000000761080000, 0x00000007c0000000)
  eden space 82432K, 100% used [0x0000000755580000,0x000000075a600000,0x000000075a600000)
  from space 13312K, 0% used [0x000000075b300000,0x000000075b300000,0x000000075c000000)
  to   space 13312K, 0% used [0x000000075a600000,0x000000075a600000,0x000000075b300000)
 ParOldGen       total 124416K, used 7192K [0x0000000680000000, 0x0000000687980000, 0x0000000755580000)
  object space 124416K, 5% used [0x0000000680000000,0x0000000680706148,0x0000000687980000)
 Metaspace       used 27008K, capacity 28420K, committed 28800K, reserved 1075200K
  class space    used 3566K, capacity 3864K, committed 3968K, reserved 1048576K
Event: 1.933 GC heap after
Heap after GC invocations=4 (full 1):
 PSYoungGen      total 95744K, used 10852K [0x0000000755580000, 0x000000075eb00000, 0x00000007c0000000)
  eden space 82432K, 0% used [0x0000000755580000,0x0000000755580000,0x000000075a600000)
  from space 13312K, 81% used [0x000000075a600000,0x000000075b099030,0x000000075b300000)
  to   space 13312K, 0% used [0x000000075de00000,0x000000075de00000,0x000000075eb00000)
 ParOldGen       total 124416K, used 7200K [0x0000000680000000, 0x0000000687980000, 0x0000000755580000)
  object space 124416K, 5% used [0x0000000680000000,0x0000000680708148,0x0000000687980000)
 Metaspace       used 27008K, capacity 28420K, committed 28800K, reserved 1075200K
  class space    used 3566K, capacity 3864K, committed 3968K, reserved 1048576K
}
Event: 2.526 GC heap before
{Heap before GC invocations=5 (full 1):
 PSYoungGen      total 95744K, used 92735K [0x0000000755580000, 0x000000075eb00000, 0x00000007c0000000)
  eden space 82432K, 99% used [0x0000000755580000,0x000000075a576e78,0x000000075a600000)
  from space 13312K, 81% used [0x000000075a600000,0x000000075b099030,0x000000075b300000)
  to   space 13312K, 0% used [0x000000075de00000,0x000000075de00000,0x000000075eb00000)
 ParOldGen       total 124416K, used 7200K [0x0000000680000000, 0x0000000687980000, 0x0000000755580000)
  object space 124416K, 5% used [0x0000000680000000,0x0000000680708148,0x0000000687980000)
 Metaspace       used 33313K, capacity 35394K, committed 35496K, reserved 1079296K
  class space    used 4387K, capacity 4795K, committed 4864K, reserved 1048576K
Event: 2.535 GC heap after
Heap after GC invocations=5 (full 1):
 PSYoungGen      total 139264K, used 13290K [0x0000000755580000, 0x000000075eb00000, 0x00000007c0000000)
  eden space 125952K, 0% used [0x0000000755580000,0x0000000755580000,0x000000075d080000)
  from space 13312K, 99% used [0x000000075de00000,0x000000075eafa8f8,0x000000075eb00000)
  to   space 13312K, 0% used [0x000000075d100000,0x000000075d100000,0x000000075de00000)
 ParOldGen       total 124416K, used 8141K [0x0000000680000000, 0x0000000687980000, 0x0000000755580000)
  object space 124416K, 6% used [0x0000000680000000,0x00000006807f3728,0x0000000687980000)
 Metaspace       used 33313K, capacity 35394K, committed 35496K, reserved 1079296K
  class space    used 4387K, capacity 4795K, committed 4864K, reserved 1048576K
}
Event: 2.535 GC heap before
{Heap before GC invocations=6 (full 2):
 PSYoungGen      total 139264K, used 13290K [0x0000000755580000, 0x000000075eb00000, 0x00000007c0000000)
  eden space 125952K, 0% used [0x0000000755580000,0x0000000755580000,0x000000075d080000)
  from space 13312K, 99% used [0x000000075de00000,0x000000075eafa8f8,0x000000075eb00000)
  to   space 13312K, 0% used [0x000000075d100000,0x000000075d100000,0x000000075de00000)
 ParOldGen       total 124416K, used 8141K [0x0000000680000000, 0x0000000687980000, 0x0000000755580000)
  object space 124416K, 6% used [0x0000000680000000,0x00000006807f3728,0x0000000687980000)
 Metaspace       used 33313K, capacity 35394K, committed 35496K, reserved 1079296K
  class space    used 4387K, capacity 4795K, committed 4864K, reserved 1048576K
Event: 2.575 GC heap after
Heap after GC invocations=6 (full 2):
 PSYoungGen      total 139264K, used 0K [0x0000000755580000, 0x000000075eb00000, 0x00000007c0000000)
  eden space 125952K, 0% used [0x0000000755580000,0x0000000755580000,0x000000075d080000)
  from space 13312K, 0% used [0x000000075de00000,0x000000075de00000,0x000000075eb00000)
  to   space 13312K, 0% used [0x000000075d100000,0x000000075d100000,0x000000075de00000)
 ParOldGen       total 203776K, used 19158K [0x0000000680000000, 0x000000068c700000, 0x0000000755580000)
  object space 203776K, 9% used [0x0000000680000000,0x00000006812b5858,0x000000068c700000)
 Metaspace       used 33313K, capacity 35394K, committed 35496K, reserved 1079296K
  class space    used 4387K, capacity 4795K, committed 4864K, reserved 1048576K
}
Event: 5.113 GC heap before
{Heap before GC invocations=7 (full 2):
 PSYoungGen      total 139264K, used 125952K [0x0000000755580000, 0x000000075eb00000, 0x00000007c0000000)
  eden space 125952K, 100% used [0x0000000755580000,0x000000075d080000,0x000000075d080000)
  from space 13312K, 0% used [0x000000075de00000,0x000000075de00000,0x000000075eb00000)
  to   space 13312K, 0% used [0x000000075d100000,0x000000075d100000,0x000000075de00000)
 ParOldGen       total 203776K, used 19158K [0x0000000680000000, 0x000000068c700000, 0x0000000755580000)
  object space 203776K, 9% used [0x0000000680000000,0x00000006812b5858,0x000000068c700000)
 Metaspace       used 42079K, capacity 44874K, committed 44928K, reserved 1087488K
  class space    used 5507K, capacity 6005K, committed 6016K, reserved 1048576K
Event: 5.121 GC heap after
Heap after GC invocations=7 (full 2):
 PSYoungGen      total 139776K, used 11250K [0x0000000755580000, 0x0000000761c80000, 0x00000007c0000000)
  eden space 126464K, 0% used [0x0000000755580000,0x0000000755580000,0x000000075d100000)
  from space 13312K, 84% used [0x000000075d100000,0x000000075dbfc938,0x000000075de00000)
  to   space 15360K, 0% used [0x0000000760d80000,0x0000000760d80000,0x0000000761c80000)
 ParOldGen       total 203776K, used 19166K [0x0000000680000000, 0x000000068c700000, 0x0000000755580000)
  object space 203776K, 9% used [0x0000000680000000,0x00000006812b7858,0x000000068c700000)
 Metaspace       used 42079K, capacity 44874K, committed 44928K, reserved 1087488K
  class space    used 5507K, capacity 6005K, committed 6016K, reserved 1048576K
}
Event: 1282.515 GC heap before
{Heap before GC invocations=8 (full 2):
 PSYoungGen      total 139776K, used 137714K [0x0000000755580000, 0x0000000761c80000, 0x00000007c0000000)
  eden space 126464K, 100% used [0x0000000755580000,0x000000075d100000,0x000000075d100000)
  from space 13312K, 84% used [0x000000075d100000,0x000000075dbfc938,0x000000075de00000)
  to   space 15360K, 0% used [0x0000000760d80000,0x0000000760d80000,0x0000000761c80000)
 ParOldGen       total 203776K, used 19166K [0x0000000680000000, 0x000000068c700000, 0x0000000755580000)
  object space 203776K, 9% used [0x0000000680000000,0x00000006812b7858,0x000000068c700000)
 Metaspace       used 48879K, capacity 51868K, committed 51968K, reserved 1095680K
  class space    used 6148K, capacity 6656K, committed 6656K, reserved 1048576K
Event: 1282.527 GC heap after
Heap after GC invocations=8 (full 2):
 PSYoungGen      total 179712K, used 13912K [0x0000000755580000, 0x0000000761b80000, 0x00000007c0000000)
  eden space 165376K, 0% used [0x0000000755580000,0x0000000755580000,0x000000075f700000)
  from space 14336K, 97% used [0x0000000760d80000,0x0000000761b16040,0x0000000761b80000)
  to   space 16384K, 0% used [0x000000075fb80000,0x000000075fb80000,0x0000000760b80000)
 ParOldGen       total 203776K, used 19174K [0x0000000680000000, 0x000000068c700000, 0x0000000755580000)
  object space 203776K, 9% used [0x0000000680000000,0x00000006812b9858,0x000000068c700000)
 Metaspace       used 48879K, capacity 51868K, committed 51968K, reserved 1095680K
  class space    used 6148K, capacity 6656K, committed 6656K, reserved 1048576K
}

Deoptimization events (0 events):
No events

Internal exceptions (10 events):
Event: 12.600 Thread 0x0000000023086000 Exception <a 'java/lang/ClassNotFoundException': java/lang/ObjectBeanInfo> (0x0000000758e00990) thrown at [C:\re\workspace\8-2-build-windows-amd64-cygwin\jdk8u144\9417\hotspot\src\share\vm\classfile\systemDictionary.cpp, line 210]
Event: 12.600 Thread 0x0000000023086000 Exception <a 'java/lang/ClassNotFoundException': java/lang/ObjectCustomizer> (0x0000000758e08f10) thrown at [C:\re\workspace\8-2-build-windows-amd64-cygwin\jdk8u144\9417\hotspot\src\share\vm\classfile\systemDictionary.cpp, line 210]
Event: 12.601 Thread 0x0000000023086000 Exception <a 'java/lang/ClassNotFoundException': com/kps/vo/MemberVOCustomizer> (0x0000000758e1bd70) thrown at [C:\re\workspace\8-2-build-windows-amd64-cygwin\jdk8u144\9417\hotspot\src\share\vm\classfile\systemDictionary.cpp, line 210]
Event: 14.452 Thread 0x0000000023081000 Exception <a 'java/io/IOException'> (0x000000075816d1d0) thrown at [C:\re\workspace\8-2-build-windows-amd64-cygwin\jdk8u144\9417\hotspot\src\share\vm\prims\jni.cpp, line 709]
Event: 41.221 Thread 0x0000000023081800 Exception <a 'java/lang/ClassNotFoundException': java/lang/ObjectCustomizer> (0x0000000759011450) thrown at [C:\re\workspace\8-2-build-windows-amd64-cygwin\jdk8u144\9417\hotspot\src\share\vm\classfile\systemDictionary.cpp, line 210]
Event: 41.222 Thread 0x0000000023081800 Exception <a 'java/lang/ClassNotFoundException': com/kps/vo/SearchParamVOCustomizer> (0x0000000759024890) thrown at [C:\re\workspace\8-2-build-windows-amd64-cygwin\jdk8u144\9417\hotspot\src\share\vm\classfile\systemDictionary.cpp, line 210]
Event: 41.309 Thread 0x0000000023081800 Exception <a 'java/lang/ArrayIndexOutOfBoundsException'> (0x00000007593a7440) thrown at [C:\re\workspace\8-2-build-windows-amd64-cygwin\jdk8u144\9417\hotspot\src\share\vm\runtime\sharedRuntime.cpp, line 605]
Event: 41.633 Thread 0x0000000023081800 Exception <a 'java/lang/ArrayIndexOutOfBoundsException'> (0x0000000759522d08) thrown at [C:\re\workspace\8-2-build-windows-amd64-cygwin\jdk8u144\9417\hotspot\src\share\vm\runtime\sharedRuntime.cpp, line 605]
Event: 41.633 Thread 0x0000000023081800 Exception <a 'java/lang/ArrayIndexOutOfBoundsException'> (0x00000007595249b0) thrown at [C:\re\workspace\8-2-build-windows-amd64-cygwin\jdk8u144\9417\hotspot\src\share\vm\runtime\sharedRuntime.cpp, line 605]
Event: 1788.558 Thread 0x0000000023082800 Exception <a 'java/net/ConnectException': Connection timed out: connect> (0x0000000756e22250) thrown at [C:\re\workspace\8-2-build-windows-amd64-cygwin\jdk8u144\9417\hotspot\src\share\vm\prims\jni.cpp, line 735]

Events (10 events):
Event: 1774.184 Thread 0x0000000023089000 Thread exited: 0x0000000023089000
Event: 1774.571 Thread 0x0000000023089000 Thread added: 0x0000000023089000
Event: 1779.574 Executing VM operation: RevokeBias
Event: 1779.574 Executing VM operation: RevokeBias done
Event: 1779.574 Thread 0x0000000023089000 Thread exited: 0x0000000023089000
Event: 1780.996 Thread 0x0000000023089000 Thread added: 0x0000000023089000
Event: 1788.558 loading class java/net/ConnectException
Event: 1788.558 loading class java/net/SocketException
Event: 1788.558 loading class java/net/SocketException done
Event: 1788.558 loading class java/net/ConnectException done


Dynamic libraries:
0x00007ff7ec9b0000 - 0x00007ff7ec9e7000 	C:\Program Files\Java\jre1.8.0_144\bin\javaw.exe
0x00007ffe7b1b0000 - 0x00007ffe7b3a5000 	C:\WINDOWS\SYSTEM32\ntdll.dll
0x00007ffe7a7d0000 - 0x00007ffe7a88e000 	C:\WINDOWS\System32\KERNEL32.DLL
0x00007ffe78ae0000 - 0x00007ffe78da9000 	C:\WINDOWS\System32\KERNELBASE.dll
0x00007ffe794b0000 - 0x00007ffe7955c000 	C:\WINDOWS\System32\ADVAPI32.dll
0x00007ffe7a5d0000 - 0x00007ffe7a66e000 	C:\WINDOWS\System32\msvcrt.dll
0x00007ffe7a4f0000 - 0x00007ffe7a58b000 	C:\WINDOWS\System32\sechost.dll
0x00007ffe7ad90000 - 0x00007ffe7aeba000 	C:\WINDOWS\System32\RPCRT4.dll
0x00007ffe79c00000 - 0x00007ffe79da1000 	C:\WINDOWS\System32\USER32.dll
0x00007ffe78ab0000 - 0x00007ffe78ad2000 	C:\WINDOWS\System32\win32u.dll
0x00007ffe79a20000 - 0x00007ffe79a4b000 	C:\WINDOWS\System32\GDI32.dll
0x00007ffe789a0000 - 0x00007ffe78aab000 	C:\WINDOWS\System32\gdi32full.dll
0x00007ffe788d0000 - 0x00007ffe7896d000 	C:\WINDOWS\System32\msvcp_win.dll
0x00007ffe79100000 - 0x00007ffe79200000 	C:\WINDOWS\System32\ucrtbase.dll
0x00007ffe6ea70000 - 0x00007ffe6ed0a000 	C:\WINDOWS\WinSxS\amd64_microsoft.windows.common-controls_6595b64144ccf1df_6.0.19041.1110_none_60b5254171f9507e\COMCTL32.dll
0x00007ffe7a590000 - 0x00007ffe7a5c0000 	C:\WINDOWS\System32\IMM32.DLL
0x00000000538d0000 - 0x00000000539a2000 	C:\Program Files\Java\jre1.8.0_144\bin\msvcr100.dll
0x0000000053ba0000 - 0x000000005443d000 	C:\Program Files\Java\jre1.8.0_144\bin\server\jvm.dll
0x00007ffe7ad20000 - 0x00007ffe7ad28000 	C:\WINDOWS\System32\PSAPI.DLL
0x00007ffe63be0000 - 0x00007ffe63be9000 	C:\WINDOWS\SYSTEM32\WSOCK32.dll
0x00007ffe79920000 - 0x00007ffe7998b000 	C:\WINDOWS\System32\WS2_32.dll
0x00007ffe69990000 - 0x00007ffe699b7000 	C:\WINDOWS\SYSTEM32\WINMM.dll
0x00007ffe72fd0000 - 0x00007ffe72fda000 	C:\WINDOWS\SYSTEM32\VERSION.dll
0x0000000054940000 - 0x000000005494f000 	C:\Program Files\Java\jre1.8.0_144\bin\verify.dll
0x0000000053a90000 - 0x0000000053ab9000 	C:\Program Files\Java\jre1.8.0_144\bin\java.dll
0x0000000053890000 - 0x00000000538c5000 	C:\Program Files\Java\jre1.8.0_144\bin\jdwp.dll
0x0000000053880000 - 0x0000000053888000 	C:\Program Files\Java\jre1.8.0_144\bin\npt.dll
0x0000000053a40000 - 0x0000000053a56000 	C:\Program Files\Java\jre1.8.0_144\bin\zip.dll
0x00007ffe79db0000 - 0x00007ffe7a4ef000 	C:\WINDOWS\System32\SHELL32.dll
0x00007ffe769f0000 - 0x00007ffe77180000 	C:\WINDOWS\SYSTEM32\windows.storage.dll
0x00007ffe79560000 - 0x00007ffe798b5000 	C:\WINDOWS\System32\combase.dll
0x00007ffe78250000 - 0x00007ffe7827c000 	C:\WINDOWS\SYSTEM32\Wldp.dll
0x00007ffe7a670000 - 0x00007ffe7a71d000 	C:\WINDOWS\System32\SHCORE.dll
0x00007ffe7aff0000 - 0x00007ffe7b045000 	C:\WINDOWS\System32\shlwapi.dll
0x00007ffe78810000 - 0x00007ffe7882f000 	C:\WINDOWS\SYSTEM32\profapi.dll
0x0000000053870000 - 0x0000000053879000 	C:\Program Files\Java\jre1.8.0_144\bin\dt_socket.dll
0x00007ffe69fc0000 - 0x00007ffe69fd7000 	C:\WINDOWS\system32\napinsp.dll
0x00007ffe69fa0000 - 0x00007ffe69fbb000 	C:\WINDOWS\system32\pnrpnsp.dll
0x00007ffe6a080000 - 0x00007ffe6a095000 	C:\WINDOWS\system32\wshbth.dll
0x00007ffe74320000 - 0x00007ffe7433d000 	C:\WINDOWS\system32\NLAapi.dll
0x00007ffe77ca0000 - 0x00007ffe77cdb000 	C:\WINDOWS\SYSTEM32\IPHLPAPI.DLL
0x00007ffe77fb0000 - 0x00007ffe7801a000 	C:\WINDOWS\System32\mswsock.dll
0x00007ffe77ce0000 - 0x00007ffe77dac000 	C:\WINDOWS\SYSTEM32\DNSAPI.dll
0x00007ffe7ad10000 - 0x00007ffe7ad18000 	C:\WINDOWS\System32\NSI.dll
0x00007ffe69f80000 - 0x00007ffe69f92000 	C:\WINDOWS\System32\winrnr.dll
0x00007ffe70610000 - 0x00007ffe7068f000 	C:\WINDOWS\System32\fwpuclnt.dll
0x00007ffe78970000 - 0x00007ffe78997000 	C:\WINDOWS\System32\bcrypt.dll
0x00007ffe71c10000 - 0x00007ffe71c1a000 	C:\Windows\System32\rasadhlp.dll
0x0000000053860000 - 0x000000005386d000 	C:\Program Files\Java\jre1.8.0_144\bin\management.dll
0x0000000053a20000 - 0x0000000053a3a000 	C:\Program Files\Java\jre1.8.0_144\bin\net.dll
0x0000000053a00000 - 0x0000000053a11000 	C:\Program Files\Java\jre1.8.0_144\bin\nio.dll
0x00007ffe781a0000 - 0x00007ffe781b8000 	C:\WINDOWS\SYSTEM32\CRYPTSP.dll
0x00007ffe77930000 - 0x00007ffe77964000 	C:\WINDOWS\system32\rsaenh.dll
0x00007ffe78790000 - 0x00007ffe787be000 	C:\WINDOWS\SYSTEM32\USERENV.dll
0x00007ffe79010000 - 0x00007ffe79093000 	C:\WINDOWS\System32\bcryptprimitives.dll
0x00007ffe781c0000 - 0x00007ffe781cc000 	C:\WINDOWS\SYSTEM32\CRYPTBASE.dll
0x00007ffe72bf0000 - 0x00007ffe72c07000 	C:\WINDOWS\SYSTEM32\dhcpcsvc6.DLL
0x00007ffe72bd0000 - 0x00007ffe72bed000 	C:\WINDOWS\SYSTEM32\dhcpcsvc.DLL
0x00007ffe6d110000 - 0x00007ffe6d2f4000 	C:\WINDOWS\SYSTEM32\dbghelp.dll

VM Arguments:
jvm_args: -Djava.net.preferIPv4Stack=true -agentlib:jdwp=transport=dt_socket,suspend=y,address=localhost:53809 -Dcom.sun.management.jmxremote -Dcom.sun.management.jmxremote.port=53808 -Dcom.sun.management.jmxremote.authenticate=false -Dcom.sun.management.jmxremote.ssl=false -Djava.rmi.server.hostname=localhost -Dspring.jmx.enabled=true -Dspring.liveBeansView.mbeanDomain -Xverify:none -XX:TieredStopAtLevel=1 -Dfile.encoding=UTF-8 
java_command: com.kps.StatisticApplication
java_class_path (initial): D:\StatsExtract\statistic\target\classes;C:\Users\jsh\.m2\repository\org\springframework\boot\spring-boot-starter-web\2.5.4\spring-boot-starter-web-2.5.4.jar;C:\Users\jsh\.m2\repository\org\springframework\boot\spring-boot-starter\2.5.4\spring-boot-starter-2.5.4.jar;C:\Users\jsh\.m2\repository\org\springframework\boot\spring-boot-starter-logging\2.5.4\spring-boot-starter-logging-2.5.4.jar;C:\Users\jsh\.m2\repository\ch\qos\logback\logback-classic\1.2.5\logback-classic-1.2.5.jar;C:\Users\jsh\.m2\repository\ch\qos\logback\logback-core\1.2.5\logback-core-1.2.5.jar;C:\Users\jsh\.m2\repository\org\apache\logging\log4j\log4j-to-slf4j\2.14.1\log4j-to-slf4j-2.14.1.jar;C:\Users\jsh\.m2\repository\org\apache\logging\log4j\log4j-api\2.14.1\log4j-api-2.14.1.jar;C:\Users\jsh\.m2\repository\org\slf4j\jul-to-slf4j\1.7.32\jul-to-slf4j-1.7.32.jar;C:\Users\jsh\.m2\repository\jakarta\annotation\jakarta.annotation-api\1.3.5\jakarta.annotation-api-1.3.5.jar;C:\Users\jsh\.m2\repository\org\yaml\snakeyaml\1.28\snakeyaml-1.28.jar;C:\Users\jsh\.m2\repository\org\springframework\boot\spring-boot-starter-json\2.5.4\spring-boot-starter-json-2.5.4.jar;C:\Users\jsh\.m2\repository\com\fasterxml\jackson\core\jackson-databind\2.12.4\jackson-databind-2.12.4.jar;C:\Users\jsh\.m2\repository\com\fasterxml\jackson\core\jackson-annotations\2.12.4\jackson-annotations-2.12.4.jar;C:\Users\jsh\.m2\repository\com\fasterxml\jackson\core\jackson-core\2.12.4\jackson-core-2.12.4.jar;C:\Users\jsh\.m2\repository\com\fasterxml\jackson\datatype\jackson-datatype-jdk8\2.12.4\jackson-datatype-jdk8-2.12.4.jar;C:\Users\jsh\.m2\repository\com\fasterxml\jackson\datatype\jackson-datatype-jsr310\2.12.4\jackson-datatype-jsr310-2.12.4.jar;C:\Users\jsh\.m2\repository\com\fasterxml\jackson\module\jackson-module-parameter-names\2.12.4\jackson-module-parameter-names-2.12.4.jar;C:\Users\jsh\.m2\repository\org\springframework\boot\spring-boot-starter-tomcat\2.5.4\spring-boot-starter-tomcat-2.5.4.jar;C:\Us
Launcher Type: SUN_STANDARD

Environment Variables:
JAVA_TOOL_OPTIONS=-Djava.net.preferIPv4Stack=true
CLASSPATH=.;
PATH=C:/Program Files/Java/jre1.8.0_144/bin/server;C:/Program Files/Java/jre1.8.0_144/bin;C:/Program Files/Java/jre1.8.0_144/lib/amd64;C:\ProgramData\Oracle\Java\javapath;C:\WINDOWS\system32;C:\WINDOWS;C:\WINDOWS\System32\Wbem;C:\WINDOWS\System32\WindowsPowerShell\v1.0\;C:\WINDOWS\System32\OpenSSH\;C:\Program Files\Java\jdk1.8.0_144\bin;C:\Program Files (x86)\Microsoft SQL Server\150\DTS\Binn\;C:\Program Files\nodejs\;C:\Program Files\Git\cmd;C:\Program Files\MySQL\MySQL Server 8.0\bin;C:\Program Files\Microsoft SQL Server\130\Tools\Binn\;C:\Program Files (x86)\Microsoft SQL Server\110\DTS\Binn\;C:\Program Files (x86)\Microsoft SQL Server\120\DTS\Binn\;C:\Program Files (x86)\Microsoft SQL Server\130\DTS\Binn\;C:\Program Files (x86)\Microsoft SQL Server\140\DTS\Binn\;C:\Program Files\MySQL\MySQL Shell 8.0\bin\;C:\Users\jsh\AppData\Local\Microsoft\WindowsApps;C:\Users\jsh\AppData\Roaming\npm;C:\Users\jsh\AppData\Local\Programs\Microsoft VS Code\bin;;C:\eclipse-86_64\eclipse;
USERNAME=jsh
OS=Windows_NT
PROCESSOR_IDENTIFIER=Intel64 Family 6 Model 158 Stepping 13, GenuineIntel



---------------  S Y S T E M  ---------------

OS: Windows 10.0 , 64 bit Build 19041 (10.0.19041.1202)

CPU:total 4 (initial active 4) (4 cores per cpu, 1 threads per core) family 6 model 158 stepping 13, cmov, cx8, fxsr, mmx, sse, sse2, sse3, ssse3, sse4.1, sse4.2, popcnt, avx, avx2, aes, clmul, 3dnowpref, lzcnt, tsc, tscinvbit

Memory: 4k page, physical 20971060k(12730220k free), swap 24116788k(13969804k free)

vm_info: Java HotSpot(TM) 64-Bit Server VM (25.144-b01) for windows-amd64 JRE (1.8.0_144-b01), built on Jul 21 2017 21:57:33 by "java_re" with MS VC++ 10.0 (VS2010)

time: Tue Nov 23 09:02:42 2021
elapsed time: 1788 seconds (0d 0h 29m 48s)

