#
# A fatal error has been detected by the Java Runtime Environment:
#
#  EXCEPTION_ACCESS_VIOLATION (0xc0000005) at pc=0x00007ffb42873416, pid=4144, tid=0x00000000000030dc
#
# JRE version: Java(TM) SE Runtime Environment (8.0_144-b01) (build 1.8.0_144-b01)
# Java VM: Java HotSpot(TM) 64-Bit Server VM (25.144-b01 mixed mode windows-amd64 compressed oops)
# Problematic frame:
# C  [ntdll.dll+0x63416]
#
# Failed to write core dump. Minidumps are not enabled by default on client versions of Windows
#
# If you would like to submit a bug report, please visit:
#   http://bugreport.java.com/bugreport/crash.jsp
# The crash happened outside the Java Virtual Machine in native code.
# See problematic frame for where to report the bug.
#

---------------  T H R E A D  ---------------

Current thread (0x00000000255e0000):  JavaThread "HikariPool-7 connection adder" daemon [_thread_in_native, id=12508, stack(0x0000000021980000,0x0000000021a80000)]

siginfo: ExceptionCode=0xc0000005, writing address 0x0000000000000024

Registers:
RAX=0x0000000000000000, RBX=0x00000000007af6b0, RCX=0x00000000007af6b0, RDX=0x00000000fffffffa
RSP=0x0000000021a7d470, RBP=0x0000000000000000, RSI=0x0000000000000000, RDI=0x0000000000000000
R8 =0x0000000000000000, R9 =0x00000000007af600, R10=0x000000000000003d, R11=0x000000000074cc50
R12=0x0000000000000000, R13=0x0000000000454000, R14=0x0000000000000001, R15=0x0000000000000000
RIP=0x00007ffb42873416, EFLAGS=0x0000000000010213

Top of Stack: (sp=0x0000000021a7d470)
0x0000000021a7d470:   ffffffffffffffff 00000000007af6b0
0x0000000021a7d480:   0000000757e49a98 00007ffb4283b90b
0x0000000021a7d490:   000000001e15efb0 0000000000000019
0x0000000021a7d4a0:   000000002366fa98 0000000757e49b20
0x0000000021a7d4b0:   000000068001e200 00000007fffffffa
0x0000000021a7d4c0:   0000000000454000 000000002366b7e8
0x0000000021a7d4d0:   0000000002b37e40 0000000000390000
0x0000000021a7d4e0:   00000000003902ac 000000068030ba80
0x0000000021a7d4f0:   000000001e15ef90 0000000000390cc0
0x0000000021a7d500:   0000d4af68c00449 00007ffb4283b86b
0x0000000021a7d510:   00007ffb3f610000 0000000000000001
0x0000000021a7d520:   0000000000000001 0000000000000001
0x0000000021a7d530:   0000000000000000 00000000007af6b0
0x0000000021a7d540:   0000000000000000 00007ffb4283fcb4
0x0000000021a7d550:   0000000021a7d580 0000000000390000
0x0000000021a7d560:   00000000fffffffa 0000000600012047 

Instructions: (pc=0x00007ffb42873416)
0x00007ffb428733f6:   48 39 73 18 0f 84 d2 00 00 00 48 8b 03 48 83 f8
0x00007ffb42873406:   ff 0f 84 d2 00 00 00 44 8b fe 48 83 f8 ff 74 03
0x00007ffb42873416:   ff 40 24 4c 8b 73 18 4c 8d 2d d4 10 10 00 bd 22
0x00007ffb42873426:   17 00 00 e8 22 14 fc ff 85 c0 0f 85 be b2 05 00 


Register to memory mapping:

RAX=0x0000000000000000 is an unknown value
RBX=0x00000000007af6b0 is an unknown value
RCX=0x00000000007af6b0 is an unknown value
RDX=0x00000000fffffffa is an unknown value
RSP=0x0000000021a7d470 is pointing into the stack for thread: 0x00000000255e0000
RBP=0x0000000000000000 is an unknown value
RSI=0x0000000000000000 is an unknown value
RDI=0x0000000000000000 is an unknown value
R8 =0x0000000000000000 is an unknown value
R9 =0x00000000007af600 is an unknown value
R10=0x000000000000003d is an unknown value
R11=0x000000000074cc50 is an unknown value
R12=0x0000000000000000 is an unknown value
R13=0x0000000000454000 is an unknown value
R14=0x0000000000000001 is an unknown value
R15=0x0000000000000000 is an unknown value


Stack: [0x0000000021980000,0x0000000021a80000],  sp=0x0000000021a7d470,  free space=1013k
Native frames: (J=compiled Java code, j=interpreted, Vv=VM code, C=native code)

Java frames: (J=compiled Java code, j=interpreted, Vv=VM code)
j  java.net.TwoStacksPlainSocketImpl.socketConnect(Ljava/net/InetAddress;II)V+0
j  java.net.AbstractPlainSocketImpl.doConnect(Ljava/net/InetAddress;II)V+64
j  java.net.AbstractPlainSocketImpl.connectToAddress(Ljava/net/InetAddress;II)V+23
j  java.net.AbstractPlainSocketImpl.connect(Ljava/net/SocketAddress;I)V+78
j  java.net.PlainSocketImpl.connect(Ljava/net/SocketAddress;I)V+6
j  java.net.SocksSocketImpl.connect(Ljava/net/SocketAddress;I)V+381
j  java.net.Socket.connect(Ljava/net/SocketAddress;I)V+179
j  com.microsoft.sqlserver.jdbc.SocketFinder.getConnectedSocket(Ljava/net/InetSocketAddress;I)Ljava/net/Socket;+62
j  com.microsoft.sqlserver.jdbc.SocketFinder.getDefaultSocket(Ljava/lang/String;II)Ljava/net/Socket;+93
j  com.microsoft.sqlserver.jdbc.SocketFinder.findSocket(Ljava/lang/String;IIZZZI)Ljava/net/Socket;+44
j  com.microsoft.sqlserver.jdbc.TDSChannel.open(Ljava/lang/String;IIZZZI)Ljava/net/InetSocketAddress;+72
j  com.microsoft.sqlserver.jdbc.SQLServerConnection.connectHelper(Lcom/microsoft/sqlserver/jdbc/ServerPortPlaceHolder;IIZZZI)Ljava/net/InetSocketAddress;+157
j  com.microsoft.sqlserver.jdbc.SQLServerConnection.login(Ljava/lang/String;Ljava/lang/String;ILjava/lang/String;Lcom/microsoft/sqlserver/jdbc/FailoverInfo;IJ)V+552
j  com.microsoft.sqlserver.jdbc.SQLServerConnection.connectInternal(Ljava/util/Properties;Lcom/microsoft/sqlserver/jdbc/SQLServerPooledConnection;)Ljava/sql/Connection;+5806
j  com.microsoft.sqlserver.jdbc.SQLServerConnection.connect(Ljava/util/Properties;Lcom/microsoft/sqlserver/jdbc/SQLServerPooledConnection;)Ljava/sql/Connection;+13
j  com.microsoft.sqlserver.jdbc.SQLServerDriver.connect(Ljava/lang/String;Ljava/util/Properties;)Ljava/sql/Connection;+66
j  net.sf.log4jdbc.sql.jdbcapi.DriverSpy.connect(Ljava/lang/String;Ljava/util/Properties;)Ljava/sql/Connection;+31
j  com.zaxxer.hikari.util.DriverDataSource.getConnection(Ljava/lang/String;Ljava/lang/String;)Ljava/sql/Connection;+61
j  com.zaxxer.hikari.pool.PoolBase.newConnection()Ljava/sql/Connection;+49
j  com.zaxxer.hikari.pool.PoolBase.newPoolEntry()Lcom/zaxxer/hikari/pool/PoolEntry;+5
j  com.zaxxer.hikari.pool.HikariPool.createPoolEntry()Lcom/zaxxer/hikari/pool/PoolEntry;+1
J 7509 C1 com.zaxxer.hikari.pool.HikariPool$PoolEntryCreator.call()Ljava/lang/Boolean; (171 bytes) @ 0x0000000003ab5704 [0x0000000003ab5660+0xa4]
J 7508 C1 com.zaxxer.hikari.pool.HikariPool$PoolEntryCreator.call()Ljava/lang/Object; (5 bytes) @ 0x0000000003ab52dc [0x0000000003ab52a0+0x3c]
J 7427 C1 java.util.concurrent.FutureTask.run()V (126 bytes) @ 0x0000000003a92384 [0x0000000003a922c0+0xc4]
J 7430 C1 java.util.concurrent.ThreadPoolExecutor.runWorker(Ljava/util/concurrent/ThreadPoolExecutor$Worker;)V (225 bytes) @ 0x0000000003a938e4 [0x0000000003a93660+0x284]
j  java.util.concurrent.ThreadPoolExecutor$Worker.run()V+5
J 9061 C1 java.lang.Thread.run()V (17 bytes) @ 0x0000000003e448f4 [0x0000000003e448a0+0x54]
v  ~StubRoutines::call_stub

---------------  P R O C E S S  ---------------

Java Threads: ( => current thread )
  0x00000000255e1800 JavaThread "http-nio-8080-exec-4" daemon [_thread_blocked, id=7848, stack(0x0000000026620000,0x0000000026720000)]
  0x00000000255dc000 JavaThread "http-nio-8080-exec-3" daemon [_thread_blocked, id=1892, stack(0x0000000024d50000,0x0000000024e50000)]
=>0x00000000255e0000 JavaThread "HikariPool-7 connection adder" daemon [_thread_in_native, id=12508, stack(0x0000000021980000,0x0000000021a80000)]
  0x00000000255de800 JavaThread "http-nio-8080-exec-2" daemon [_thread_blocked, id=11916, stack(0x0000000024350000,0x0000000024450000)]
  0x00000000255d7000 JavaThread "http-nio-8080-exec-1" daemon [_thread_blocked, id=5180, stack(0x00000000008e0000,0x00000000009e0000)]
  0x00000000255dd800 JavaThread "http-nio-8080-Acceptor" daemon [_thread_in_native, id=9896, stack(0x0000000024250000,0x0000000024350000)]
  0x00000000255e4800 JavaThread "http-nio-8080-Poller" daemon [_thread_in_native, id=13100, stack(0x0000000024050000,0x0000000024150000)]
  0x00000000255d6000 JavaThread "File Watcher" daemon [_thread_blocked, id=9392, stack(0x0000000023b50000,0x0000000023c50000)]
  0x00000000255dd000 JavaThread "container-0" [_thread_blocked, id=6360, stack(0x0000000023a50000,0x0000000023b50000)]
  0x00000000255d5800 JavaThread "Catalina-utility-2" [_thread_blocked, id=12108, stack(0x0000000023750000,0x0000000023850000)]
  0x00000000255da800 JavaThread "Catalina-utility-1" [_thread_blocked, id=11500, stack(0x0000000021c80000,0x0000000021d80000)]
  0x00000000255da000 JavaThread "HikariPool-7 housekeeper" daemon [_thread_blocked, id=4104, stack(0x0000000021880000,0x0000000021980000)]
  0x000000002232d000 JavaThread "DestroyJavaVM" [_thread_blocked, id=2276, stack(0x0000000002410000,0x0000000002510000)]
  0x000000002232a000 JavaThread "Live Reload Server" daemon [_thread_in_native, id=10504, stack(0x0000000024b50000,0x0000000024c50000)]
  0x000000002097e000 JavaThread "RMI TCP Accept-0" daemon [_thread_in_native, id=11836, stack(0x00000000211a0000,0x00000000212a0000)]
  0x0000000020971000 JavaThread "RMI TCP Accept-53543" daemon [_thread_in_native, id=4760, stack(0x00000000210a0000,0x00000000211a0000)]
  0x000000002095b000 JavaThread "RMI TCP Accept-0" daemon [_thread_in_native, id=2476, stack(0x0000000020fa0000,0x00000000210a0000)]
  0x000000001fb4f000 JavaThread "Service Thread" daemon [_thread_blocked, id=5420, stack(0x00000000206a0000,0x00000000207a0000)]
  0x000000001e79a000 JavaThread "C1 CompilerThread2" daemon [_thread_blocked, id=2632, stack(0x00000000205a0000,0x00000000206a0000)]
  0x000000001e799000 JavaThread "C2 CompilerThread1" daemon [_thread_blocked, id=4944, stack(0x00000000204a0000,0x00000000205a0000)]
  0x000000001e797800 JavaThread "C2 CompilerThread0" daemon [_thread_blocked, id=13124, stack(0x00000000203a0000,0x00000000204a0000)]
  0x000000001e787800 JavaThread "JDWP Command Reader" daemon [_thread_in_native, id=6044, stack(0x00000000202a0000,0x00000000203a0000)]
  0x000000001e784000 JavaThread "JDWP Event Helper Thread" daemon [_thread_blocked, id=10776, stack(0x00000000201a0000,0x00000000202a0000)]
  0x000000001e775000 JavaThread "JDWP Transport Listener: dt_socket" daemon [_thread_blocked, id=11960, stack(0x00000000200a0000,0x00000000201a0000)]
  0x000000001e76d000 JavaThread "Attach Listener" daemon [_thread_blocked, id=12372, stack(0x000000001ffa0000,0x00000000200a0000)]
  0x000000001fae3800 JavaThread "Signal Dispatcher" daemon [_thread_blocked, id=2124, stack(0x000000001fea0000,0x000000001ffa0000)]
  0x000000001e73a000 JavaThread "Finalizer" daemon [_thread_blocked, id=9452, stack(0x000000001f9a0000,0x000000001faa0000)]
  0x000000001e719800 JavaThread "Reference Handler" daemon [_thread_blocked, id=13116, stack(0x000000001f8a0000,0x000000001f9a0000)]

Other Threads:
  0x000000001e717800 VMThread [stack: 0x000000001f7a0000,0x000000001f8a0000] [id=7816]
  0x0000000020987000 WatcherThread [stack: 0x00000000212a0000,0x00000000213a0000] [id=4788]

VM state:not at safepoint (normal execution)

VM Mutex/Monitor currently owned by a thread: None

Heap:
 PSYoungGen      total 117760K, used 53477K [0x0000000755580000, 0x000000075d600000, 0x00000007c0000000)
  eden space 104448K, 44% used [0x0000000755580000,0x000000075833da50,0x000000075bb80000)
  from space 13312K, 49% used [0x000000075c800000,0x000000075ce7bbd0,0x000000075d500000)
  to   space 12800K, 0% used [0x000000075bb80000,0x000000075bb80000,0x000000075c800000)
 ParOldGen       total 231936K, used 17071K [0x0000000680000000, 0x000000068e280000, 0x0000000755580000)
  object space 231936K, 7% used [0x0000000680000000,0x00000006810abfc8,0x000000068e280000)
 Metaspace       used 51013K, capacity 54612K, committed 55040K, reserved 1097728K
  class space    used 6363K, capacity 7052K, committed 7168K, reserved 1048576K

Card table byte_map: [0x0000000011ef0000,0x0000000012900000] byte_map_base: 0x000000000eaf0000

Marking Bits: (ParMarkBitMap*) 0x0000000075d2d850
 Begin Bits: [0x00000000133b0000, 0x00000000183b0000)
 End Bits:   [0x00000000183b0000, 0x000000001d3b0000)

Polling page: 0x0000000000c30000

CodeCache: size=245760Kb used=21256Kb max_used=21256Kb free=224503Kb
 bounds [0x0000000002b30000, 0x0000000004000000, 0x0000000011b30000]
 total_blobs=10299 nmethods=9770 adapters=447
 compilation: enabled

Compilation events (10 events):
Event: 25163.339 Thread 0x000000001e79a000 9904       1       sun.nio.ch.Net::setSocketOption (352 bytes)
Event: 25163.340 Thread 0x000000001e79a000 nmethod 9904 0x0000000003ff25d0 code [0x0000000003ff28a0, 0x0000000003ff34b8]
Event: 25163.340 Thread 0x000000001e79a000 9905       1       sun.nio.ch.SocketOptionRegistry::findOption (23 bytes)
Event: 25163.340 Thread 0x000000001e79a000 nmethod 9905 0x0000000003ff4190 code [0x0000000003ff4320, 0x0000000003ff45c8]
Event: 25163.340 Thread 0x000000001e79a000 9906       1       sun.nio.ch.SocketOptionRegistry$RegistryKey::equals (48 bytes)
Event: 25163.340 Thread 0x000000001e79a000 nmethod 9906 0x0000000003ff4790 code [0x0000000003ff4900, 0x0000000003ff4b10]
Event: 25164.656 Thread 0x000000001e79a000 9907       1       org.springframework.beans.PropertyValue::<init> (31 bytes)
Event: 25164.656 Thread 0x000000001e79a000 nmethod 9907 0x0000000003ff4bd0 code [0x0000000003ff4d40, 0x0000000003ff5008]
Event: 25164.656 Thread 0x000000001e79a000 9908   !   1       org.springframework.beans.AbstractNestablePropertyAccessor::setPropertyValue (131 bytes)
Event: 25164.657 Thread 0x000000001e79a000 nmethod 9908 0x0000000003ff51d0 code [0x0000000003ff5460, 0x0000000003ff5ea8]

GC Heap History (10 events):
Event: 25108.843 GC heap before
{Heap before GC invocations=36 (full 7):
 PSYoungGen      total 113152K, used 2400K [0x0000000755580000, 0x000000075d280000, 0x00000007c0000000)
  eden space 99328K, 0% used [0x0000000755580000,0x0000000755580000,0x000000075b680000)
  from space 13824K, 17% used [0x000000075b680000,0x000000075b8d8000,0x000000075c400000)
  to   space 13824K, 0% used [0x000000075c500000,0x000000075c500000,0x000000075d280000)
 ParOldGen       total 231936K, used 15825K [0x0000000680000000, 0x000000068e280000, 0x0000000755580000)
  object space 231936K, 6% used [0x0000000680000000,0x0000000680f74690,0x000000068e280000)
 Metaspace       used 50314K, capacity 53690K, committed 54400K, reserved 1097728K
  class space    used 6276K, capacity 6917K, committed 7040K, reserved 1048576K
Event: 25108.939 GC heap after
Heap after GC invocations=36 (full 7):
 PSYoungGen      total 113152K, used 0K [0x0000000755580000, 0x000000075d280000, 0x00000007c0000000)
  eden space 99328K, 0% used [0x0000000755580000,0x0000000755580000,0x000000075b680000)
  from space 13824K, 0% used [0x000000075b680000,0x000000075b680000,0x000000075c400000)
  to   space 13824K, 0% used [0x000000075c500000,0x000000075c500000,0x000000075d280000)
 ParOldGen       total 231936K, used 15968K [0x0000000680000000, 0x000000068e280000, 0x0000000755580000)
  object space 231936K, 6% used [0x0000000680000000,0x0000000680f98000,0x000000068e280000)
 Metaspace       used 50304K, capacity 53672K, committed 54400K, reserved 1097728K
  class space    used 6275K, capacity 6913K, committed 7040K, reserved 1048576K
}
Event: 25109.527 GC heap before
{Heap before GC invocations=37 (full 7):
 PSYoungGen      total 113152K, used 99328K [0x0000000755580000, 0x000000075d280000, 0x00000007c0000000)
  eden space 99328K, 100% used [0x0000000755580000,0x000000075b680000,0x000000075b680000)
  from space 13824K, 0% used [0x000000075b680000,0x000000075b680000,0x000000075c400000)
  to   space 13824K, 0% used [0x000000075c500000,0x000000075c500000,0x000000075d280000)
 ParOldGen       total 231936K, used 15968K [0x0000000680000000, 0x000000068e280000, 0x0000000755580000)
  object space 231936K, 6% used [0x0000000680000000,0x0000000680f98000,0x000000068e280000)
 Metaspace       used 50461K, capacity 53868K, committed 54400K, reserved 1097728K
  class space    used 6292K, capacity 6955K, committed 7040K, reserved 1048576K
Event: 25109.531 GC heap after
Heap after GC invocations=37 (full 7):
 PSYoungGen      total 114688K, used 6452K [0x0000000755580000, 0x000000075d500000, 0x00000007c0000000)
  eden space 100864K, 0% used [0x0000000755580000,0x0000000755580000,0x000000075b800000)
  from space 13824K, 46% used [0x000000075c500000,0x000000075cb4d178,0x000000075d280000)
  to   space 13312K, 0% used [0x000000075b800000,0x000000075b800000,0x000000075c500000)
 ParOldGen       total 231936K, used 15976K [0x0000000680000000, 0x000000068e280000, 0x0000000755580000)
  object space 231936K, 6% used [0x0000000680000000,0x0000000680f9a000,0x000000068e280000)
 Metaspace       used 50461K, capacity 53868K, committed 54400K, reserved 1097728K
  class space    used 6292K, capacity 6955K, committed 7040K, reserved 1048576K
}
Event: 25147.024 GC heap before
{Heap before GC invocations=38 (full 7):
 PSYoungGen      total 114688K, used 55324K [0x0000000755580000, 0x000000075d500000, 0x00000007c0000000)
  eden space 100864K, 48% used [0x0000000755580000,0x000000075853a150,0x000000075b800000)
  from space 13824K, 46% used [0x000000075c500000,0x000000075cb4d178,0x000000075d280000)
  to   space 13312K, 0% used [0x000000075b800000,0x000000075b800000,0x000000075c500000)
 ParOldGen       total 231936K, used 15976K [0x0000000680000000, 0x000000068e280000, 0x0000000755580000)
  object space 231936K, 6% used [0x0000000680000000,0x0000000680f9a000,0x000000068e280000)
 Metaspace       used 50777K, capacity 54256K, committed 54784K, reserved 1097728K
  class space    used 6332K, capacity 6995K, committed 7168K, reserved 1048576K
Event: 25147.027 GC heap after
Heap after GC invocations=38 (full 7):
 PSYoungGen      total 114176K, used 3401K [0x0000000755580000, 0x000000075d500000, 0x00000007c0000000)
  eden space 100864K, 0% used [0x0000000755580000,0x0000000755580000,0x000000075b800000)
  from space 13312K, 25% used [0x000000075b800000,0x000000075bb52658,0x000000075c500000)
  to   space 13312K, 0% used [0x000000075c800000,0x000000075c800000,0x000000075d500000)
 ParOldGen       total 231936K, used 15984K [0x0000000680000000, 0x000000068e280000, 0x0000000755580000)
  object space 231936K, 6% used [0x0000000680000000,0x0000000680f9c000,0x000000068e280000)
 Metaspace       used 50777K, capacity 54256K, committed 54784K, reserved 1097728K
  class space    used 6332K, capacity 6995K, committed 7168K, reserved 1048576K
}
Event: 25147.027 GC heap before
{Heap before GC invocations=39 (full 8):
 PSYoungGen      total 114176K, used 3401K [0x0000000755580000, 0x000000075d500000, 0x00000007c0000000)
  eden space 100864K, 0% used [0x0000000755580000,0x0000000755580000,0x000000075b800000)
  from space 13312K, 25% used [0x000000075b800000,0x000000075bb52658,0x000000075c500000)
  to   space 13312K, 0% used [0x000000075c800000,0x000000075c800000,0x000000075d500000)
 ParOldGen       total 231936K, used 15984K [0x0000000680000000, 0x000000068e280000, 0x0000000755580000)
  object space 231936K, 6% used [0x0000000680000000,0x0000000680f9c000,0x000000068e280000)
 Metaspace       used 50777K, capacity 54256K, committed 54784K, reserved 1097728K
  class space    used 6332K, capacity 6995K, committed 7168K, reserved 1048576K
Event: 25147.124 GC heap after
Heap after GC invocations=39 (full 8):
 PSYoungGen      total 114176K, used 0K [0x0000000755580000, 0x000000075d500000, 0x00000007c0000000)
  eden space 100864K, 0% used [0x0000000755580000,0x0000000755580000,0x000000075b800000)
  from space 13312K, 0% used [0x000000075b800000,0x000000075b800000,0x000000075c500000)
  to   space 13312K, 0% used [0x000000075c800000,0x000000075c800000,0x000000075d500000)
 ParOldGen       total 231936K, used 17063K [0x0000000680000000, 0x000000068e280000, 0x0000000755580000)
  object space 231936K, 7% used [0x0000000680000000,0x00000006810a9fc8,0x000000068e280000)
 Metaspace       used 50759K, capacity 54228K, committed 54784K, reserved 1097728K
  class space    used 6330K, capacity 6989K, committed 7168K, reserved 1048576K
}
Event: 25147.766 GC heap before
{Heap before GC invocations=40 (full 8):
 PSYoungGen      total 114176K, used 100864K [0x0000000755580000, 0x000000075d500000, 0x00000007c0000000)
  eden space 100864K, 100% used [0x0000000755580000,0x000000075b800000,0x000000075b800000)
  from space 13312K, 0% used [0x000000075b800000,0x000000075b800000,0x000000075c500000)
  to   space 13312K, 0% used [0x000000075c800000,0x000000075c800000,0x000000075d500000)
 ParOldGen       total 231936K, used 17063K [0x0000000680000000, 0x000000068e280000, 0x0000000755580000)
  object space 231936K, 7% used [0x0000000680000000,0x00000006810a9fc8,0x000000068e280000)
 Metaspace       used 50966K, capacity 54532K, committed 55040K, reserved 1097728K
  class space    used 6357K, capacity 7049K, committed 7168K, reserved 1048576K
Event: 25147.771 GC heap after
Heap after GC invocations=40 (full 8):
 PSYoungGen      total 117760K, used 6638K [0x0000000755580000, 0x000000075d600000, 0x00000007c0000000)
  eden space 104448K, 0% used [0x0000000755580000,0x0000000755580000,0x000000075bb80000)
  from space 13312K, 49% used [0x000000075c800000,0x000000075ce7bbd0,0x000000075d500000)
  to   space 12800K, 0% used [0x000000075bb80000,0x000000075bb80000,0x000000075c800000)
 ParOldGen       total 231936K, used 17071K [0x0000000680000000, 0x000000068e280000, 0x0000000755580000)
  object space 231936K, 7% used [0x0000000680000000,0x00000006810abfc8,0x000000068e280000)
 Metaspace       used 50966K, capacity 54532K, committed 55040K, reserved 1097728K
  class space    used 6357K, capacity 7049K, committed 7168K, reserved 1048576K
}

Deoptimization events (0 events):
No events

Internal exceptions (10 events):
Event: 25163.009 Thread 0x00000000255de800 Exception <a 'sun/net/ConnectionResetException': > (0x0000000757bbc980) thrown at [C:\re\workspace\8-2-build-windows-amd64-cygwin\jdk8u144\9417\hotspot\src\share\vm\prims\jni.cpp, line 735]
Event: 25163.022 Thread 0x00000000255de800 Exception <a 'java/net/SocketException': Connection reset by peer: socket write error> (0x0000000757d308d8) thrown at [C:\re\workspace\8-2-build-windows-amd64-cygwin\jdk8u144\9417\hotspot\src\share\vm\prims\jni.cpp, line 735]
Event: 25163.024 Thread 0x00000000255de800 Exception <a 'java/net/SocketException': Connection reset by peer: socket write error> (0x0000000757ddec00) thrown at [C:\re\workspace\8-2-build-windows-amd64-cygwin\jdk8u144\9417\hotspot\src\share\vm\prims\jni.cpp, line 735]
Event: 25163.032 Thread 0x00000000255de800 Exception <a 'java/net/SocketException': Connection reset by peer: socket write error> (0x0000000757e324e8) thrown at [C:\re\workspace\8-2-build-windows-amd64-cygwin\jdk8u144\9417\hotspot\src\share\vm\prims\jni.cpp, line 735]
Event: 25163.035 Thread 0x00000000255de800 Exception <a 'java/net/SocketException': Connection reset by peer: socket write error> (0x0000000757ef07c8) thrown at [C:\re\workspace\8-2-build-windows-amd64-cygwin\jdk8u144\9417\hotspot\src\share\vm\prims\jni.cpp, line 735]
Event: 25163.037 Thread 0x00000000255de800 Exception <a 'java/net/SocketException': Connection reset by peer: socket write error> (0x0000000757f53e30) thrown at [C:\re\workspace\8-2-build-windows-amd64-cygwin\jdk8u144\9417\hotspot\src\share\vm\prims\jni.cpp, line 735]
Event: 25163.039 Thread 0x00000000255de800 Exception <a 'java/net/SocketException': Connection reset by peer: socket write error> (0x0000000757fb8cd0) thrown at [C:\re\workspace\8-2-build-windows-amd64-cygwin\jdk8u144\9417\hotspot\src\share\vm\prims\jni.cpp, line 735]
Event: 25163.040 Thread 0x00000000255de800 Exception <a 'java/net/SocketException': Connection reset by peer: socket write error> (0x000000075801cf28) thrown at [C:\re\workspace\8-2-build-windows-amd64-cygwin\jdk8u144\9417\hotspot\src\share\vm\prims\jni.cpp, line 735]
Event: 25163.041 Thread 0x00000000255de800 Exception <a 'java/net/SocketException': Connection reset by peer: socket write error> (0x0000000758080250) thrown at [C:\re\workspace\8-2-build-windows-amd64-cygwin\jdk8u144\9417\hotspot\src\share\vm\prims\jni.cpp, line 735]
Event: 25163.042 Thread 0x00000000255de800 Exception <a 'java/net/SocketException': Connection reset by peer: socket write error> (0x00000007580e3548) thrown at [C:\re\workspace\8-2-build-windows-amd64-cygwin\jdk8u144\9417\hotspot\src\share\vm\prims\jni.cpp, line 735]

Events (10 events):
Event: 25164.644 Thread 0x00000000255e1800 DEOPT UNPACKING pc=0x0000000002b7787f sp=0x000000002671bc98 mode 1
Event: 25164.644 Thread 0x00000000255e1800 DEOPT PACKING pc=0x00000000037bce04 sp=0x000000002671c010
Event: 25164.644 Thread 0x00000000255e1800 DEOPT UNPACKING pc=0x0000000002b7787f sp=0x000000002671bd40 mode 1
Event: 25164.647 Thread 0x00000000255e1800 DEOPT PACKING pc=0x00000000037ba10c sp=0x000000002671bea0
Event: 25164.647 Thread 0x00000000255e1800 DEOPT UNPACKING pc=0x0000000002b7787f sp=0x000000002671bd18 mode 1
Event: 25164.647 Thread 0x00000000255e1800 DEOPT PACKING pc=0x00000000037bce04 sp=0x000000002671c090
Event: 25164.647 Thread 0x00000000255e1800 DEOPT UNPACKING pc=0x0000000002b7787f sp=0x000000002671bdc0 mode 1
Event: 25168.049 Executing VM operation: RevokeBias
Event: 25168.049 Executing VM operation: RevokeBias done
Event: 25168.049 Thread 0x00000000255d7800 Thread exited: 0x00000000255d7800


Dynamic libraries:
0x00007ff742740000 - 0x00007ff742777000 	C:\Program Files\Java\jre1.8.0_144\bin\javaw.exe
0x00007ffb42810000 - 0x00007ffb42a05000 	C:\WINDOWS\SYSTEM32\ntdll.dll
0x00007ffb40e70000 - 0x00007ffb40f2e000 	C:\WINDOWS\System32\KERNEL32.DLL
0x00007ffb40170000 - 0x00007ffb40439000 	C:\WINDOWS\System32\KERNELBASE.dll
0x00007ffb40c10000 - 0x00007ffb40cbc000 	C:\WINDOWS\System32\ADVAPI32.dll
0x00007ffb40a30000 - 0x00007ffb40ace000 	C:\WINDOWS\System32\msvcrt.dll
0x00007ffb42130000 - 0x00007ffb421cb000 	C:\WINDOWS\System32\sechost.dll
0x00007ffb41700000 - 0x00007ffb4182a000 	C:\WINDOWS\System32\RPCRT4.dll
0x00007ffb40cc0000 - 0x00007ffb40e61000 	C:\WINDOWS\System32\USER32.dll
0x00007ffb40140000 - 0x00007ffb40162000 	C:\WINDOWS\System32\win32u.dll
0x00007ffb40ad0000 - 0x00007ffb40afb000 	C:\WINDOWS\System32\GDI32.dll
0x00007ffb40030000 - 0x00007ffb4013b000 	C:\WINDOWS\System32\gdi32full.dll
0x00007ffb406d0000 - 0x00007ffb4076d000 	C:\WINDOWS\System32\msvcp_win.dll
0x00007ffb40440000 - 0x00007ffb40540000 	C:\WINDOWS\System32\ucrtbase.dll
0x00007ffb35dd0000 - 0x00007ffb3606a000 	C:\WINDOWS\WinSxS\amd64_microsoft.windows.common-controls_6595b64144ccf1df_6.0.19041.1110_none_60b5254171f9507e\COMCTL32.dll
0x00007ffb40860000 - 0x00007ffb40890000 	C:\WINDOWS\System32\IMM32.DLL
0x0000000075240000 - 0x0000000075312000 	C:\Program Files\Java\jre1.8.0_144\bin\msvcr100.dll
0x0000000075510000 - 0x0000000075dad000 	C:\Program Files\Java\jre1.8.0_144\bin\server\jvm.dll
0x00007ffb421d0000 - 0x00007ffb421d8000 	C:\WINDOWS\System32\PSAPI.DLL
0x00007ffb2e360000 - 0x00007ffb2e369000 	C:\WINDOWS\SYSTEM32\WSOCK32.dll
0x00007ffb3a990000 - 0x00007ffb3a99a000 	C:\WINDOWS\SYSTEM32\VERSION.dll
0x00007ffb41440000 - 0x00007ffb414ab000 	C:\WINDOWS\System32\WS2_32.dll
0x00007ffb2f680000 - 0x00007ffb2f6a7000 	C:\WINDOWS\SYSTEM32\WINMM.dll
0x0000000076930000 - 0x000000007693f000 	C:\Program Files\Java\jre1.8.0_144\bin\verify.dll
0x0000000075400000 - 0x0000000075429000 	C:\Program Files\Java\jre1.8.0_144\bin\java.dll
0x0000000075200000 - 0x0000000075235000 	C:\Program Files\Java\jre1.8.0_144\bin\jdwp.dll
0x00000000751f0000 - 0x00000000751f8000 	C:\Program Files\Java\jre1.8.0_144\bin\npt.dll
0x00000000753b0000 - 0x00000000753c6000 	C:\Program Files\Java\jre1.8.0_144\bin\zip.dll
0x00007ffb418b0000 - 0x00007ffb41fef000 	C:\WINDOWS\System32\SHELL32.dll
0x00007ffb3e050000 - 0x00007ffb3e7e0000 	C:\WINDOWS\SYSTEM32\windows.storage.dll
0x00007ffb422c0000 - 0x00007ffb42615000 	C:\WINDOWS\System32\combase.dll
0x00007ffb3f8b0000 - 0x00007ffb3f8dc000 	C:\WINDOWS\SYSTEM32\Wldp.dll
0x00007ffb414b0000 - 0x00007ffb4155d000 	C:\WINDOWS\System32\SHCORE.dll
0x00007ffb408b0000 - 0x00007ffb40905000 	C:\WINDOWS\System32\shlwapi.dll
0x00007ffb3fe70000 - 0x00007ffb3fe8f000 	C:\WINDOWS\SYSTEM32\profapi.dll
0x00000000751e0000 - 0x00000000751e9000 	C:\Program Files\Java\jre1.8.0_144\bin\dt_socket.dll
0x00007ffb2ec60000 - 0x00007ffb2ec77000 	C:\WINDOWS\system32\napinsp.dll
0x00007ffb2ec40000 - 0x00007ffb2ec5b000 	C:\WINDOWS\system32\pnrpnsp.dll
0x00007ffb2ec20000 - 0x00007ffb2ec35000 	C:\WINDOWS\system32\wshbth.dll
0x00007ffb3b980000 - 0x00007ffb3b99d000 	C:\WINDOWS\system32\NLAapi.dll
0x00007ffb3f300000 - 0x00007ffb3f33b000 	C:\WINDOWS\SYSTEM32\IPHLPAPI.DLL
0x00007ffb3f610000 - 0x00007ffb3f67a000 	C:\WINDOWS\System32\mswsock.dll
0x00007ffb3f340000 - 0x00007ffb3f40c000 	C:\WINDOWS\SYSTEM32\DNSAPI.dll
0x00007ffb416f0000 - 0x00007ffb416f8000 	C:\WINDOWS\System32\NSI.dll
0x00007ffb2ec00000 - 0x00007ffb2ec12000 	C:\WINDOWS\System32\winrnr.dll
0x00007ffb37780000 - 0x00007ffb377ff000 	C:\WINDOWS\System32\fwpuclnt.dll
0x00007ffb406a0000 - 0x00007ffb406c7000 	C:\WINDOWS\System32\bcrypt.dll
0x00007ffb39580000 - 0x00007ffb3958a000 	C:\Windows\System32\rasadhlp.dll
0x00000000751d0000 - 0x00000000751dd000 	C:\Program Files\Java\jre1.8.0_144\bin\management.dll
0x0000000075390000 - 0x00000000753aa000 	C:\Program Files\Java\jre1.8.0_144\bin\net.dll
0x0000000075370000 - 0x0000000075381000 	C:\Program Files\Java\jre1.8.0_144\bin\nio.dll
0x00007ffb3f800000 - 0x00007ffb3f818000 	C:\WINDOWS\SYSTEM32\CRYPTSP.dll
0x00007ffb3ef90000 - 0x00007ffb3efc4000 	C:\WINDOWS\system32\rsaenh.dll
0x00007ffb3fde0000 - 0x00007ffb3fe0e000 	C:\WINDOWS\SYSTEM32\USERENV.dll
0x00007ffb407d0000 - 0x00007ffb40853000 	C:\WINDOWS\System32\bcryptprimitives.dll
0x00007ffb3f820000 - 0x00007ffb3f82c000 	C:\WINDOWS\SYSTEM32\CRYPTBASE.dll
0x00007ffb3a3f0000 - 0x00007ffb3a407000 	C:\WINDOWS\SYSTEM32\dhcpcsvc6.DLL
0x00007ffb3a3d0000 - 0x00007ffb3a3ed000 	C:\WINDOWS\SYSTEM32\dhcpcsvc.DLL
0x00007ffb30840000 - 0x00007ffb30a24000 	C:\WINDOWS\SYSTEM32\dbghelp.dll

VM Arguments:
jvm_args: -Djava.net.preferIPv4Stack=true -agentlib:jdwp=transport=dt_socket,suspend=y,address=localhost:53544 -Dcom.sun.management.jmxremote -Dcom.sun.management.jmxremote.port=53543 -Dcom.sun.management.jmxremote.authenticate=false -Dcom.sun.management.jmxremote.ssl=false -Djava.rmi.server.hostname=localhost -Dspring.jmx.enabled=true -Dspring.liveBeansView.mbeanDomain -Xverify:none -XX:TieredStopAtLevel=1 -Dfile.encoding=UTF-8 
java_command: com.kps.StatisticApplication
java_class_path (initial): D:\StatsExtract\statistic\target\classes;C:\Users\jsh\.m2\repository\org\springframework\boot\spring-boot-starter-web\2.5.4\spring-boot-starter-web-2.5.4.jar;C:\Users\jsh\.m2\repository\org\springframework\boot\spring-boot-starter\2.5.4\spring-boot-starter-2.5.4.jar;C:\Users\jsh\.m2\repository\org\springframework\boot\spring-boot-starter-logging\2.5.4\spring-boot-starter-logging-2.5.4.jar;C:\Users\jsh\.m2\repository\ch\qos\logback\logback-classic\1.2.5\logback-classic-1.2.5.jar;C:\Users\jsh\.m2\repository\ch\qos\logback\logback-core\1.2.5\logback-core-1.2.5.jar;C:\Users\jsh\.m2\repository\org\apache\logging\log4j\log4j-to-slf4j\2.14.1\log4j-to-slf4j-2.14.1.jar;C:\Users\jsh\.m2\repository\org\apache\logging\log4j\log4j-api\2.14.1\log4j-api-2.14.1.jar;C:\Users\jsh\.m2\repository\org\slf4j\jul-to-slf4j\1.7.32\jul-to-slf4j-1.7.32.jar;C:\Users\jsh\.m2\repository\jakarta\annotation\jakarta.annotation-api\1.3.5\jakarta.annotation-api-1.3.5.jar;C:\Users\jsh\.m2\repository\org\yaml\snakeyaml\1.28\snakeyaml-1.28.jar;C:\Users\jsh\.m2\repository\org\springframework\boot\spring-boot-starter-json\2.5.4\spring-boot-starter-json-2.5.4.jar;C:\Users\jsh\.m2\repository\com\fasterxml\jackson\core\jackson-databind\2.12.4\jackson-databind-2.12.4.jar;C:\Users\jsh\.m2\repository\com\fasterxml\jackson\core\jackson-annotations\2.12.4\jackson-annotations-2.12.4.jar;C:\Users\jsh\.m2\repository\com\fasterxml\jackson\core\jackson-core\2.12.4\jackson-core-2.12.4.jar;C:\Users\jsh\.m2\repository\com\fasterxml\jackson\datatype\jackson-datatype-jdk8\2.12.4\jackson-datatype-jdk8-2.12.4.jar;C:\Users\jsh\.m2\repository\com\fasterxml\jackson\datatype\jackson-datatype-jsr310\2.12.4\jackson-datatype-jsr310-2.12.4.jar;C:\Users\jsh\.m2\repository\com\fasterxml\jackson\module\jackson-module-parameter-names\2.12.4\jackson-module-parameter-names-2.12.4.jar;C:\Users\jsh\.m2\repository\org\springframework\boot\spring-boot-starter-tomcat\2.5.4\spring-boot-starter-tomcat-2.5.4.jar;C:\Us
Launcher Type: SUN_STANDARD

Environment Variables:
JAVA_TOOL_OPTIONS=-Djava.net.preferIPv4Stack=true
CLASSPATH=.;
PATH=C:/Program Files/Java/jre1.8.0_144/bin/server;C:/Program Files/Java/jre1.8.0_144/bin;C:/Program Files/Java/jre1.8.0_144/lib/amd64;C:\ProgramData\Oracle\Java\javapath;C:\WINDOWS\system32;C:\WINDOWS;C:\WINDOWS\System32\Wbem;C:\WINDOWS\System32\WindowsPowerShell\v1.0\;C:\WINDOWS\System32\OpenSSH\;C:\Program Files\Java\jdk1.8.0_144\bin;C:\Program Files (x86)\Microsoft SQL Server\150\DTS\Binn\;C:\Program Files\nodejs\;C:\Program Files\Git\cmd;C:\Program Files\MySQL\MySQL Server 8.0\bin;C:\Program Files\Microsoft SQL Server\130\Tools\Binn\;C:\Program Files (x86)\Microsoft SQL Server\110\DTS\Binn\;C:\Program Files (x86)\Microsoft SQL Server\120\DTS\Binn\;C:\Program Files (x86)\Microsoft SQL Server\130\DTS\Binn\;C:\Program Files (x86)\Microsoft SQL Server\140\DTS\Binn\;C:\Program Files\MySQL\MySQL Shell 8.0\bin\;C:\Users\jsh\AppData\Local\Microsoft\WindowsApps;C:\Users\jsh\AppData\Roaming\npm;C:\Users\jsh\AppData\Local\Programs\Microsoft VS Code\bin;;C:\eclipse-86_64\eclipse;
USERNAME=jsh
OS=Windows_NT
PROCESSOR_IDENTIFIER=Intel64 Family 6 Model 158 Stepping 13, GenuineIntel



---------------  S Y S T E M  ---------------

OS: Windows 10.0 , 64 bit Build 19041 (10.0.19041.1202)

CPU:total 4 (initial active 4) (4 cores per cpu, 1 threads per core) family 6 model 158 stepping 13, cmov, cx8, fxsr, mmx, sse, sse2, sse3, ssse3, sse4.1, sse4.2, popcnt, avx, avx2, aes, clmul, 3dnowpref, lzcnt, tsc, tscinvbit

Memory: 4k page, physical 20971060k(11518764k free), swap 24116788k(8676628k free)

vm_info: Java HotSpot(TM) 64-Bit Server VM (25.144-b01) for windows-amd64 JRE (1.8.0_144-b01), built on Jul 21 2017 21:57:33 by "java_re" with MS VC++ 10.0 (VS2010)

time: Fri Nov 19 17:54:43 2021
elapsed time: 25184 seconds (0d 6h 59m 44s)

