#
# A fatal error has been detected by the Java Runtime Environment:
#
#  EXCEPTION_ACCESS_VIOLATION (0xc0000005) at pc=0x00007ffeb0d93416, pid=13672, tid=0x0000000000001944
#
# JRE version: Java(TM) SE Runtime Environment (8.0_144-b01) (build 1.8.0_144-b01)
# Java VM: Java HotSpot(TM) 64-Bit Server VM (25.144-b01 mixed mode windows-amd64 compressed oops)
# Problematic frame:
# C  [ntdll.dll+0x63416]
#
# Failed to write core dump. Minidumps are not enabled by default on client versions of Windows
#
# If you would like to submit a bug report, please visit:
#   http://bugreport.java.com/bugreport/crash.jsp
# The crash happened outside the Java Virtual Machine in native code.
# See problematic frame for where to report the bug.
#

---------------  T H R E A D  ---------------

Current thread (0x0000000020b3d000):  JavaThread "HikariPool-1 connection adder" daemon [_thread_in_native, id=6468, stack(0x0000000000c50000,0x0000000000d50000)]

siginfo: ExceptionCode=0xc0000005, writing address 0x0000000000000024

Registers:
RAX=0x0000000000000000, RBX=0x0000000000ab9320, RCX=0x0000000000ab9320, RDX=0x00000000fffffffa
RSP=0x0000000000d4d620, RBP=0x0000000000000000, RSI=0x0000000000000000, RDI=0x0000000000000000
R8 =0x0000000000000000, R9 =0x0000000000ab9300, R10=0x000000000000001f, R11=0x0000000000a8d098
R12=0x0000000000000000, R13=0x000000000069c000, R14=0x0000000000000001, R15=0x0000000000000000
RIP=0x00007ffeb0d93416, EFLAGS=0x0000000000010213

Top of Stack: (sp=0x0000000000d4d620)
0x0000000000d4d620:   ffffffffffffffff 0000000000ab9320
0x0000000000d4d630:   0000000000d4d668 0000000023896928
0x0000000000d4d640:   0000000000000000 00007ffeb0d5b86b
0x0000000000d4d650:   00000000000b0004 00000000000000ad
0x0000000000d4d660:   0000000000aac700 00000006fffffffa
0x0000000000d4d670:   000000000069c000 0000000023899296
0x0000000000d4d680:   0000000000000000 00000000005b0e40
0x0000000000d4d690:   0000000000000000 00000000005b0000
0x0000000000d4d6a0:   00000000005b02b8 0000000000d4d718
0x0000000000d4d6b0:   000056cad3c86e30 00000000005b0cc0
0x0000000000d4d6c0:   00007ffeadb20000 0000000000000001
0x0000000000d4d6d0:   0000000000000001 0000000000000001
0x0000000000d4d6e0:   0000000000000000 0000000000ab9320
0x0000000000d4d6f0:   0000000000000000 00007ffeb0d5fcb4
0x0000000000d4d700:   0000000000000006 00007ffeb0d5b3c7
0x0000000000d4d710:   00000000fffffffa 0000000600000000 

Instructions: (pc=0x00007ffeb0d93416)
0x00007ffeb0d933f6:   48 39 73 18 0f 84 d2 00 00 00 48 8b 03 48 83 f8
0x00007ffeb0d93406:   ff 0f 84 d2 00 00 00 44 8b fe 48 83 f8 ff 74 03
0x00007ffeb0d93416:   ff 40 24 4c 8b 73 18 4c 8d 2d d4 10 10 00 bd 22
0x00007ffeb0d93426:   17 00 00 e8 22 14 fc ff 85 c0 0f 85 be b2 05 00 


Register to memory mapping:

RAX=0x0000000000000000 is an unknown value
RBX=0x0000000000ab9320 is an unknown value
RCX=0x0000000000ab9320 is an unknown value
RDX=0x00000000fffffffa is an unknown value
RSP=0x0000000000d4d620 is pointing into the stack for thread: 0x0000000020b3d000
RBP=0x0000000000000000 is an unknown value
RSI=0x0000000000000000 is an unknown value
RDI=0x0000000000000000 is an unknown value
R8 =0x0000000000000000 is an unknown value
R9 =0x0000000000ab9300 is an unknown value
R10=0x000000000000001f is an unknown value
R11=0x0000000000a8d098 is an unknown value
R12=0x0000000000000000 is an unknown value
R13=0x000000000069c000 is an unknown value
R14=0x0000000000000001 is an unknown value
R15=0x0000000000000000 is an unknown value


Stack: [0x0000000000c50000,0x0000000000d50000],  sp=0x0000000000d4d620,  free space=1013k
Native frames: (J=compiled Java code, j=interpreted, Vv=VM code, C=native code)

Java frames: (J=compiled Java code, j=interpreted, Vv=VM code)
j  java.net.TwoStacksPlainSocketImpl.socketConnect(Ljava/net/InetAddress;II)V+0
j  java.net.AbstractPlainSocketImpl.doConnect(Ljava/net/InetAddress;II)V+64
j  java.net.AbstractPlainSocketImpl.connectToAddress(Ljava/net/InetAddress;II)V+23
j  java.net.AbstractPlainSocketImpl.connect(Ljava/net/SocketAddress;I)V+78
j  java.net.PlainSocketImpl.connect(Ljava/net/SocketAddress;I)V+6
j  java.net.SocksSocketImpl.connect(Ljava/net/SocketAddress;I)V+381
j  java.net.Socket.connect(Ljava/net/SocketAddress;I)V+179
j  com.microsoft.sqlserver.jdbc.SocketFinder.getConnectedSocket(Ljava/net/InetSocketAddress;I)Ljava/net/Socket;+62
j  com.microsoft.sqlserver.jdbc.SocketFinder.getDefaultSocket(Ljava/lang/String;II)Ljava/net/Socket;+93
j  com.microsoft.sqlserver.jdbc.SocketFinder.findSocket(Ljava/lang/String;IIZZZI)Ljava/net/Socket;+44
j  com.microsoft.sqlserver.jdbc.TDSChannel.open(Ljava/lang/String;IIZZZI)Ljava/net/InetSocketAddress;+72
j  com.microsoft.sqlserver.jdbc.SQLServerConnection.connectHelper(Lcom/microsoft/sqlserver/jdbc/ServerPortPlaceHolder;IIZZZI)Ljava/net/InetSocketAddress;+157
j  com.microsoft.sqlserver.jdbc.SQLServerConnection.login(Ljava/lang/String;Ljava/lang/String;ILjava/lang/String;Lcom/microsoft/sqlserver/jdbc/FailoverInfo;IJ)V+552
j  com.microsoft.sqlserver.jdbc.SQLServerConnection.connectInternal(Ljava/util/Properties;Lcom/microsoft/sqlserver/jdbc/SQLServerPooledConnection;)Ljava/sql/Connection;+5806
j  com.microsoft.sqlserver.jdbc.SQLServerConnection.connect(Ljava/util/Properties;Lcom/microsoft/sqlserver/jdbc/SQLServerPooledConnection;)Ljava/sql/Connection;+13
j  com.microsoft.sqlserver.jdbc.SQLServerDriver.connect(Ljava/lang/String;Ljava/util/Properties;)Ljava/sql/Connection;+66
j  net.sf.log4jdbc.sql.jdbcapi.DriverSpy.connect(Ljava/lang/String;Ljava/util/Properties;)Ljava/sql/Connection;+31
j  com.zaxxer.hikari.util.DriverDataSource.getConnection(Ljava/lang/String;Ljava/lang/String;)Ljava/sql/Connection;+61
j  com.zaxxer.hikari.pool.PoolBase.newConnection()Ljava/sql/Connection;+49
j  com.zaxxer.hikari.pool.PoolBase.newPoolEntry()Lcom/zaxxer/hikari/pool/PoolEntry;+5
j  com.zaxxer.hikari.pool.HikariPool.createPoolEntry()Lcom/zaxxer/hikari/pool/PoolEntry;+1
j  com.zaxxer.hikari.pool.HikariPool.access$100(Lcom/zaxxer/hikari/pool/HikariPool;)Lcom/zaxxer/hikari/pool/PoolEntry;+1
j  com.zaxxer.hikari.pool.HikariPool$PoolEntryCreator.call()Ljava/lang/Boolean;+25
j  com.zaxxer.hikari.pool.HikariPool$PoolEntryCreator.call()Ljava/lang/Object;+1
j  java.util.concurrent.FutureTask.run()V+42
j  java.util.concurrent.ThreadPoolExecutor.runWorker(Ljava/util/concurrent/ThreadPoolExecutor$Worker;)V+95
j  java.util.concurrent.ThreadPoolExecutor$Worker.run()V+5
j  java.lang.Thread.run()V+11
v  ~StubRoutines::call_stub

---------------  P R O C E S S  ---------------

Java Threads: ( => current thread )
  0x0000000020b39000 JavaThread "HikariPool-1 connection closer" daemon [_thread_blocked, id=13552, stack(0x0000000000b50000,0x0000000000c50000)]
=>0x0000000020b3d000 JavaThread "HikariPool-1 connection adder" daemon [_thread_in_native, id=6468, stack(0x0000000000c50000,0x0000000000d50000)]
  0x0000000020b40000 JavaThread "http-nio-18080-exec-10" daemon [_thread_blocked, id=868, stack(0x0000000027070000,0x0000000027170000)]
  0x0000000020b3e800 JavaThread "http-nio-18080-exec-9" daemon [_thread_blocked, id=5908, stack(0x0000000026f70000,0x0000000027070000)]
  0x0000000020b3d800 JavaThread "http-nio-18080-exec-8" daemon [_thread_blocked, id=9048, stack(0x0000000026e70000,0x0000000026f70000)]
  0x0000000020b38800 JavaThread "http-nio-18080-exec-7" daemon [_thread_blocked, id=3160, stack(0x0000000026d70000,0x0000000026e70000)]
  0x0000000020b3f000 JavaThread "http-nio-18080-exec-6" daemon [_thread_blocked, id=10992, stack(0x0000000026c70000,0x0000000026d70000)]
  0x0000000020b3a000 JavaThread "http-nio-18080-exec-5" daemon [_thread_blocked, id=13308, stack(0x0000000026970000,0x0000000026a70000)]
  0x0000000022ddc800 JavaThread "http-nio-18080-exec-4" daemon [_thread_blocked, id=12000, stack(0x0000000026870000,0x0000000026970000)]
  0x0000000022ddb800 JavaThread "http-nio-18080-exec-3" daemon [_thread_blocked, id=8584, stack(0x0000000023da0000,0x0000000023ea0000)]
  0x0000000022ddb000 JavaThread "http-nio-18080-exec-2" daemon [_thread_blocked, id=13408, stack(0x0000000021bd0000,0x0000000021cd0000)]
  0x0000000022dda000 JavaThread "http-nio-18080-exec-1" daemon [_thread_blocked, id=2932, stack(0x0000000021ad0000,0x0000000021bd0000)]
  0x0000000022dd9800 JavaThread "DestroyJavaVM" [_thread_blocked, id=3180, stack(0x0000000002b70000,0x0000000002c70000)]
  0x0000000022ddd000 JavaThread "http-nio-18080-Acceptor" daemon [_thread_in_native, id=14004, stack(0x0000000024fa0000,0x00000000250a0000)]
  0x0000000022dd7000 JavaThread "http-nio-18080-Poller" daemon [_thread_in_native, id=428, stack(0x0000000024ea0000,0x0000000024fa0000)]
  0x0000000022dd6800 JavaThread "Live Reload Server" daemon [_thread_in_native, id=8084, stack(0x0000000024da0000,0x0000000024ea0000)]
  0x0000000022dd8800 JavaThread "File Watcher" daemon [_thread_blocked, id=10452, stack(0x0000000024ca0000,0x0000000024da0000)]
  0x0000000022dd8000 JavaThread "container-0" [_thread_blocked, id=8876, stack(0x00000000245a0000,0x00000000246a0000)]
  0x0000000022d01000 JavaThread "Catalina-utility-2" [_thread_blocked, id=1896, stack(0x00000000244a0000,0x00000000245a0000)]
  0x0000000022d00000 JavaThread "Catalina-utility-1" [_thread_blocked, id=11428, stack(0x00000000242a0000,0x00000000243a0000)]
  0x000000002293d800 JavaThread "HikariPool-1 housekeeper" daemon [_thread_blocked, id=14120, stack(0x0000000023ca0000,0x0000000023da0000)]
  0x0000000020c25800 JavaThread "RMI TCP Accept-0" daemon [_thread_in_native, id=9260, stack(0x00000000213f0000,0x00000000214f0000)]
  0x0000000020bc3000 JavaThread "RMI TCP Accept-63929" daemon [_thread_in_native, id=13100, stack(0x00000000212f0000,0x00000000213f0000)]
  0x0000000020bab000 JavaThread "RMI TCP Accept-0" daemon [_thread_in_native, id=13004, stack(0x00000000211f0000,0x00000000212f0000)]
  0x000000001e9ee800 JavaThread "Service Thread" daemon [_thread_blocked, id=6024, stack(0x00000000208f0000,0x00000000209f0000)]
  0x000000001e9d9000 JavaThread "C1 CompilerThread2" daemon [_thread_blocked, id=10376, stack(0x00000000207f0000,0x00000000208f0000)]
  0x000000001e9d8000 JavaThread "C2 CompilerThread1" daemon [_thread_blocked, id=13008, stack(0x00000000206f0000,0x00000000207f0000)]
  0x000000001e9d6000 JavaThread "C2 CompilerThread0" daemon [_thread_blocked, id=8572, stack(0x00000000205f0000,0x00000000206f0000)]
  0x000000001e9c5800 JavaThread "JDWP Command Reader" daemon [_thread_in_native, id=10648, stack(0x00000000204f0000,0x00000000205f0000)]
  0x000000001e9c4000 JavaThread "JDWP Event Helper Thread" daemon [_thread_blocked, id=8964, stack(0x00000000203f0000,0x00000000204f0000)]
  0x000000001e9b5000 JavaThread "JDWP Transport Listener: dt_socket" daemon [_thread_blocked, id=8244, stack(0x00000000202f0000,0x00000000203f0000)]
  0x000000001e9ad000 JavaThread "Attach Listener" daemon [_thread_blocked, id=7376, stack(0x00000000201f0000,0x00000000202f0000)]
  0x000000001fd33800 JavaThread "Signal Dispatcher" daemon [_thread_blocked, id=4172, stack(0x00000000200f0000,0x00000000201f0000)]
  0x000000001e97a000 JavaThread "Finalizer" daemon [_thread_blocked, id=7224, stack(0x000000001fbf0000,0x000000001fcf0000)]
  0x000000001e959000 JavaThread "Reference Handler" daemon [_thread_blocked, id=4192, stack(0x000000001faf0000,0x000000001fbf0000)]

Other Threads:
  0x000000001e957800 VMThread [stack: 0x000000001f9f0000,0x000000001faf0000] [id=4976]
  0x0000000020c26000 WatcherThread [stack: 0x00000000214f0000,0x00000000215f0000] [id=14072]

VM state:not at safepoint (normal execution)

VM Mutex/Monitor currently owned by a thread: None

Heap:
 PSYoungGen      total 249856K, used 172643K [0x0000000755580000, 0x0000000770180000, 0x00000007c0000000)
  eden space 233984K, 67% used [0x0000000755580000,0x000000075ee9bf28,0x0000000763a00000)
  from space 15872K, 99% used [0x0000000763a00000,0x000000076497d098,0x0000000764980000)
  to   space 20480K, 0% used [0x000000076ed80000,0x000000076ed80000,0x0000000770180000)
 ParOldGen       total 150016K, used 19450K [0x0000000680000000, 0x0000000689280000, 0x0000000755580000)
  object space 150016K, 12% used [0x0000000680000000,0x00000006812fe9e0,0x0000000689280000)
 Metaspace       used 49312K, capacity 52444K, committed 52608K, reserved 1095680K
  class space    used 6163K, capacity 6682K, committed 6784K, reserved 1048576K

Card table byte_map: [0x0000000012130000,0x0000000012b40000] byte_map_base: 0x000000000ed30000

Marking Bits: (ParMarkBitMap*) 0x0000000074afd850
 Begin Bits: [0x00000000135f0000, 0x00000000185f0000)
 End Bits:   [0x00000000185f0000, 0x000000001d5f0000)

Polling page: 0x0000000000d50000

CodeCache: size=245760Kb used=11502Kb max_used=11547Kb free=234257Kb
 bounds [0x0000000002d70000, 0x00000000038c0000, 0x0000000011d70000]
 total_blobs=6054 nmethods=5526 adapters=447
 compilation: enabled

Compilation events (10 events):
Event: 1742.515 Thread 0x000000001e9d9000 5656       1       com.zaxxer.hikari.HikariConfig::getMinimumIdle (5 bytes)
Event: 1742.515 Thread 0x000000001e9d9000 nmethod 5656 0x00000000035fcfd0 code [0x00000000035fd120, 0x00000000035fd230]
Event: 1753.971 Thread 0x000000001e9d9000 5657   !   1       org.apache.catalina.core.StandardContext::bind (161 bytes)
Event: 1753.972 Thread 0x000000001e9d9000 nmethod 5657 0x0000000003614c90 code [0x0000000003614ee0, 0x00000000036159a8]
Event: 1753.973 Thread 0x000000001e9d9000 5658   !   1       org.apache.catalina.core.StandardContext::unbind (87 bytes)
Event: 1753.973 Thread 0x000000001e9d9000 nmethod 5658 0x000000000360f950 code [0x000000000360fb40, 0x0000000003610258]
Event: 1759.349 Thread 0x000000001e9d9000 5659  s    1       java.util.Properties::setProperty (7 bytes)
Event: 1759.349 Thread 0x000000001e9d9000 nmethod 5659 0x00000000035e26d0 code [0x00000000035e2840, 0x00000000035e2b08]
Event: 1759.349 Thread 0x000000001e9d9000 5660       1       com.microsoft.sqlserver.jdbc.SQLServerDriverStringProperty::getDefaultValue (5 bytes)
Event: 1759.349 Thread 0x000000001e9d9000 nmethod 5660 0x00000000035f9710 code [0x00000000035f9860, 0x00000000035f9970]

GC Heap History (10 events):
Event: 2.546 GC heap before
{Heap before GC invocations=5 (full 1):
 PSYoungGen      total 95744K, used 93311K [0x0000000755580000, 0x000000075eb80000, 0x00000007c0000000)
  eden space 82432K, 100% used [0x0000000755580000,0x000000075a600000,0x000000075a600000)
  from space 13312K, 81% used [0x000000075a600000,0x000000075b09fdd0,0x000000075b300000)
  to   space 13312K, 0% used [0x000000075de80000,0x000000075de80000,0x000000075eb80000)
 ParOldGen       total 123904K, used 7204K [0x0000000680000000, 0x0000000687900000, 0x0000000755580000)
  object space 123904K, 5% used [0x0000000680000000,0x0000000680709340,0x0000000687900000)
 Metaspace       used 33193K, capacity 35280K, committed 35496K, reserved 1079296K
  class space    used 4371K, capacity 4786K, committed 4864K, reserved 1048576K
Event: 2.555 GC heap after
Heap after GC invocations=5 (full 1):
 PSYoungGen      total 139776K, used 13283K [0x0000000755580000, 0x000000075eb80000, 0x00000007c0000000)
  eden space 126464K, 0% used [0x0000000755580000,0x0000000755580000,0x000000075d100000)
  from space 13312K, 99% used [0x000000075de80000,0x000000075eb78e48,0x000000075eb80000)
  to   space 13312K, 0% used [0x000000075d180000,0x000000075d180000,0x000000075de80000)
 ParOldGen       total 123904K, used 8146K [0x0000000680000000, 0x0000000687900000, 0x0000000755580000)
  object space 123904K, 6% used [0x0000000680000000,0x00000006807f4920,0x0000000687900000)
 Metaspace       used 33193K, capacity 35280K, committed 35496K, reserved 1079296K
  class space    used 4371K, capacity 4786K, committed 4864K, reserved 1048576K
}
Event: 2.564 GC heap before
{Heap before GC invocations=6 (full 1):
 PSYoungGen      total 139776K, used 16033K [0x0000000755580000, 0x000000075eb80000, 0x00000007c0000000)
  eden space 126464K, 2% used [0x0000000755580000,0x000000075582f7f8,0x000000075d100000)
  from space 13312K, 99% used [0x000000075de80000,0x000000075eb78e48,0x000000075eb80000)
  to   space 13312K, 0% used [0x000000075d180000,0x000000075d180000,0x000000075de80000)
 ParOldGen       total 123904K, used 8146K [0x0000000680000000, 0x0000000687900000, 0x0000000755580000)
  object space 123904K, 6% used [0x0000000680000000,0x00000006807f4920,0x0000000687900000)
 Metaspace       used 33293K, capacity 35386K, committed 35496K, reserved 1079296K
  class space    used 4385K, capacity 4795K, committed 4864K, reserved 1048576K
Event: 2.569 GC heap after
Heap after GC invocations=6 (full 1):
 PSYoungGen      total 140288K, used 8642K [0x0000000755580000, 0x0000000765d80000, 0x00000007c0000000)
  eden space 126976K, 0% used [0x0000000755580000,0x0000000755580000,0x000000075d180000)
  from space 13312K, 64% used [0x000000075d180000,0x000000075d9f0b40,0x000000075de80000)
  to   space 16384K, 0% used [0x0000000764d80000,0x0000000764d80000,0x0000000765d80000)
 ParOldGen       total 123904K, used 8154K [0x0000000680000000, 0x0000000687900000, 0x0000000755580000)
  object space 123904K, 6% used [0x0000000680000000,0x00000006807f6920,0x0000000687900000)
 Metaspace       used 33293K, capacity 35386K, committed 35496K, reserved 1079296K
  class space    used 4385K, capacity 4795K, committed 4864K, reserved 1048576K
}
Event: 2.569 GC heap before
{Heap before GC invocations=7 (full 2):
 PSYoungGen      total 140288K, used 8642K [0x0000000755580000, 0x0000000765d80000, 0x00000007c0000000)
  eden space 126976K, 0% used [0x0000000755580000,0x0000000755580000,0x000000075d180000)
  from space 13312K, 64% used [0x000000075d180000,0x000000075d9f0b40,0x000000075de80000)
  to   space 16384K, 0% used [0x0000000764d80000,0x0000000764d80000,0x0000000765d80000)
 ParOldGen       total 123904K, used 8154K [0x0000000680000000, 0x0000000687900000, 0x0000000755580000)
  object space 123904K, 6% used [0x0000000680000000,0x00000006807f6920,0x0000000687900000)
 Metaspace       used 33293K, capacity 35386K, committed 35496K, reserved 1079296K
  class space    used 4385K, capacity 4795K, committed 4864K, reserved 1048576K
Event: 2.603 GC heap after
Heap after GC invocations=7 (full 2):
 PSYoungGen      total 140288K, used 0K [0x0000000755580000, 0x0000000765d80000, 0x00000007c0000000)
  eden space 126976K, 0% used [0x0000000755580000,0x0000000755580000,0x000000075d180000)
  from space 13312K, 0% used [0x000000075d180000,0x000000075d180000,0x000000075de80000)
  to   space 16384K, 0% used [0x0000000764d80000,0x0000000764d80000,0x0000000765d80000)
 ParOldGen       total 150016K, used 13748K [0x0000000680000000, 0x0000000689280000, 0x0000000755580000)
  object space 150016K, 9% used [0x0000000680000000,0x0000000680d6d090,0x0000000689280000)
 Metaspace       used 33293K, capacity 35386K, committed 35496K, reserved 1079296K
  class space    used 4385K, capacity 4795K, committed 4864K, reserved 1048576K
}
Event: 12.300 GC heap before
{Heap before GC invocations=8 (full 2):
 PSYoungGen      total 140288K, used 126976K [0x0000000755580000, 0x0000000765d80000, 0x00000007c0000000)
  eden space 126976K, 100% used [0x0000000755580000,0x000000075d180000,0x000000075d180000)
  from space 13312K, 0% used [0x000000075d180000,0x000000075d180000,0x000000075de80000)
  to   space 16384K, 0% used [0x0000000764d80000,0x0000000764d80000,0x0000000765d80000)
 ParOldGen       total 150016K, used 13748K [0x0000000680000000, 0x0000000689280000, 0x0000000755580000)
  object space 150016K, 9% used [0x0000000680000000,0x0000000680d6d090,0x0000000689280000)
 Metaspace       used 41475K, capacity 44296K, committed 44416K, reserved 1087488K
  class space    used 5475K, capacity 5970K, committed 6016K, reserved 1048576K
Event: 12.308 GC heap after
Heap after GC invocations=8 (full 2):
 PSYoungGen      total 239616K, used 11389K [0x0000000755580000, 0x0000000765900000, 0x00000007c0000000)
  eden space 227840K, 0% used [0x0000000755580000,0x0000000755580000,0x0000000763400000)
  from space 11776K, 96% used [0x0000000764d80000,0x000000076589f5d8,0x0000000765900000)
  to   space 15872K, 0% used [0x0000000763a00000,0x0000000763a00000,0x0000000764980000)
 ParOldGen       total 150016K, used 13756K [0x0000000680000000, 0x0000000689280000, 0x0000000755580000)
  object space 150016K, 9% used [0x0000000680000000,0x0000000680d6f090,0x0000000689280000)
 Metaspace       used 41475K, capacity 44296K, committed 44416K, reserved 1087488K
  class space    used 5475K, capacity 5970K, committed 6016K, reserved 1048576K
}
Event: 704.969 GC heap before
{Heap before GC invocations=9 (full 2):
 PSYoungGen      total 239616K, used 239229K [0x0000000755580000, 0x0000000765900000, 0x00000007c0000000)
  eden space 227840K, 100% used [0x0000000755580000,0x0000000763400000,0x0000000763400000)
  from space 11776K, 96% used [0x0000000764d80000,0x000000076589f5d8,0x0000000765900000)
  to   space 15872K, 0% used [0x0000000763a00000,0x0000000763a00000,0x0000000764980000)
 ParOldGen       total 150016K, used 13756K [0x0000000680000000, 0x0000000689280000, 0x0000000755580000)
  object space 150016K, 9% used [0x0000000680000000,0x0000000680d6f090,0x0000000689280000)
 Metaspace       used 49220K, capacity 52302K, committed 52608K, reserved 1095680K
  class space    used 6151K, capacity 6669K, committed 6784K, reserved 1048576K
Event: 704.985 GC heap after
Heap after GC invocations=9 (full 2):
 PSYoungGen      total 249856K, used 15860K [0x0000000755580000, 0x0000000770180000, 0x00000007c0000000)
  eden space 233984K, 0% used [0x0000000755580000,0x0000000755580000,0x0000000763a00000)
  from space 15872K, 99% used [0x0000000763a00000,0x000000076497d098,0x0000000764980000)
  to   space 20480K, 0% used [0x000000076ed80000,0x000000076ed80000,0x0000000770180000)
 ParOldGen       total 150016K, used 19450K [0x0000000680000000, 0x0000000689280000, 0x0000000755580000)
  object space 150016K, 12% used [0x0000000680000000,0x00000006812fe9e0,0x0000000689280000)
 Metaspace       used 49220K, capacity 52302K, committed 52608K, reserved 1095680K
  class space    used 6151K, capacity 6669K, committed 6784K, reserved 1048576K
}

Deoptimization events (0 events):
No events

Internal exceptions (10 events):
Event: 20.268 Thread 0x0000000020b3a000 Exception <a 'java/lang/ClassNotFoundException': com/kps/vo/MemberVOBeanInfo> (0x00000007591b5960) thrown at [C:\re\workspace\8-2-build-windows-amd64-cygwin\jdk8u144\9417\hotspot\src\share\vm\classfile\systemDictionary.cpp, line 210]
Event: 20.268 Thread 0x0000000020b3a000 Exception <a 'java/lang/ClassNotFoundException': java/lang/ObjectBeanInfo> (0x00000007591bdeb0) thrown at [C:\re\workspace\8-2-build-windows-amd64-cygwin\jdk8u144\9417\hotspot\src\share\vm\classfile\systemDictionary.cpp, line 210]
Event: 20.269 Thread 0x0000000020b3a000 Exception <a 'java/lang/ClassNotFoundException': java/lang/ObjectCustomizer> (0x00000007591c6430) thrown at [C:\re\workspace\8-2-build-windows-amd64-cygwin\jdk8u144\9417\hotspot\src\share\vm\classfile\systemDictionary.cpp, line 210]
Event: 20.270 Thread 0x0000000020b3a000 Exception <a 'java/lang/ClassNotFoundException': com/kps/vo/MemberVOCustomizer> (0x00000007591d9290) thrown at [C:\re\workspace\8-2-build-windows-amd64-cygwin\jdk8u144\9417\hotspot\src\share\vm\classfile\systemDictionary.cpp, line 210]
Event: 497.177 Thread 0x0000000020b3a000 Exception <a 'java/lang/ArrayIndexOutOfBoundsException'> (0x000000075b053cd0) thrown at [C:\re\workspace\8-2-build-windows-amd64-cygwin\jdk8u144\9417\hotspot\src\share\vm\runtime\sharedRuntime.cpp, line 605]
Event: 516.471 Thread 0x0000000020b3f000 Exception <a 'java/lang/ArrayIndexOutOfBoundsException'> (0x000000075bb479f8) thrown at [C:\re\workspace\8-2-build-windows-amd64-cygwin\jdk8u144\9417\hotspot\src\share\vm\runtime\sharedRuntime.cpp, line 605]
Event: 694.953 Thread 0x0000000022ddc800 Exception <a 'java/lang/ClassNotFoundException': java/lang/ObjectCustomizer> (0x000000075d03e538) thrown at [C:\re\workspace\8-2-build-windows-amd64-cygwin\jdk8u144\9417\hotspot\src\share\vm\classfile\systemDictionary.cpp, line 210]
Event: 694.954 Thread 0x0000000022ddc800 Exception <a 'java/lang/ClassNotFoundException': com/kps/vo/SearchParamVOCustomizer> (0x000000075d051978) thrown at [C:\re\workspace\8-2-build-windows-amd64-cygwin\jdk8u144\9417\hotspot\src\share\vm\classfile\systemDictionary.cpp, line 210]
Event: 694.973 Thread 0x0000000022ddc800 Exception <a 'java/lang/ArrayIndexOutOfBoundsException'> (0x000000075d1ed940) thrown at [C:\re\workspace\8-2-build-windows-amd64-cygwin\jdk8u144\9417\hotspot\src\share\vm\runtime\sharedRuntime.cpp, line 605]
Event: 706.679 Thread 0x0000000022ddc800 Exception <a 'java/lang/ArrayIndexOutOfBoundsException'> (0x000000075b606170) thrown at [C:\re\workspace\8-2-build-windows-amd64-cygwin\jdk8u144\9417\hotspot\src\share\vm\runtime\sharedRuntime.cpp, line 605]

Events (10 events):
Event: 1763.196 Thread 0x0000000022869000 DEOPT UNPACKING pc=0x0000000002db787f sp=0x0000000023a9ed78 mode 1
Event: 1763.196 Thread 0x0000000022869000 Thread exited: 0x0000000022869000
Event: 1768.201 Executing VM operation: RevokeBias
Event: 1768.201 Executing VM operation: RevokeBias done
Event: 1768.201 Thread 0x0000000020b39000 Thread exited: 0x0000000020b39000
Event: 1771.735 Thread 0x0000000020b39000 Thread added: 0x0000000020b39000
Event: 1778.177 Executing VM operation: RevokeBias
Event: 1778.177 Executing VM operation: RevokeBias done
Event: 1778.177 Thread 0x0000000020b39000 Thread exited: 0x0000000020b39000
Event: 1779.167 Thread 0x0000000020b39000 Thread added: 0x0000000020b39000


Dynamic libraries:
0x00007ff66ea50000 - 0x00007ff66ea87000 	C:\Program Files\Java\jre1.8.0_144\bin\javaw.exe
0x00007ffeb0d30000 - 0x00007ffeb0f25000 	C:\WINDOWS\SYSTEM32\ntdll.dll
0x00007ffeaef20000 - 0x00007ffeaefde000 	C:\WINDOWS\System32\KERNEL32.DLL
0x00007ffeae540000 - 0x00007ffeae808000 	C:\WINDOWS\System32\KERNELBASE.dll
0x00007ffeb0c40000 - 0x00007ffeb0cec000 	C:\WINDOWS\System32\ADVAPI32.dll
0x00007ffeafb40000 - 0x00007ffeafbde000 	C:\WINDOWS\System32\msvcrt.dll
0x00007ffeaf2a0000 - 0x00007ffeaf33b000 	C:\WINDOWS\System32\sechost.dll
0x00007ffeaf170000 - 0x00007ffeaf29a000 	C:\WINDOWS\System32\RPCRT4.dll
0x00007ffeb0a00000 - 0x00007ffeb0ba1000 	C:\WINDOWS\System32\USER32.dll
0x00007ffeaecf0000 - 0x00007ffeaed12000 	C:\WINDOWS\System32\win32u.dll
0x00007ffeb0c10000 - 0x00007ffeb0c3b000 	C:\WINDOWS\System32\GDI32.dll
0x00007ffeae8c0000 - 0x00007ffeae9cd000 	C:\WINDOWS\System32\gdi32full.dll
0x00007ffeae440000 - 0x00007ffeae4dd000 	C:\WINDOWS\System32\msvcp_win.dll
0x00007ffeaea00000 - 0x00007ffeaeb00000 	C:\WINDOWS\System32\ucrtbase.dll
0x00007ffea4b60000 - 0x00007ffea4dfa000 	C:\WINDOWS\WinSxS\amd64_microsoft.windows.common-controls_6595b64144ccf1df_6.0.19041.1110_none_60b5254171f9507e\COMCTL32.dll
0x00007ffeafd90000 - 0x00007ffeafdc0000 	C:\WINDOWS\System32\IMM32.DLL
0x0000000073ff0000 - 0x00000000740c2000 	C:\Program Files\Java\jre1.8.0_144\bin\msvcr100.dll
0x00000000742e0000 - 0x0000000074b7d000 	C:\Program Files\Java\jre1.8.0_144\bin\server\jvm.dll
0x00007ffeafee0000 - 0x00007ffeafee8000 	C:\WINDOWS\System32\PSAPI.DLL
0x00007ffe9e850000 - 0x00007ffe9e859000 	C:\WINDOWS\SYSTEM32\WSOCK32.dll
0x00007ffea0da0000 - 0x00007ffea0dc7000 	C:\WINDOWS\SYSTEM32\WINMM.dll
0x00007ffea8c10000 - 0x00007ffea8c1a000 	C:\WINDOWS\SYSTEM32\VERSION.dll
0x00007ffeafbe0000 - 0x00007ffeafc4b000 	C:\WINDOWS\System32\WS2_32.dll
0x00000000741f0000 - 0x00000000741ff000 	C:\Program Files\Java\jre1.8.0_144\bin\verify.dll
0x00000000741c0000 - 0x00000000741e9000 	C:\Program Files\Java\jre1.8.0_144\bin\java.dll
0x0000000073fb0000 - 0x0000000073fe5000 	C:\Program Files\Java\jre1.8.0_144\bin\jdwp.dll
0x0000000073fa0000 - 0x0000000073fa8000 	C:\Program Files\Java\jre1.8.0_144\bin\npt.dll
0x0000000074170000 - 0x0000000074186000 	C:\Program Files\Java\jre1.8.0_144\bin\zip.dll
0x00007ffeaff80000 - 0x00007ffeb06c4000 	C:\WINDOWS\System32\SHELL32.dll
0x00007ffeac550000 - 0x00007ffeacce4000 	C:\WINDOWS\SYSTEM32\windows.storage.dll
0x00007ffeaf340000 - 0x00007ffeaf695000 	C:\WINDOWS\System32\combase.dll
0x00007ffeaddc0000 - 0x00007ffeaddee000 	C:\WINDOWS\SYSTEM32\Wldp.dll
0x00007ffeafdc0000 - 0x00007ffeafe6d000 	C:\WINDOWS\System32\SHCORE.dll
0x00007ffeafe80000 - 0x00007ffeafed5000 	C:\WINDOWS\System32\shlwapi.dll
0x00007ffeae380000 - 0x00007ffeae39f000 	C:\WINDOWS\SYSTEM32\profapi.dll
0x0000000073f90000 - 0x0000000073f99000 	C:\Program Files\Java\jre1.8.0_144\bin\dt_socket.dll
0x00007ffe9e410000 - 0x00007ffe9e427000 	C:\WINDOWS\system32\napinsp.dll
0x00007ffe9d460000 - 0x00007ffe9d47b000 	C:\WINDOWS\system32\pnrpnsp.dll
0x00007ffe9e3e0000 - 0x00007ffe9e3f5000 	C:\WINDOWS\system32\wshbth.dll
0x00007ffea9e70000 - 0x00007ffea9e8d000 	C:\WINDOWS\system32\NLAapi.dll
0x00007ffead810000 - 0x00007ffead84b000 	C:\WINDOWS\SYSTEM32\IPHLPAPI.DLL
0x00007ffeadb20000 - 0x00007ffeadb8a000 	C:\WINDOWS\System32\mswsock.dll
0x00007ffead850000 - 0x00007ffead91b000 	C:\WINDOWS\SYSTEM32\DNSAPI.dll
0x00007ffeafe70000 - 0x00007ffeafe78000 	C:\WINDOWS\System32\NSI.dll
0x00007ffe9d440000 - 0x00007ffe9d452000 	C:\WINDOWS\System32\winrnr.dll
0x00007ffea6300000 - 0x00007ffea637f000 	C:\WINDOWS\System32\fwpuclnt.dll
0x00007ffeae9d0000 - 0x00007ffeae9f7000 	C:\WINDOWS\System32\bcrypt.dll
0x00007ffea6440000 - 0x00007ffea644a000 	C:\Windows\System32\rasadhlp.dll
0x0000000073f80000 - 0x0000000073f8d000 	C:\Program Files\Java\jre1.8.0_144\bin\management.dll
0x0000000074150000 - 0x000000007416a000 	C:\Program Files\Java\jre1.8.0_144\bin\net.dll
0x0000000074130000 - 0x0000000074141000 	C:\Program Files\Java\jre1.8.0_144\bin\nio.dll
0x00007ffeadd10000 - 0x00007ffeadd28000 	C:\WINDOWS\SYSTEM32\CRYPTSP.dll
0x00007ffead4a0000 - 0x00007ffead4d4000 	C:\WINDOWS\system32\rsaenh.dll
0x00007ffeae2f0000 - 0x00007ffeae31e000 	C:\WINDOWS\SYSTEM32\USERENV.dll
0x00007ffeaeb00000 - 0x00007ffeaeb82000 	C:\WINDOWS\System32\bcryptprimitives.dll
0x00007ffeadd30000 - 0x00007ffeadd3c000 	C:\WINDOWS\SYSTEM32\CRYPTBASE.dll
0x00007ffea8b50000 - 0x00007ffea8b67000 	C:\WINDOWS\SYSTEM32\dhcpcsvc6.DLL
0x00007ffea88c0000 - 0x00007ffea88dd000 	C:\WINDOWS\SYSTEM32\dhcpcsvc.DLL
0x00007ffea2f30000 - 0x00007ffea3114000 	C:\WINDOWS\SYSTEM32\dbghelp.dll

VM Arguments:
jvm_args: -Djava.net.preferIPv4Stack=true -agentlib:jdwp=transport=dt_socket,suspend=y,address=localhost:63930 -Dcom.sun.management.jmxremote -Dcom.sun.management.jmxremote.port=63929 -Dcom.sun.management.jmxremote.authenticate=false -Dcom.sun.management.jmxremote.ssl=false -Djava.rmi.server.hostname=localhost -Dspring.jmx.enabled=true -Dspring.liveBeansView.mbeanDomain -Xverify:none -XX:TieredStopAtLevel=1 -Dfile.encoding=UTF-8 
java_command: com.kps.StatisticApplication
java_class_path (initial): D:\StatsExtract\statistic\target\classes;C:\Users\jsh\.m2\repository\org\springframework\boot\spring-boot-starter-web\2.5.4\spring-boot-starter-web-2.5.4.jar;C:\Users\jsh\.m2\repository\org\springframework\boot\spring-boot-starter\2.5.4\spring-boot-starter-2.5.4.jar;C:\Users\jsh\.m2\repository\org\springframework\boot\spring-boot-starter-logging\2.5.4\spring-boot-starter-logging-2.5.4.jar;C:\Users\jsh\.m2\repository\ch\qos\logback\logback-classic\1.2.5\logback-classic-1.2.5.jar;C:\Users\jsh\.m2\repository\ch\qos\logback\logback-core\1.2.5\logback-core-1.2.5.jar;C:\Users\jsh\.m2\repository\org\apache\logging\log4j\log4j-to-slf4j\2.14.1\log4j-to-slf4j-2.14.1.jar;C:\Users\jsh\.m2\repository\org\apache\logging\log4j\log4j-api\2.14.1\log4j-api-2.14.1.jar;C:\Users\jsh\.m2\repository\org\slf4j\jul-to-slf4j\1.7.32\jul-to-slf4j-1.7.32.jar;C:\Users\jsh\.m2\repository\jakarta\annotation\jakarta.annotation-api\1.3.5\jakarta.annotation-api-1.3.5.jar;C:\Users\jsh\.m2\repository\org\yaml\snakeyaml\1.28\snakeyaml-1.28.jar;C:\Users\jsh\.m2\repository\org\springframework\boot\spring-boot-starter-json\2.5.4\spring-boot-starter-json-2.5.4.jar;C:\Users\jsh\.m2\repository\com\fasterxml\jackson\core\jackson-databind\2.12.4\jackson-databind-2.12.4.jar;C:\Users\jsh\.m2\repository\com\fasterxml\jackson\core\jackson-annotations\2.12.4\jackson-annotations-2.12.4.jar;C:\Users\jsh\.m2\repository\com\fasterxml\jackson\core\jackson-core\2.12.4\jackson-core-2.12.4.jar;C:\Users\jsh\.m2\repository\com\fasterxml\jackson\datatype\jackson-datatype-jdk8\2.12.4\jackson-datatype-jdk8-2.12.4.jar;C:\Users\jsh\.m2\repository\com\fasterxml\jackson\datatype\jackson-datatype-jsr310\2.12.4\jackson-datatype-jsr310-2.12.4.jar;C:\Users\jsh\.m2\repository\com\fasterxml\jackson\module\jackson-module-parameter-names\2.12.4\jackson-module-parameter-names-2.12.4.jar;C:\Users\jsh\.m2\repository\org\springframework\boot\spring-boot-starter-tomcat\2.5.4\spring-boot-starter-tomcat-2.5.4.jar;C:\Us
Launcher Type: SUN_STANDARD

Environment Variables:
JAVA_TOOL_OPTIONS=-Djava.net.preferIPv4Stack=true
CLASSPATH=.;
PATH=C:/Program Files/Java/jre1.8.0_144/bin/server;C:/Program Files/Java/jre1.8.0_144/bin;C:/Program Files/Java/jre1.8.0_144/lib/amd64;C:\ProgramData\Oracle\Java\javapath;C:\WINDOWS\system32;C:\WINDOWS;C:\WINDOWS\System32\Wbem;C:\WINDOWS\System32\WindowsPowerShell\v1.0\;C:\WINDOWS\System32\OpenSSH\;C:\Program Files\Java\jdk1.8.0_144\bin;C:\Program Files (x86)\Microsoft SQL Server\150\DTS\Binn\;C:\Program Files\nodejs\;C:\Program Files\Git\cmd;C:\Program Files\MySQL\MySQL Server 8.0\bin;C:\Program Files\Microsoft SQL Server\130\Tools\Binn\;C:\Program Files (x86)\Microsoft SQL Server\110\DTS\Binn\;C:\Program Files (x86)\Microsoft SQL Server\120\DTS\Binn\;C:\Program Files (x86)\Microsoft SQL Server\130\DTS\Binn\;C:\Program Files (x86)\Microsoft SQL Server\140\DTS\Binn\;C:\Program Files\MySQL\MySQL Shell 8.0\bin\;C:\Users\jsh\AppData\Local\Microsoft\WindowsApps;C:\Users\jsh\AppData\Roaming\npm;C:\Users\jsh\AppData\Local\Programs\Microsoft VS Code\bin;;C:\eclipse-86_64\eclipse;
USERNAME=jsh
OS=Windows_NT
PROCESSOR_IDENTIFIER=Intel64 Family 6 Model 158 Stepping 13, GenuineIntel



---------------  S Y S T E M  ---------------

OS: Windows 10.0 , 64 bit Build 19041 (10.0.19041.1348)

CPU:total 4 (initial active 4) (4 cores per cpu, 1 threads per core) family 6 model 158 stepping 13, cmov, cx8, fxsr, mmx, sse, sse2, sse3, ssse3, sse4.1, sse4.2, popcnt, avx, avx2, aes, clmul, 3dnowpref, lzcnt, tsc, tscinvbit

Memory: 4k page, physical 20971060k(10803636k free), swap 24116788k(10577016k free)

vm_info: Java HotSpot(TM) 64-Bit Server VM (25.144-b01) for windows-amd64 JRE (1.8.0_144-b01), built on Jul 21 2017 21:57:33 by "java_re" with MS VC++ 10.0 (VS2010)

time: Tue Jan 11 10:38:14 2022
elapsed time: 1780 seconds (0d 0h 29m 40s)

