#
# A fatal error has been detected by the Java Runtime Environment:
#
#  EXCEPTION_ACCESS_VIOLATION (0xc0000005) at pc=0x00007ffc6c5d3416, pid=4132, tid=0x0000000000002124
#
# JRE version: Java(TM) SE Runtime Environment (8.0_144-b01) (build 1.8.0_144-b01)
# Java VM: Java HotSpot(TM) 64-Bit Server VM (25.144-b01 mixed mode windows-amd64 compressed oops)
# Problematic frame:
# C  [ntdll.dll+0x63416]
#
# Failed to write core dump. Minidumps are not enabled by default on client versions of Windows
#
# If you would like to submit a bug report, please visit:
#   http://bugreport.java.com/bugreport/crash.jsp
# The crash happened outside the Java Virtual Machine in native code.
# See problematic frame for where to report the bug.
#

---------------  T H R E A D  ---------------

Current thread (0x000000002532b000):  JavaThread "HikariPool-1 connection adder" daemon [_thread_in_native, id=8484, stack(0x0000000024500000,0x0000000024600000)]

siginfo: ExceptionCode=0xc0000005, writing address 0x0000000000000024

Registers:
RAX=0x0000000000000000, RBX=0x0000000000c97c90, RCX=0x0000000000c97c90, RDX=0x00000000fffffffa
RSP=0x00000000245fd620, RBP=0x0000000000000000, RSI=0x0000000000000000, RDI=0x0000000000000000
R8 =0x0000000000000000, R9 =0x0000000000c97c00, R10=0x000000000000003d, R11=0x0000000000c70328
R12=0x0000000000000000, R13=0x0000000000838000, R14=0x0000000000000001, R15=0x0000000000000000
RIP=0x00007ffc6c5d3416, EFLAGS=0x0000000000010213

Top of Stack: (sp=0x00000000245fd620)
0x00000000245fd620:   ffffffffffffffff 0000000000c97c90
0x00000000245fd630:   00000000245fd668 00000000243e75f0
0x00000000245fd640:   0000000000000000 00007ffc6c59b86b
0x00000000245fd650:   000000000000000a 000000000000004d
0x00000000245fd660:   0000000000c74f00 00000007fffffffa
0x00000000245fd670:   0000000000838000 00000000244d93c6
0x00000000245fd680:   0000000000000000 0000000000740fc0
0x00000000245fd690:   0000000000000000 0000000000740000
0x00000000245fd6a0:   00000000007402b8 00000000245fd718
0x00000000245fd6b0:   00008388f780ffe4 0000000000740cc0
0x00000000245fd6c0:   00007ffc69370000 0000000000000001
0x00000000245fd6d0:   0000000000000001 0000000000000001
0x00000000245fd6e0:   0000000000000000 0000000000c97c90
0x00000000245fd6f0:   0000000000000000 00007ffc6c59fcb4
0x00000000245fd700:   0000000000000006 00007ffc6c59b3c7
0x00000000245fd710:   00000000fffffffa 0000000700000000 

Instructions: (pc=0x00007ffc6c5d3416)
0x00007ffc6c5d33f6:   48 39 73 18 0f 84 d2 00 00 00 48 8b 03 48 83 f8
0x00007ffc6c5d3406:   ff 0f 84 d2 00 00 00 44 8b fe 48 83 f8 ff 74 03
0x00007ffc6c5d3416:   ff 40 24 4c 8b 73 18 4c 8d 2d d4 10 10 00 bd 22
0x00007ffc6c5d3426:   17 00 00 e8 22 14 fc ff 85 c0 0f 85 be b2 05 00 


Register to memory mapping:

RAX=0x0000000000000000 is an unknown value
RBX=0x0000000000c97c90 is an unknown value
RCX=0x0000000000c97c90 is an unknown value
RDX=0x00000000fffffffa is an unknown value
RSP=0x00000000245fd620 is pointing into the stack for thread: 0x000000002532b000
RBP=0x0000000000000000 is an unknown value
RSI=0x0000000000000000 is an unknown value
RDI=0x0000000000000000 is an unknown value
R8 =0x0000000000000000 is an unknown value
R9 =0x0000000000c97c00 is an unknown value
R10=0x000000000000003d is an unknown value
R11=0x0000000000c70328 is an unknown value
R12=0x0000000000000000 is an unknown value
R13=0x0000000000838000 is an unknown value
R14=0x0000000000000001 is an unknown value
R15=0x0000000000000000 is an unknown value


Stack: [0x0000000024500000,0x0000000024600000],  sp=0x00000000245fd620,  free space=1013k
Native frames: (J=compiled Java code, j=interpreted, Vv=VM code, C=native code)

Java frames: (J=compiled Java code, j=interpreted, Vv=VM code)
j  java.net.TwoStacksPlainSocketImpl.socketConnect(Ljava/net/InetAddress;II)V+0
j  java.net.AbstractPlainSocketImpl.doConnect(Ljava/net/InetAddress;II)V+64
j  java.net.AbstractPlainSocketImpl.connectToAddress(Ljava/net/InetAddress;II)V+23
j  java.net.AbstractPlainSocketImpl.connect(Ljava/net/SocketAddress;I)V+78
j  java.net.PlainSocketImpl.connect(Ljava/net/SocketAddress;I)V+6
j  java.net.SocksSocketImpl.connect(Ljava/net/SocketAddress;I)V+381
j  java.net.Socket.connect(Ljava/net/SocketAddress;I)V+179
j  com.microsoft.sqlserver.jdbc.SocketFinder.getConnectedSocket(Ljava/net/InetSocketAddress;I)Ljava/net/Socket;+62
j  com.microsoft.sqlserver.jdbc.SocketFinder.getDefaultSocket(Ljava/lang/String;II)Ljava/net/Socket;+93
j  com.microsoft.sqlserver.jdbc.SocketFinder.findSocket(Ljava/lang/String;IIZZZI)Ljava/net/Socket;+44
j  com.microsoft.sqlserver.jdbc.TDSChannel.open(Ljava/lang/String;IIZZZI)Ljava/net/InetSocketAddress;+72
j  com.microsoft.sqlserver.jdbc.SQLServerConnection.connectHelper(Lcom/microsoft/sqlserver/jdbc/ServerPortPlaceHolder;IIZZZI)Ljava/net/InetSocketAddress;+157
j  com.microsoft.sqlserver.jdbc.SQLServerConnection.login(Ljava/lang/String;Ljava/lang/String;ILjava/lang/String;Lcom/microsoft/sqlserver/jdbc/FailoverInfo;IJ)V+552
j  com.microsoft.sqlserver.jdbc.SQLServerConnection.connectInternal(Ljava/util/Properties;Lcom/microsoft/sqlserver/jdbc/SQLServerPooledConnection;)Ljava/sql/Connection;+5806
j  com.microsoft.sqlserver.jdbc.SQLServerConnection.connect(Ljava/util/Properties;Lcom/microsoft/sqlserver/jdbc/SQLServerPooledConnection;)Ljava/sql/Connection;+13
j  com.microsoft.sqlserver.jdbc.SQLServerDriver.connect(Ljava/lang/String;Ljava/util/Properties;)Ljava/sql/Connection;+66
j  net.sf.log4jdbc.sql.jdbcapi.DriverSpy.connect(Ljava/lang/String;Ljava/util/Properties;)Ljava/sql/Connection;+31
j  com.zaxxer.hikari.util.DriverDataSource.getConnection(Ljava/lang/String;Ljava/lang/String;)Ljava/sql/Connection;+61
j  com.zaxxer.hikari.pool.PoolBase.newConnection()Ljava/sql/Connection;+49
j  com.zaxxer.hikari.pool.PoolBase.newPoolEntry()Lcom/zaxxer/hikari/pool/PoolEntry;+5
j  com.zaxxer.hikari.pool.HikariPool.createPoolEntry()Lcom/zaxxer/hikari/pool/PoolEntry;+1
j  com.zaxxer.hikari.pool.HikariPool.access$100(Lcom/zaxxer/hikari/pool/HikariPool;)Lcom/zaxxer/hikari/pool/PoolEntry;+1
j  com.zaxxer.hikari.pool.HikariPool$PoolEntryCreator.call()Ljava/lang/Boolean;+25
j  com.zaxxer.hikari.pool.HikariPool$PoolEntryCreator.call()Ljava/lang/Object;+1
j  java.util.concurrent.FutureTask.run()V+42
j  java.util.concurrent.ThreadPoolExecutor.runWorker(Ljava/util/concurrent/ThreadPoolExecutor$Worker;)V+95
j  java.util.concurrent.ThreadPoolExecutor$Worker.run()V+5
j  java.lang.Thread.run()V+11
v  ~StubRoutines::call_stub

---------------  P R O C E S S  ---------------

Java Threads: ( => current thread )
  0x000000002532a800 JavaThread "HikariPool-1 connection closer" daemon [_thread_blocked, id=9124, stack(0x0000000000f30000,0x0000000001030000)]
=>0x000000002532b000 JavaThread "HikariPool-1 connection adder" daemon [_thread_in_native, id=8484, stack(0x0000000024500000,0x0000000024600000)]
  0x0000000025326800 JavaThread "http-nio-8080-exec-10" daemon [_thread_blocked, id=6796, stack(0x0000000026dd0000,0x0000000026ed0000)]
  0x000000002532c000 JavaThread "http-nio-8080-exec-9" daemon [_thread_blocked, id=3252, stack(0x0000000026cd0000,0x0000000026dd0000)]
  0x0000000025329000 JavaThread "http-nio-8080-exec-8" daemon [_thread_blocked, id=11968, stack(0x0000000026bd0000,0x0000000026cd0000)]
  0x0000000025329800 JavaThread "http-nio-8080-exec-7" daemon [_thread_blocked, id=9476, stack(0x0000000026ad0000,0x0000000026bd0000)]
  0x0000000025328000 JavaThread "http-nio-8080-exec-6" daemon [_thread_blocked, id=132, stack(0x00000000269d0000,0x0000000026ad0000)]
  0x0000000023160000 JavaThread "http-nio-8080-exec-5" daemon [_thread_blocked, id=7516, stack(0x00000000268d0000,0x00000000269d0000)]
  0x000000002315b800 JavaThread "http-nio-8080-exec-4" daemon [_thread_blocked, id=3684, stack(0x00000000267d0000,0x00000000268d0000)]
  0x000000002315f000 JavaThread "http-nio-8080-exec-3" daemon [_thread_blocked, id=10552, stack(0x00000000266d0000,0x00000000267d0000)]
  0x000000002315e800 JavaThread "http-nio-8080-exec-2" daemon [_thread_blocked, id=12048, stack(0x0000000021c30000,0x0000000021d30000)]
  0x000000002315d000 JavaThread "http-nio-8080-exec-1" daemon [_thread_blocked, id=3332, stack(0x0000000021d30000,0x0000000021e30000)]
  0x0000000023159000 JavaThread "DestroyJavaVM" [_thread_blocked, id=7064, stack(0x0000000002bc0000,0x0000000002cc0000)]
  0x000000002315d800 JavaThread "http-nio-8080-Acceptor" daemon [_thread_in_native, id=9844, stack(0x0000000024e00000,0x0000000024f00000)]
  0x000000002315a000 JavaThread "http-nio-8080-Poller" daemon [_thread_in_native, id=11688, stack(0x0000000024c00000,0x0000000024d00000)]
  0x000000002315c000 JavaThread "Live Reload Server" daemon [_thread_in_native, id=10300, stack(0x0000000024d00000,0x0000000024e00000)]
  0x000000002315a800 JavaThread "File Watcher" daemon [_thread_blocked, id=10308, stack(0x0000000024b00000,0x0000000024c00000)]
  0x00000000230b0800 JavaThread "HikariPool-1 housekeeper" daemon [_thread_blocked, id=11516, stack(0x0000000024a00000,0x0000000024b00000)]
  0x0000000022def800 JavaThread "container-0" [_thread_blocked, id=9148, stack(0x0000000024000000,0x0000000024100000)]
  0x0000000022dec800 JavaThread "Catalina-utility-2" [_thread_blocked, id=1688, stack(0x0000000023f00000,0x0000000024000000)]
  0x0000000022dc2800 JavaThread "Catalina-utility-1" [_thread_blocked, id=4536, stack(0x0000000022030000,0x0000000022130000)]
  0x0000000020d15000 JavaThread "RMI TCP Accept-0" daemon [_thread_in_native, id=10352, stack(0x0000000021550000,0x0000000021650000)]
  0x0000000020d03800 JavaThread "RMI TCP Accept-59733" daemon [_thread_in_native, id=12220, stack(0x0000000021450000,0x0000000021550000)]
  0x0000000020cf2000 JavaThread "RMI TCP Accept-0" daemon [_thread_in_native, id=11932, stack(0x0000000021350000,0x0000000021450000)]
  0x000000001ff17000 JavaThread "Service Thread" daemon [_thread_blocked, id=8624, stack(0x0000000020a50000,0x0000000020b50000)]
  0x000000001fe81000 JavaThread "C1 CompilerThread2" daemon [_thread_blocked, id=11184, stack(0x0000000020950000,0x0000000020a50000)]
  0x000000001fe7c000 JavaThread "C2 CompilerThread1" daemon [_thread_blocked, id=10556, stack(0x0000000020850000,0x0000000020950000)]
  0x000000001fe7a000 JavaThread "C2 CompilerThread0" daemon [_thread_blocked, id=136, stack(0x0000000020750000,0x0000000020850000)]
  0x000000001fe69800 JavaThread "JDWP Command Reader" daemon [_thread_in_native, id=1976, stack(0x0000000020650000,0x0000000020750000)]
  0x000000001fe68000 JavaThread "JDWP Event Helper Thread" daemon [_thread_blocked, id=7348, stack(0x0000000020550000,0x0000000020650000)]
  0x000000001fe59000 JavaThread "JDWP Transport Listener: dt_socket" daemon [_thread_blocked, id=7144, stack(0x0000000020450000,0x0000000020550000)]
  0x000000001fe50800 JavaThread "Attach Listener" daemon [_thread_blocked, id=2652, stack(0x0000000020350000,0x0000000020450000)]
  0x000000001eaae800 JavaThread "Signal Dispatcher" daemon [_thread_blocked, id=8600, stack(0x0000000020250000,0x0000000020350000)]
  0x0000000002dbe800 JavaThread "Finalizer" daemon [_thread_blocked, id=10620, stack(0x000000001fcc0000,0x000000001fdc0000)]
  0x000000001ea19000 JavaThread "Reference Handler" daemon [_thread_blocked, id=8812, stack(0x000000001fbc0000,0x000000001fcc0000)]

Other Threads:
  0x000000001ea17000 VMThread [stack: 0x000000001fac0000,0x000000001fbc0000] [id=3420]
  0x0000000020d18000 WatcherThread [stack: 0x0000000021650000,0x0000000021750000] [id=3896]

VM state:not at safepoint (normal execution)

VM Mutex/Monitor currently owned by a thread: None

Heap:
 PSYoungGen      total 218112K, used 125209K [0x0000000755580000, 0x0000000763d00000, 0x00000007c0000000)
  eden space 202240K, 54% used [0x0000000755580000,0x000000075c1cee58,0x0000000761b00000)
  from space 15872K, 90% used [0x0000000762d80000,0x0000000763b77890,0x0000000763d00000)
  to   space 17408K, 0% used [0x0000000761b00000,0x0000000761b00000,0x0000000762c00000)
 ParOldGen       total 169472K, used 18288K [0x0000000680000000, 0x000000068a580000, 0x0000000755580000)
  object space 169472K, 10% used [0x0000000680000000,0x00000006811dc1c8,0x000000068a580000)
 Metaspace       used 46730K, capacity 49812K, committed 50048K, reserved 1093632K
  class space    used 5895K, capacity 6450K, committed 6528K, reserved 1048576K

Card table byte_map: [0x0000000012180000,0x0000000012b90000] byte_map_base: 0x000000000ed80000

Marking Bits: (ParMarkBitMap*) 0x00000000658fd850
 Begin Bits: [0x0000000013640000, 0x0000000018640000)
 End Bits:   [0x0000000018640000, 0x000000001d640000)

Polling page: 0x00000000007f0000

CodeCache: size=245760Kb used=10067Kb max_used=10067Kb free=235692Kb
 bounds [0x0000000002dc0000, 0x00000000037a0000, 0x0000000011dc0000]
 total_blobs=5548 nmethods=5025 adapters=442
 compilation: enabled

Compilation events (10 events):
Event: 1743.416 Thread 0x000000001fe81000 5117       1       com.zaxxer.hikari.HikariConfig::getMaximumPoolSize (5 bytes)
Event: 1743.416 Thread 0x000000001fe81000 nmethod 5117 0x0000000003796d10 code [0x0000000003796e60, 0x0000000003796f70]
Event: 1743.416 Thread 0x000000001fe81000 5118       1       com.zaxxer.hikari.HikariConfig::getMinimumIdle (5 bytes)
Event: 1743.416 Thread 0x000000001fe81000 nmethod 5118 0x0000000003796fd0 code [0x0000000003797120, 0x0000000003797230]
Event: 1760.448 Thread 0x000000001fe81000 5119  s    1       java.util.Properties::setProperty (7 bytes)
Event: 1760.449 Thread 0x000000001fe81000 nmethod 5119 0x0000000003797290 code [0x0000000003797400, 0x00000000037976c8]
Event: 1760.449 Thread 0x000000001fe81000 5120       1       com.microsoft.sqlserver.jdbc.SQLServerDriverStringProperty::getDefaultValue (5 bytes)
Event: 1760.449 Thread 0x000000001fe81000 nmethod 5120 0x0000000003797790 code [0x00000000037978e0, 0x00000000037979f0]
Event: 1770.247 Thread 0x000000001fe81000 5121       1       java.util.logging.LogManager::getLogManager (16 bytes)
Event: 1770.248 Thread 0x000000001fe81000 nmethod 5121 0x0000000003797a50 code [0x0000000003797ba0, 0x0000000003797cc8]

GC Heap History (10 events):
Event: 1.981 GC heap before
{Heap before GC invocations=4 (full 1):
 PSYoungGen      total 95744K, used 82432K [0x0000000755580000, 0x0000000761080000, 0x00000007c0000000)
  eden space 82432K, 100% used [0x0000000755580000,0x000000075a600000,0x000000075a600000)
  from space 13312K, 0% used [0x000000075b300000,0x000000075b300000,0x000000075c000000)
  to   space 13312K, 0% used [0x000000075a600000,0x000000075a600000,0x000000075b300000)
 ParOldGen       total 141824K, used 7099K [0x0000000680000000, 0x0000000688a80000, 0x0000000755580000)
  object space 141824K, 5% used [0x0000000680000000,0x00000006806eeca8,0x0000000688a80000)
 Metaspace       used 26036K, capacity 27948K, committed 28032K, reserved 1073152K
  class space    used 3576K, capacity 3948K, committed 3968K, reserved 1048576K
Event: 1.986 GC heap after
Heap after GC invocations=4 (full 1):
 PSYoungGen      total 95744K, used 10404K [0x0000000755580000, 0x000000075da80000, 0x00000007c0000000)
  eden space 82432K, 0% used [0x0000000755580000,0x0000000755580000,0x000000075a600000)
  from space 13312K, 78% used [0x000000075a600000,0x000000075b029368,0x000000075b300000)
  to   space 13312K, 0% used [0x000000075cd80000,0x000000075cd80000,0x000000075da80000)
 ParOldGen       total 141824K, used 7107K [0x0000000680000000, 0x0000000688a80000, 0x0000000755580000)
  object space 141824K, 5% used [0x0000000680000000,0x00000006806f0ca8,0x0000000688a80000)
 Metaspace       used 26036K, capacity 27948K, committed 28032K, reserved 1073152K
  class space    used 3576K, capacity 3948K, committed 3968K, reserved 1048576K
}
Event: 2.554 GC heap before
{Heap before GC invocations=5 (full 1):
 PSYoungGen      total 95744K, used 92836K [0x0000000755580000, 0x000000075da80000, 0x00000007c0000000)
  eden space 82432K, 100% used [0x0000000755580000,0x000000075a600000,0x000000075a600000)
  from space 13312K, 78% used [0x000000075a600000,0x000000075b029368,0x000000075b300000)
  to   space 13312K, 0% used [0x000000075cd80000,0x000000075cd80000,0x000000075da80000)
 ParOldGen       total 141824K, used 7107K [0x0000000680000000, 0x0000000688a80000, 0x0000000755580000)
  object space 141824K, 5% used [0x0000000680000000,0x00000006806f0ca8,0x0000000688a80000)
 Metaspace       used 33147K, capacity 35404K, committed 35496K, reserved 1079296K
  class space    used 4523K, capacity 4922K, committed 4992K, reserved 1048576K
Event: 2.563 GC heap after
Heap after GC invocations=5 (full 1):
 PSYoungGen      total 122368K, used 13289K [0x0000000755580000, 0x000000075da80000, 0x00000007c0000000)
  eden space 109056K, 0% used [0x0000000755580000,0x0000000755580000,0x000000075c000000)
  from space 13312K, 99% used [0x000000075cd80000,0x000000075da7a5f8,0x000000075da80000)
  to   space 13312K, 0% used [0x000000075c080000,0x000000075c080000,0x000000075cd80000)
 ParOldGen       total 141824K, used 7972K [0x0000000680000000, 0x0000000688a80000, 0x0000000755580000)
  object space 141824K, 5% used [0x0000000680000000,0x00000006807c9260,0x0000000688a80000)
 Metaspace       used 33147K, capacity 35404K, committed 35496K, reserved 1079296K
  class space    used 4523K, capacity 4922K, committed 4992K, reserved 1048576K
}
Event: 2.563 GC heap before
{Heap before GC invocations=6 (full 1):
 PSYoungGen      total 122368K, used 15234K [0x0000000755580000, 0x000000075da80000, 0x00000007c0000000)
  eden space 109056K, 1% used [0x0000000755580000,0x0000000755766550,0x000000075c000000)
  from space 13312K, 99% used [0x000000075cd80000,0x000000075da7a5f8,0x000000075da80000)
  to   space 13312K, 0% used [0x000000075c080000,0x000000075c080000,0x000000075cd80000)
 ParOldGen       total 141824K, used 7972K [0x0000000680000000, 0x0000000688a80000, 0x0000000755580000)
  object space 141824K, 5% used [0x0000000680000000,0x00000006807c9260,0x0000000688a80000)
 Metaspace       used 33153K, capacity 35404K, committed 35496K, reserved 1079296K
  class space    used 4523K, capacity 4922K, committed 4992K, reserved 1048576K
Event: 2.570 GC heap after
Heap after GC invocations=6 (full 1):
 PSYoungGen      total 122880K, used 13248K [0x0000000755580000, 0x0000000763d80000, 0x00000007c0000000)
  eden space 109568K, 0% used [0x0000000755580000,0x0000000755580000,0x000000075c080000)
  from space 13312K, 99% used [0x000000075c080000,0x000000075cd702c8,0x000000075cd80000)
  to   space 16384K, 0% used [0x0000000762d80000,0x0000000762d80000,0x0000000763d80000)
 ParOldGen       total 141824K, used 7980K [0x0000000680000000, 0x0000000688a80000, 0x0000000755580000)
  object space 141824K, 5% used [0x0000000680000000,0x00000006807cb260,0x0000000688a80000)
 Metaspace       used 33153K, capacity 35404K, committed 35496K, reserved 1079296K
  class space    used 4523K, capacity 4922K, committed 4992K, reserved 1048576K
}
Event: 2.570 GC heap before
{Heap before GC invocations=7 (full 2):
 PSYoungGen      total 122880K, used 13248K [0x0000000755580000, 0x0000000763d80000, 0x00000007c0000000)
  eden space 109568K, 0% used [0x0000000755580000,0x0000000755580000,0x000000075c080000)
  from space 13312K, 99% used [0x000000075c080000,0x000000075cd702c8,0x000000075cd80000)
  to   space 16384K, 0% used [0x0000000762d80000,0x0000000762d80000,0x0000000763d80000)
 ParOldGen       total 141824K, used 7980K [0x0000000680000000, 0x0000000688a80000, 0x0000000755580000)
  object space 141824K, 5% used [0x0000000680000000,0x00000006807cb260,0x0000000688a80000)
 Metaspace       used 33153K, capacity 35404K, committed 35496K, reserved 1079296K
  class space    used 4523K, capacity 4922K, committed 4992K, reserved 1048576K
Event: 2.610 GC heap after
Heap after GC invocations=7 (full 2):
 PSYoungGen      total 122880K, used 0K [0x0000000755580000, 0x0000000763d80000, 0x00000007c0000000)
  eden space 109568K, 0% used [0x0000000755580000,0x0000000755580000,0x000000075c080000)
  from space 13312K, 0% used [0x000000075c080000,0x000000075c080000,0x000000075cd80000)
  to   space 16384K, 0% used [0x0000000762d80000,0x0000000762d80000,0x0000000763d80000)
 ParOldGen       total 169472K, used 18280K [0x0000000680000000, 0x000000068a580000, 0x0000000755580000)
  object space 169472K, 10% used [0x0000000680000000,0x00000006811da1c8,0x000000068a580000)
 Metaspace       used 33153K, capacity 35404K, committed 35496K, reserved 1079296K
  class space    used 4523K, capacity 4922K, committed 4992K, reserved 1048576K
}
Event: 11.022 GC heap before
{Heap before GC invocations=8 (full 2):
 PSYoungGen      total 122880K, used 109568K [0x0000000755580000, 0x0000000763d80000, 0x00000007c0000000)
  eden space 109568K, 100% used [0x0000000755580000,0x000000075c080000,0x000000075c080000)
  from space 13312K, 0% used [0x000000075c080000,0x000000075c080000,0x000000075cd80000)
  to   space 16384K, 0% used [0x0000000762d80000,0x0000000762d80000,0x0000000763d80000)
 ParOldGen       total 169472K, used 18280K [0x0000000680000000, 0x000000068a580000, 0x0000000755580000)
  object space 169472K, 10% used [0x0000000680000000,0x00000006811da1c8,0x000000068a580000)
 Metaspace       used 45688K, capacity 48598K, committed 48896K, reserved 1091584K
  class space    used 5780K, capacity 6317K, committed 6400K, reserved 1048576K
Event: 11.035 GC heap after
Heap after GC invocations=8 (full 2):
 PSYoungGen      total 218112K, used 14302K [0x0000000755580000, 0x0000000763d00000, 0x00000007c0000000)
  eden space 202240K, 0% used [0x0000000755580000,0x0000000755580000,0x0000000761b00000)
  from space 15872K, 90% used [0x0000000762d80000,0x0000000763b77890,0x0000000763d00000)
  to   space 17408K, 0% used [0x0000000761b00000,0x0000000761b00000,0x0000000762c00000)
 ParOldGen       total 169472K, used 18288K [0x0000000680000000, 0x000000068a580000, 0x0000000755580000)
  object space 169472K, 10% used [0x0000000680000000,0x00000006811dc1c8,0x000000068a580000)
 Metaspace       used 45688K, capacity 48598K, committed 48896K, reserved 1091584K
  class space    used 5780K, capacity 6317K, committed 6400K, reserved 1048576K
}

Deoptimization events (0 events):
No events

Internal exceptions (10 events):
Event: 140.512 Thread 0x000000002315f000 Exception <a 'java/lang/ArrayIndexOutOfBoundsException'> (0x0000000757b46780) thrown at [C:\re\workspace\8-2-build-windows-amd64-cygwin\jdk8u144\9417\hotspot\src\share\vm\runtime\sharedRuntime.cpp, line 605]
Event: 140.512 Thread 0x000000002315f000 Exception <a 'java/lang/ArrayIndexOutOfBoundsException'> (0x00000007583d5180) thrown at [C:\re\workspace\8-2-build-windows-amd64-cygwin\jdk8u144\9417\hotspot\src\share\vm\runtime\sharedRuntime.cpp, line 605]
Event: 140.512 Thread 0x0000000025329000 Exception <a 'java/lang/ArrayIndexOutOfBoundsException'> (0x0000000757e7c1f8) thrown at [C:\re\workspace\8-2-build-windows-amd64-cygwin\jdk8u144\9417\hotspot\src\share\vm\runtime\sharedRuntime.cpp, line 605]
Event: 140.530 Thread 0x0000000025326800 Exception <a 'java/lang/ArrayIndexOutOfBoundsException'> (0x000000075814c768) thrown at [C:\re\workspace\8-2-build-windows-amd64-cygwin\jdk8u144\9417\hotspot\src\share\vm\runtime\sharedRuntime.cpp, line 605]
Event: 140.531 Thread 0x0000000025326800 Exception <a 'java/lang/ArrayIndexOutOfBoundsException'> (0x00000007581528b0) thrown at [C:\re\workspace\8-2-build-windows-amd64-cygwin\jdk8u144\9417\hotspot\src\share\vm\runtime\sharedRuntime.cpp, line 605]
Event: 140.533 Thread 0x000000002315f000 Exception <a 'java/lang/ArrayIndexOutOfBoundsException'> (0x00000007584abda0) thrown at [C:\re\workspace\8-2-build-windows-amd64-cygwin\jdk8u144\9417\hotspot\src\share\vm\runtime\sharedRuntime.cpp, line 605]
Event: 140.533 Thread 0x0000000025329000 Exception <a 'java/lang/ArrayIndexOutOfBoundsException'> (0x0000000758556500) thrown at [C:\re\workspace\8-2-build-windows-amd64-cygwin\jdk8u144\9417\hotspot\src\share\vm\runtime\sharedRuntime.cpp, line 605]
Event: 140.564 Thread 0x000000002315f000 Exception <a 'java/lang/ArrayIndexOutOfBoundsException'> (0x0000000758850420) thrown at [C:\re\workspace\8-2-build-windows-amd64-cygwin\jdk8u144\9417\hotspot\src\share\vm\runtime\sharedRuntime.cpp, line 605]
Event: 140.569 Thread 0x0000000025329000 Exception <a 'java/lang/ArrayIndexOutOfBoundsException'> (0x00000007588dc988) thrown at [C:\re\workspace\8-2-build-windows-amd64-cygwin\jdk8u144\9417\hotspot\src\share\vm\runtime\sharedRuntime.cpp, line 605]
Event: 140.569 Thread 0x000000002315f000 Exception <a 'java/lang/ArrayIndexOutOfBoundsException'> (0x0000000758884648) thrown at [C:\re\workspace\8-2-build-windows-amd64-cygwin\jdk8u144\9417\hotspot\src\share\vm\runtime\sharedRuntime.cpp, line 605]

Events (10 events):
Event: 1760.447 loading class com/zaxxer/hikari/pool/HikariPool done
Event: 1760.448 Thread 0x000000002532a800 Thread added: 0x000000002532a800
Event: 1760.448 Thread 0x000000002532b000 Thread added: 0x000000002532b000
Event: 1760.448 Thread 0x00000000230da000 DEOPT PACKING pc=0x000000000372c55c sp=0x00000000248febc0
Event: 1760.449 Thread 0x00000000230da000 DEOPT UNPACKING pc=0x0000000002e0787f sp=0x00000000248fe918 mode 1
Event: 1760.449 Thread 0x00000000230da000 Thread exited: 0x00000000230da000
Event: 1776.949 Executing VM operation: RevokeBias
Event: 1776.949 Executing VM operation: RevokeBias done
Event: 1776.949 Thread 0x000000002532a800 Thread exited: 0x000000002532a800
Event: 1779.897 Thread 0x000000002532a800 Thread added: 0x000000002532a800


Dynamic libraries:
0x00007ff64e5a0000 - 0x00007ff64e5d7000 	C:\Program Files\Java\jre1.8.0_144\bin\javaw.exe
0x00007ffc6c570000 - 0x00007ffc6c765000 	C:\WINDOWS\SYSTEM32\ntdll.dll
0x00007ffc6ba60000 - 0x00007ffc6bb1e000 	C:\WINDOWS\System32\KERNEL32.DLL
0x00007ffc6a130000 - 0x00007ffc6a3f9000 	C:\WINDOWS\System32\KERNELBASE.dll
0x00007ffc6b360000 - 0x00007ffc6b40c000 	C:\WINDOWS\System32\ADVAPI32.dll
0x00007ffc6bc40000 - 0x00007ffc6bcde000 	C:\WINDOWS\System32\msvcrt.dll
0x00007ffc6bb20000 - 0x00007ffc6bbbb000 	C:\WINDOWS\System32\sechost.dll
0x00007ffc6aaf0000 - 0x00007ffc6ac1a000 	C:\WINDOWS\System32\RPCRT4.dll
0x00007ffc6b0a0000 - 0x00007ffc6b241000 	C:\WINDOWS\System32\USER32.dll
0x00007ffc6a100000 - 0x00007ffc6a122000 	C:\WINDOWS\System32\win32u.dll
0x00007ffc6b2b0000 - 0x00007ffc6b2db000 	C:\WINDOWS\System32\GDI32.dll
0x00007ffc6a400000 - 0x00007ffc6a50b000 	C:\WINDOWS\System32\gdi32full.dll
0x00007ffc69eb0000 - 0x00007ffc69f4d000 	C:\WINDOWS\System32\msvcp_win.dll
0x00007ffc69cf0000 - 0x00007ffc69df0000 	C:\WINDOWS\System32\ucrtbase.dll
0x00007ffc60be0000 - 0x00007ffc60e7a000 	C:\WINDOWS\WinSxS\amd64_microsoft.windows.common-controls_6595b64144ccf1df_6.0.19041.1110_none_60b5254171f9507e\COMCTL32.dll
0x00007ffc6ace0000 - 0x00007ffc6ad10000 	C:\WINDOWS\System32\IMM32.DLL
0x0000000064a30000 - 0x0000000064b02000 	C:\Program Files\Java\jre1.8.0_144\bin\msvcr100.dll
0x00000000650e0000 - 0x000000006597d000 	C:\Program Files\Java\jre1.8.0_144\bin\server\jvm.dll
0x00007ffc6acd0000 - 0x00007ffc6acd8000 	C:\WINDOWS\System32\PSAPI.DLL
0x00007ffc586d0000 - 0x00007ffc586d9000 	C:\WINDOWS\SYSTEM32\WSOCK32.dll
0x00007ffc5a480000 - 0x00007ffc5a4a7000 	C:\WINDOWS\SYSTEM32\WINMM.dll
0x00007ffc6b2f0000 - 0x00007ffc6b35b000 	C:\WINDOWS\System32\WS2_32.dll
0x00007ffc646b0000 - 0x00007ffc646ba000 	C:\WINDOWS\SYSTEM32\VERSION.dll
0x0000000064ff0000 - 0x0000000064fff000 	C:\Program Files\Java\jre1.8.0_144\bin\verify.dll
0x0000000064fc0000 - 0x0000000064fe9000 	C:\Program Files\Java\jre1.8.0_144\bin\java.dll
0x00000000649f0000 - 0x0000000064a25000 	C:\Program Files\Java\jre1.8.0_144\bin\jdwp.dll
0x00000000649e0000 - 0x00000000649e8000 	C:\Program Files\Java\jre1.8.0_144\bin\npt.dll
0x0000000064f70000 - 0x0000000064f86000 	C:\Program Files\Java\jre1.8.0_144\bin\zip.dll
0x00007ffc6bd40000 - 0x00007ffc6c47f000 	C:\WINDOWS\System32\SHELL32.dll
0x00007ffc67db0000 - 0x00007ffc68540000 	C:\WINDOWS\SYSTEM32\windows.storage.dll
0x00007ffc6a650000 - 0x00007ffc6a9a5000 	C:\WINDOWS\System32\combase.dll
0x00007ffc69610000 - 0x00007ffc6963c000 	C:\WINDOWS\SYSTEM32\Wldp.dll
0x00007ffc6ac20000 - 0x00007ffc6acce000 	C:\WINDOWS\System32\SHCORE.dll
0x00007ffc6b250000 - 0x00007ffc6b2a5000 	C:\WINDOWS\System32\shlwapi.dll
0x00007ffc69bd0000 - 0x00007ffc69bef000 	C:\WINDOWS\SYSTEM32\profapi.dll
0x00000000649d0000 - 0x00000000649d9000 	C:\Program Files\Java\jre1.8.0_144\bin\dt_socket.dll
0x00007ffc5a3f0000 - 0x00007ffc5a407000 	C:\WINDOWS\system32\napinsp.dll
0x00007ffc59260000 - 0x00007ffc5927b000 	C:\WINDOWS\system32\pnrpnsp.dll
0x00007ffc59240000 - 0x00007ffc59255000 	C:\WINDOWS\system32\wshbth.dll
0x00007ffc65710000 - 0x00007ffc6572d000 	C:\WINDOWS\system32\NLAapi.dll
0x00007ffc69060000 - 0x00007ffc6909b000 	C:\WINDOWS\SYSTEM32\IPHLPAPI.DLL
0x00007ffc69370000 - 0x00007ffc693da000 	C:\WINDOWS\System32\mswsock.dll
0x00007ffc690a0000 - 0x00007ffc6916c000 	C:\WINDOWS\SYSTEM32\DNSAPI.dll
0x00007ffc6b2e0000 - 0x00007ffc6b2e8000 	C:\WINDOWS\System32\NSI.dll
0x00007ffc59220000 - 0x00007ffc59232000 	C:\WINDOWS\System32\winrnr.dll
0x00007ffc628c0000 - 0x00007ffc6293f000 	C:\WINDOWS\System32\fwpuclnt.dll
0x00007ffc69df0000 - 0x00007ffc69e17000 	C:\WINDOWS\System32\bcrypt.dll
0x00007ffc62940000 - 0x00007ffc6294a000 	C:\Windows\System32\rasadhlp.dll
0x00000000649c0000 - 0x00000000649cd000 	C:\Program Files\Java\jre1.8.0_144\bin\management.dll
0x0000000064f50000 - 0x0000000064f6a000 	C:\Program Files\Java\jre1.8.0_144\bin\net.dll
0x0000000064f30000 - 0x0000000064f41000 	C:\Program Files\Java\jre1.8.0_144\bin\nio.dll
0x00007ffc69560000 - 0x00007ffc69578000 	C:\WINDOWS\SYSTEM32\CRYPTSP.dll
0x00007ffc68cf0000 - 0x00007ffc68d24000 	C:\WINDOWS\system32\rsaenh.dll
0x00007ffc69b20000 - 0x00007ffc69b4e000 	C:\WINDOWS\SYSTEM32\USERENV.dll
0x00007ffc69e20000 - 0x00007ffc69ea3000 	C:\WINDOWS\System32\bcryptprimitives.dll
0x00007ffc69580000 - 0x00007ffc6958c000 	C:\WINDOWS\SYSTEM32\CRYPTBASE.dll
0x00007ffc643f0000 - 0x00007ffc64407000 	C:\WINDOWS\SYSTEM32\dhcpcsvc6.DLL
0x00007ffc643d0000 - 0x00007ffc643ed000 	C:\WINDOWS\SYSTEM32\dhcpcsvc.DLL
0x00007ffc5a870000 - 0x00007ffc5aa54000 	C:\WINDOWS\SYSTEM32\dbghelp.dll

VM Arguments:
jvm_args: -Djava.net.preferIPv4Stack=true -agentlib:jdwp=transport=dt_socket,suspend=y,address=localhost:59734 -Dcom.sun.management.jmxremote -Dcom.sun.management.jmxremote.port=59733 -Dcom.sun.management.jmxremote.authenticate=false -Dcom.sun.management.jmxremote.ssl=false -Djava.rmi.server.hostname=localhost -Dspring.jmx.enabled=true -Dspring.liveBeansView.mbeanDomain -Xverify:none -XX:TieredStopAtLevel=1 -Dfile.encoding=UTF-8 
java_command: com.kps.StatisticApplication
java_class_path (initial): D:\StatsExtract\statistic\target\classes;C:\Users\jsh\.m2\repository\org\springframework\boot\spring-boot-starter-web\2.5.4\spring-boot-starter-web-2.5.4.jar;C:\Users\jsh\.m2\repository\org\springframework\boot\spring-boot-starter\2.5.4\spring-boot-starter-2.5.4.jar;C:\Users\jsh\.m2\repository\org\springframework\boot\spring-boot-starter-logging\2.5.4\spring-boot-starter-logging-2.5.4.jar;C:\Users\jsh\.m2\repository\ch\qos\logback\logback-classic\1.2.5\logback-classic-1.2.5.jar;C:\Users\jsh\.m2\repository\ch\qos\logback\logback-core\1.2.5\logback-core-1.2.5.jar;C:\Users\jsh\.m2\repository\org\apache\logging\log4j\log4j-to-slf4j\2.14.1\log4j-to-slf4j-2.14.1.jar;C:\Users\jsh\.m2\repository\org\apache\logging\log4j\log4j-api\2.14.1\log4j-api-2.14.1.jar;C:\Users\jsh\.m2\repository\org\slf4j\jul-to-slf4j\1.7.32\jul-to-slf4j-1.7.32.jar;C:\Users\jsh\.m2\repository\jakarta\annotation\jakarta.annotation-api\1.3.5\jakarta.annotation-api-1.3.5.jar;C:\Users\jsh\.m2\repository\org\yaml\snakeyaml\1.28\snakeyaml-1.28.jar;C:\Users\jsh\.m2\repository\org\springframework\boot\spring-boot-starter-json\2.5.4\spring-boot-starter-json-2.5.4.jar;C:\Users\jsh\.m2\repository\com\fasterxml\jackson\core\jackson-databind\2.12.4\jackson-databind-2.12.4.jar;C:\Users\jsh\.m2\repository\com\fasterxml\jackson\core\jackson-annotations\2.12.4\jackson-annotations-2.12.4.jar;C:\Users\jsh\.m2\repository\com\fasterxml\jackson\core\jackson-core\2.12.4\jackson-core-2.12.4.jar;C:\Users\jsh\.m2\repository\com\fasterxml\jackson\datatype\jackson-datatype-jdk8\2.12.4\jackson-datatype-jdk8-2.12.4.jar;C:\Users\jsh\.m2\repository\com\fasterxml\jackson\datatype\jackson-datatype-jsr310\2.12.4\jackson-datatype-jsr310-2.12.4.jar;C:\Users\jsh\.m2\repository\com\fasterxml\jackson\module\jackson-module-parameter-names\2.12.4\jackson-module-parameter-names-2.12.4.jar;C:\Users\jsh\.m2\repository\org\springframework\boot\spring-boot-starter-tomcat\2.5.4\spring-boot-starter-tomcat-2.5.4.jar;C:\Us
Launcher Type: SUN_STANDARD

Environment Variables:
JAVA_TOOL_OPTIONS=-Djava.net.preferIPv4Stack=true
CLASSPATH=.;
PATH=C:/Program Files/Java/jre1.8.0_144/bin/server;C:/Program Files/Java/jre1.8.0_144/bin;C:/Program Files/Java/jre1.8.0_144/lib/amd64;C:\ProgramData\Oracle\Java\javapath;C:\WINDOWS\system32;C:\WINDOWS;C:\WINDOWS\System32\Wbem;C:\WINDOWS\System32\WindowsPowerShell\v1.0\;C:\WINDOWS\System32\OpenSSH\;C:\Program Files\Java\jdk1.8.0_144\bin;C:\Program Files (x86)\Microsoft SQL Server\150\DTS\Binn\;C:\Program Files\nodejs\;C:\Program Files\Git\cmd;C:\Program Files\MySQL\MySQL Server 8.0\bin;C:\Program Files\Microsoft SQL Server\130\Tools\Binn\;C:\Program Files (x86)\Microsoft SQL Server\110\DTS\Binn\;C:\Program Files (x86)\Microsoft SQL Server\120\DTS\Binn\;C:\Program Files (x86)\Microsoft SQL Server\130\DTS\Binn\;C:\Program Files (x86)\Microsoft SQL Server\140\DTS\Binn\;C:\Program Files\MySQL\MySQL Shell 8.0\bin\;C:\Users\jsh\AppData\Local\Microsoft\WindowsApps;C:\Users\jsh\AppData\Roaming\npm;C:\Users\jsh\AppData\Local\Programs\Microsoft VS Code\bin;;C:\eclipse-86_64\eclipse;
USERNAME=jsh
OS=Windows_NT
PROCESSOR_IDENTIFIER=Intel64 Family 6 Model 158 Stepping 13, GenuineIntel



---------------  S Y S T E M  ---------------

OS: Windows 10.0 , 64 bit Build 19041 (10.0.19041.1202)

CPU:total 4 (initial active 4) (4 cores per cpu, 1 threads per core) family 6 model 158 stepping 13, cmov, cx8, fxsr, mmx, sse, sse2, sse3, ssse3, sse4.1, sse4.2, popcnt, avx, avx2, aes, clmul, 3dnowpref, lzcnt, tsc, tscinvbit

Memory: 4k page, physical 20971060k(13790304k free), swap 24116788k(12677328k free)

vm_info: Java HotSpot(TM) 64-Bit Server VM (25.144-b01) for windows-amd64 JRE (1.8.0_144-b01), built on Jul 21 2017 21:57:33 by "java_re" with MS VC++ 10.0 (VS2010)

time: Fri Oct 29 17:17:51 2021
elapsed time: 1781 seconds (0d 0h 29m 41s)

