#
# A fatal error has been detected by the Java Runtime Environment:
#
#  EXCEPTION_ACCESS_VIOLATION (0xc0000005) at pc=0x00007ffc6c5d3416, pid=13240, tid=0x00000000000037e0
#
# JRE version: Java(TM) SE Runtime Environment (8.0_144-b01) (build 1.8.0_144-b01)
# Java VM: Java HotSpot(TM) 64-Bit Server VM (25.144-b01 mixed mode windows-amd64 compressed oops)
# Problematic frame:
# C  [ntdll.dll+0x63416]
#
# Failed to write core dump. Minidumps are not enabled by default on client versions of Windows
#
# If you would like to submit a bug report, please visit:
#   http://bugreport.java.com/bugreport/crash.jsp
# The crash happened outside the Java Virtual Machine in native code.
# See problematic frame for where to report the bug.
#

---------------  T H R E A D  ---------------

Current thread (0x00000000226c6000):  JavaThread "HikariPool-23 connection adder" daemon [_thread_in_native, id=14304, stack(0x00000000276a0000,0x00000000277a0000)]

siginfo: ExceptionCode=0xc0000005, writing address 0x0000000000000024

Registers:
RAX=0x0000000000000000, RBX=0x0000000000c4d5e0, RCX=0x0000000000c4d5e0, RDX=0x00000000fffffffa
RSP=0x000000002779db10, RBP=0x0000000000000b00, RSI=0x0000000000000000, RDI=0x0000000000000000
R8 =0x0000000000000000, R9 =0x0000000000c4d500, R10=0x000000000000003d, R11=0x0000000000bdff50
R12=0x0000000000000000, R13=0x000000000094e000, R14=0x0000000000000001, R15=0x0000000000000000
RIP=0x00007ffc6c5d3416, EFLAGS=0x0000000000010213

Top of Stack: (sp=0x000000002779db10)
0x000000002779db10:   ffffffffffffffff 0000000000c4d5e0
0x000000002779db20:   000000002779e308 000000002779e2a8
0x000000002779db30:   00000000226c6000 000000000000006e
0x000000002779db40:   0000000000000bb0 000000008004667e
0x000000002779db50:   0000000000bfa700 00007ffcfffffffa
0x000000002779db60:   000000000094e000 00007ffc6c5c07b0
0x000000002779db70:   000000002535b5c8 000000006527933c
0x000000002779db80:   000000002779dc84 00007ffc00000004
0x000000002779db90:   000000002779dc68 0000000000000000
0x000000002779dba0:   0000256d44df2377 0000000000c0f6d0
0x000000002779dbb0:   0000000000000000 0000000000000001
0x000000002779dbc0:   0000000000000001 0000000000000001
0x000000002779dbd0:   0000000000000000 0000000000c4d5e0
0x000000002779dbe0:   0000000000000b00 00007ffc6c59fcb4
0x000000002779dbf0:   00000000226c61f8 0000000000000000
0x000000002779dc00:   00000000fffffffa 0000d3d3e4734acd 

Instructions: (pc=0x00007ffc6c5d3416)
0x00007ffc6c5d33f6:   48 39 73 18 0f 84 d2 00 00 00 48 8b 03 48 83 f8
0x00007ffc6c5d3406:   ff 0f 84 d2 00 00 00 44 8b fe 48 83 f8 ff 74 03
0x00007ffc6c5d3416:   ff 40 24 4c 8b 73 18 4c 8d 2d d4 10 10 00 bd 22
0x00007ffc6c5d3426:   17 00 00 e8 22 14 fc ff 85 c0 0f 85 be b2 05 00 


Register to memory mapping:

RAX=0x0000000000000000 is an unknown value
RBX=0x0000000000c4d5e0 is an unknown value
RCX=0x0000000000c4d5e0 is an unknown value
RDX=0x00000000fffffffa is an unknown value
RSP=0x000000002779db10 is pointing into the stack for thread: 0x00000000226c6000
RBP=0x0000000000000b00 is an unknown value
RSI=0x0000000000000000 is an unknown value
RDI=0x0000000000000000 is an unknown value
R8 =0x0000000000000000 is an unknown value
R9 =0x0000000000c4d500 is an unknown value
R10=0x000000000000003d is an unknown value
R11=0x0000000000bdff50 is an unknown value
R12=0x0000000000000000 is an unknown value
R13=0x000000000094e000 is an unknown value
R14=0x0000000000000001 is an unknown value
R15=0x0000000000000000 is an unknown value


Stack: [0x00000000276a0000,0x00000000277a0000],  sp=0x000000002779db10,  free space=1014k
Native frames: (J=compiled Java code, j=interpreted, Vv=VM code, C=native code)
C  [ntdll.dll+0x63416]
C  [ntdll.dll+0x2fcb4]
C  [ntdll.dll+0x2fae2]
C  [mswsock.dll+0x3610]
C  [WS2_32.dll+0x11c67]
C  [net.dll+0xdfc1]
C  [net.dll+0xca4b]
C  0x00000000043061b5

Java frames: (J=compiled Java code, j=interpreted, Vv=VM code)
J 10435  java.net.TwoStacksPlainSocketImpl.socketClose0(Z)V (0 bytes) @ 0x000000000430613b [0x0000000004306100+0x3b]
J 6377 C1 java.net.TwoStacksPlainSocketImpl.close()V (107 bytes) @ 0x0000000003af9cbc [0x0000000003af9aa0+0x21c]
j  java.net.AbstractPlainSocketImpl.doConnect(Ljava/net/InetAddress;II)V+149
j  java.net.AbstractPlainSocketImpl.connectToAddress(Ljava/net/InetAddress;II)V+23
j  java.net.AbstractPlainSocketImpl.connect(Ljava/net/SocketAddress;I)V+78
j  java.net.PlainSocketImpl.connect(Ljava/net/SocketAddress;I)V+6
j  java.net.SocksSocketImpl.connect(Ljava/net/SocketAddress;I)V+381
J 10430 C1 java.net.Socket.connect(Ljava/net/SocketAddress;I)V (248 bytes) @ 0x0000000004304544 [0x0000000004304180+0x3c4]
j  com.microsoft.sqlserver.jdbc.SocketFinder.getConnectedSocket(Ljava/net/InetSocketAddress;I)Ljava/net/Socket;+62
j  com.microsoft.sqlserver.jdbc.SocketFinder.getDefaultSocket(Ljava/lang/String;II)Ljava/net/Socket;+93
j  com.microsoft.sqlserver.jdbc.SocketFinder.findSocket(Ljava/lang/String;IIZZZI)Ljava/net/Socket;+44
j  com.microsoft.sqlserver.jdbc.TDSChannel.open(Ljava/lang/String;IIZZZI)Ljava/net/InetSocketAddress;+72
j  com.microsoft.sqlserver.jdbc.SQLServerConnection.connectHelper(Lcom/microsoft/sqlserver/jdbc/ServerPortPlaceHolder;IIZZZI)Ljava/net/InetSocketAddress;+157
j  com.microsoft.sqlserver.jdbc.SQLServerConnection.login(Ljava/lang/String;Ljava/lang/String;ILjava/lang/String;Lcom/microsoft/sqlserver/jdbc/FailoverInfo;IJ)V+552
j  com.microsoft.sqlserver.jdbc.SQLServerConnection.connectInternal(Ljava/util/Properties;Lcom/microsoft/sqlserver/jdbc/SQLServerPooledConnection;)Ljava/sql/Connection;+5806
j  com.microsoft.sqlserver.jdbc.SQLServerConnection.connect(Ljava/util/Properties;Lcom/microsoft/sqlserver/jdbc/SQLServerPooledConnection;)Ljava/sql/Connection;+13
j  com.microsoft.sqlserver.jdbc.SQLServerDriver.connect(Ljava/lang/String;Ljava/util/Properties;)Ljava/sql/Connection;+66
j  net.sf.log4jdbc.sql.jdbcapi.DriverSpy.connect(Ljava/lang/String;Ljava/util/Properties;)Ljava/sql/Connection;+31
j  com.zaxxer.hikari.util.DriverDataSource.getConnection(Ljava/lang/String;Ljava/lang/String;)Ljava/sql/Connection;+61
j  com.zaxxer.hikari.pool.PoolBase.newConnection()Ljava/sql/Connection;+49
j  com.zaxxer.hikari.pool.PoolBase.newPoolEntry()Lcom/zaxxer/hikari/pool/PoolEntry;+5
j  com.zaxxer.hikari.pool.HikariPool.createPoolEntry()Lcom/zaxxer/hikari/pool/PoolEntry;+1
j  com.zaxxer.hikari.pool.HikariPool.access$100(Lcom/zaxxer/hikari/pool/HikariPool;)Lcom/zaxxer/hikari/pool/PoolEntry;+1
j  com.zaxxer.hikari.pool.HikariPool$PoolEntryCreator.call()Ljava/lang/Boolean;+25
j  com.zaxxer.hikari.pool.HikariPool$PoolEntryCreator.call()Ljava/lang/Object;+1
J 9105 C1 java.util.concurrent.FutureTask.run()V (126 bytes) @ 0x0000000004071f44 [0x0000000004071e80+0xc4]
J 8957 C1 java.util.concurrent.ThreadPoolExecutor.runWorker(Ljava/util/concurrent/ThreadPoolExecutor$Worker;)V (225 bytes) @ 0x000000000402aea4 [0x000000000402ac20+0x284]
j  java.util.concurrent.ThreadPoolExecutor$Worker.run()V+5
J 8805 C1 java.lang.Thread.run()V (17 bytes) @ 0x0000000003fecd74 [0x0000000003fecd20+0x54]
v  ~StubRoutines::call_stub

---------------  P R O C E S S  ---------------

Java Threads: ( => current thread )
=>0x00000000226c6000 JavaThread "HikariPool-23 connection adder" daemon [_thread_in_native, id=14304, stack(0x00000000276a0000,0x00000000277a0000)]
  0x0000000020c9d000 JavaThread "http-nio-8080-exec-10" daemon [_thread_blocked, id=11592, stack(0x00000000273a0000,0x00000000274a0000)]
  0x0000000020c9e000 JavaThread "http-nio-8080-exec-9" daemon [_thread_blocked, id=1500, stack(0x00000000272a0000,0x00000000273a0000)]
  0x0000000020c9c800 JavaThread "http-nio-8080-exec-8" daemon [_thread_blocked, id=7328, stack(0x00000000271a0000,0x00000000272a0000)]
  0x0000000020c9b800 JavaThread "http-nio-8080-exec-7" daemon [_thread_blocked, id=6864, stack(0x00000000270a0000,0x00000000271a0000)]
  0x0000000020c94000 JavaThread "http-nio-8080-exec-6" daemon [_thread_blocked, id=2620, stack(0x0000000026fa0000,0x00000000270a0000)]
  0x0000000020c9b000 JavaThread "http-nio-8080-exec-5" daemon [_thread_blocked, id=6740, stack(0x0000000026ea0000,0x0000000026fa0000)]
  0x0000000020c98800 JavaThread "http-nio-8080-exec-4" daemon [_thread_blocked, id=7408, stack(0x0000000026da0000,0x0000000026ea0000)]
  0x0000000020c98000 JavaThread "http-nio-8080-exec-3" daemon [_thread_blocked, id=8860, stack(0x0000000026aa0000,0x0000000026ba0000)]
  0x0000000020c95800 JavaThread "http-nio-8080-exec-2" daemon [_thread_blocked, id=1104, stack(0x0000000023fd0000,0x00000000240d0000)]
  0x0000000020c9a000 JavaThread "http-nio-8080-exec-1" daemon [_thread_blocked, id=8340, stack(0x0000000022000000,0x0000000022100000)]
  0x0000000020c9e800 JavaThread "http-nio-8080-Acceptor" daemon [_thread_in_native, id=9680, stack(0x00000000269a0000,0x0000000026aa0000)]
  0x0000000020c92800 JavaThread "http-nio-8080-Poller" daemon [_thread_in_native, id=11752, stack(0x00000000268a0000,0x00000000269a0000)]
  0x0000000020c99800 JavaThread "File Watcher" daemon [_thread_blocked, id=11928, stack(0x0000000024dd0000,0x0000000024ed0000)]
  0x0000000020c96800 JavaThread "HikariPool-23 housekeeper" daemon [_thread_blocked, id=2684, stack(0x0000000024bd0000,0x0000000024cd0000)]
  0x0000000020c92000 JavaThread "container-0" [_thread_blocked, id=9740, stack(0x00000000249d0000,0x0000000024ad0000)]
  0x0000000020c91000 JavaThread "Catalina-utility-2" [_thread_blocked, id=12104, stack(0x00000000247d0000,0x00000000248d0000)]
  0x0000000020c95000 JavaThread "Catalina-utility-1" [_thread_blocked, id=13172, stack(0x00000000246d0000,0x00000000247d0000)]
  0x00000000226c8800 JavaThread "DestroyJavaVM" [_thread_blocked, id=3356, stack(0x0000000002c10000,0x0000000002d10000)]
  0x00000000226c5800 JavaThread "Live Reload Server" daemon [_thread_in_native, id=9868, stack(0x0000000024cd0000,0x0000000024dd0000)]
  0x0000000020d44000 JavaThread "RMI TCP Accept-0" daemon [_thread_in_native, id=7020, stack(0x0000000021520000,0x0000000021620000)]
  0x0000000020cd6000 JavaThread "RMI TCP Accept-55289" daemon [_thread_in_native, id=9352, stack(0x0000000021420000,0x0000000021520000)]
  0x0000000020cc3800 JavaThread "RMI TCP Accept-0" daemon [_thread_in_native, id=10064, stack(0x0000000021320000,0x0000000021420000)]
  0x000000001feda000 JavaThread "Service Thread" daemon [_thread_blocked, id=7696, stack(0x0000000020a20000,0x0000000020b20000)]
  0x000000001ea7c800 JavaThread "C1 CompilerThread2" daemon [_thread_blocked, id=12592, stack(0x0000000020920000,0x0000000020a20000)]
  0x000000001ea79800 JavaThread "C2 CompilerThread1" daemon [_thread_blocked, id=4672, stack(0x0000000020820000,0x0000000020920000)]
  0x000000001ea78000 JavaThread "C2 CompilerThread0" daemon [_thread_blocked, id=13060, stack(0x0000000020720000,0x0000000020820000)]
  0x000000001ea6f800 JavaThread "JDWP Command Reader" daemon [_thread_in_native, id=12828, stack(0x0000000020620000,0x0000000020720000)]
  0x000000001ea65000 JavaThread "JDWP Event Helper Thread" daemon [_thread_blocked, id=12508, stack(0x0000000020520000,0x0000000020620000)]
  0x000000001ea60800 JavaThread "JDWP Transport Listener: dt_socket" daemon [_thread_blocked, id=7216, stack(0x0000000020420000,0x0000000020520000)]
  0x000000001ea4d800 JavaThread "Attach Listener" daemon [_thread_blocked, id=8928, stack(0x0000000020320000,0x0000000020420000)]
  0x000000001fe63800 JavaThread "Signal Dispatcher" daemon [_thread_blocked, id=9568, stack(0x0000000020220000,0x0000000020320000)]
  0x000000001ea20000 JavaThread "Finalizer" daemon [_thread_blocked, id=8740, stack(0x000000001fc90000,0x000000001fd90000)]
  0x000000001e9f8800 JavaThread "Reference Handler" daemon [_thread_blocked, id=6796, stack(0x000000001fb90000,0x000000001fc90000)]

Other Threads:
  0x000000001e9f7000 VMThread [stack: 0x000000001fa90000,0x000000001fb90000] [id=5072]
  0x0000000020ce8000 WatcherThread [stack: 0x0000000021620000,0x0000000021720000] [id=12704]

VM state:not at safepoint (normal execution)

VM Mutex/Monitor currently owned by a thread: None

Heap:
 PSYoungGen      total 259584K, used 135093K [0x0000000755580000, 0x0000000766c00000, 0x00000007c0000000)
  eden space 242176K, 48% used [0x0000000755580000,0x000000075c87c8d8,0x0000000764200000)
  from space 17408K, 99% used [0x0000000764880000,0x0000000765970e98,0x0000000765980000)
  to   space 18944K, 0% used [0x0000000765980000,0x0000000765980000,0x0000000766c00000)
 ParOldGen       total 209408K, used 17927K [0x0000000680000000, 0x000000068cc80000, 0x0000000755580000)
  object space 209408K, 8% used [0x0000000680000000,0x0000000681181db8,0x000000068cc80000)
 Metaspace       used 51420K, capacity 57089K, committed 57600K, reserved 1099776K
  class space    used 6508K, capacity 7795K, committed 7936K, reserved 1048576K

Card table byte_map: [0x00000000121d0000,0x0000000012be0000] byte_map_base: 0x000000000edd0000

Marking Bits: (ParMarkBitMap*) 0x00000000658fd850
 Begin Bits: [0x0000000013690000, 0x0000000018690000)
 End Bits:   [0x0000000018690000, 0x000000001d690000)

Polling page: 0x0000000000fc0000

CodeCache: size=245760Kb used=21828Kb max_used=21828Kb free=223931Kb
 bounds [0x0000000002e10000, 0x0000000004370000, 0x0000000011e10000]
 total_blobs=11005 nmethods=10481 adapters=442
 compilation: enabled

Compilation events (10 events):
Event: 8407.383 Thread 0x000000001ea7c800 10605       1       java.io.FileOutputStream::<init> (69 bytes)
Event: 8407.384 Thread 0x000000001ea7c800 nmethod 10605 0x0000000004363390 code [0x0000000004363520, 0x0000000004363828]
Event: 8426.728 Thread 0x000000001ea7c800 10606       1       com.zaxxer.hikari.util.ConcurrentBag::getWaitingThreadCount (8 bytes)
Event: 8426.729 Thread 0x000000001ea7c800 nmethod 10606 0x0000000004363a10 code [0x0000000004363b60, 0x0000000004363c70]
Event: 8426.730 Thread 0x000000001ea7c800 10607       1       com.zaxxer.hikari.pool.HikariPool$PoolEntryCreator::call (5 bytes)
Event: 8426.730 Thread 0x000000001ea7c800 nmethod 10607 0x0000000004363d10 code [0x0000000004363e60, 0x0000000004363f88]
Event: 8426.730 Thread 0x000000001ea7c800 10608       1       com.zaxxer.hikari.pool.HikariPool$PoolEntryCreator::call (171 bytes)
Event: 8426.731 Thread 0x000000001ea7c800 nmethod 10608 0x0000000004364010 code [0x0000000004364220, 0x0000000004364788]
Event: 8426.732 Thread 0x000000001ea7c800 10609       1       java.lang.String::valueOf (5 bytes)
Event: 8426.732 Thread 0x000000001ea7c800 nmethod 10609 0x0000000004364c50 code [0x0000000004364da0, 0x0000000004364ea8]

GC Heap History (10 events):
Event: 6608.458 GC heap before
{Heap before GC invocations=55 (full 22):
 PSYoungGen      total 268288K, used 89017K [0x0000000755580000, 0x0000000766f80000, 0x00000007c0000000)
  eden space 248832K, 35% used [0x0000000755580000,0x000000075ac6e4d8,0x0000000764880000)
  from space 19456K, 0% used [0x0000000765c80000,0x0000000765c80000,0x0000000766f80000)
  to   space 19968K, 0% used [0x0000000764880000,0x0000000764880000,0x0000000765c00000)
 ParOldGen       total 209408K, used 17734K [0x0000000680000000, 0x000000068cc80000, 0x0000000755580000)
  object space 209408K, 8% used [0x0000000680000000,0x00000006811518b8,0x000000068cc80000)
 Metaspace       used 51161K, capacity 56635K, committed 57600K, reserved 1099776K
  class space    used 6473K, capacity 7690K, committed 7936K, reserved 1048576K
Event: 6608.463 GC heap after
Heap after GC invocations=55 (full 22):
 PSYoungGen      total 253440K, used 4228K [0x0000000755580000, 0x0000000766e80000, 0x00000007c0000000)
  eden space 248832K, 0% used [0x0000000755580000,0x0000000755580000,0x0000000764880000)
  from space 4608K, 91% used [0x0000000764880000,0x0000000764ca11b8,0x0000000764d00000)
  to   space 19456K, 0% used [0x0000000765b80000,0x0000000765b80000,0x0000000766e80000)
 ParOldGen       total 209408K, used 17742K [0x0000000680000000, 0x000000068cc80000, 0x0000000755580000)
  object space 209408K, 8% used [0x0000000680000000,0x00000006811538b8,0x000000068cc80000)
 Metaspace       used 51161K, capacity 56635K, committed 57600K, reserved 1099776K
  class space    used 6473K, capacity 7690K, committed 7936K, reserved 1048576K
}
Event: 6608.463 GC heap before
{Heap before GC invocations=56 (full 23):
 PSYoungGen      total 253440K, used 4228K [0x0000000755580000, 0x0000000766e80000, 0x00000007c0000000)
  eden space 248832K, 0% used [0x0000000755580000,0x0000000755580000,0x0000000764880000)
  from space 4608K, 91% used [0x0000000764880000,0x0000000764ca11b8,0x0000000764d00000)
  to   space 19456K, 0% used [0x0000000765b80000,0x0000000765b80000,0x0000000766e80000)
 ParOldGen       total 209408K, used 17742K [0x0000000680000000, 0x000000068cc80000, 0x0000000755580000)
  object space 209408K, 8% used [0x0000000680000000,0x00000006811538b8,0x000000068cc80000)
 Metaspace       used 51161K, capacity 56635K, committed 57600K, reserved 1099776K
  class space    used 6473K, capacity 7690K, committed 7936K, reserved 1048576K
Event: 6608.530 GC heap after
Heap after GC invocations=56 (full 23):
 PSYoungGen      total 253440K, used 0K [0x0000000755580000, 0x0000000766e80000, 0x00000007c0000000)
  eden space 248832K, 0% used [0x0000000755580000,0x0000000755580000,0x0000000764880000)
  from space 4608K, 0% used [0x0000000764880000,0x0000000764880000,0x0000000764d00000)
  to   space 19456K, 0% used [0x0000000765b80000,0x0000000765b80000,0x0000000766e80000)
 ParOldGen       total 209408K, used 17825K [0x0000000680000000, 0x000000068cc80000, 0x0000000755580000)
  object space 209408K, 8% used [0x0000000680000000,0x0000000681168448,0x000000068cc80000)
 Metaspace       used 51158K, capacity 56629K, committed 57600K, reserved 1099776K
  class space    used 6473K, capacity 7688K, committed 7936K, reserved 1048576K
}
Event: 6644.489 GC heap before
{Heap before GC invocations=57 (full 23):
 PSYoungGen      total 253440K, used 87960K [0x0000000755580000, 0x0000000766e80000, 0x00000007c0000000)
  eden space 248832K, 35% used [0x0000000755580000,0x000000075ab66290,0x0000000764880000)
  from space 4608K, 0% used [0x0000000764880000,0x0000000764880000,0x0000000764d00000)
  to   space 19456K, 0% used [0x0000000765b80000,0x0000000765b80000,0x0000000766e80000)
 ParOldGen       total 209408K, used 17825K [0x0000000680000000, 0x000000068cc80000, 0x0000000755580000)
  object space 209408K, 8% used [0x0000000680000000,0x0000000681168448,0x000000068cc80000)
 Metaspace       used 51242K, capacity 56755K, committed 57600K, reserved 1099776K
  class space    used 6483K, capacity 7730K, committed 7936K, reserved 1048576K
Event: 6644.493 GC heap after
Heap after GC invocations=57 (full 23):
 PSYoungGen      total 267264K, used 4192K [0x0000000755580000, 0x0000000766d80000, 0x00000007c0000000)
  eden space 248832K, 0% used [0x0000000755580000,0x0000000755580000,0x0000000764880000)
  from space 18432K, 22% used [0x0000000765b80000,0x0000000765f98060,0x0000000766d80000)
  to   space 18944K, 0% used [0x0000000764880000,0x0000000764880000,0x0000000765b00000)
 ParOldGen       total 209408K, used 17833K [0x0000000680000000, 0x000000068cc80000, 0x0000000755580000)
  object space 209408K, 8% used [0x0000000680000000,0x000000068116a448,0x000000068cc80000)
 Metaspace       used 51242K, capacity 56755K, committed 57600K, reserved 1099776K
  class space    used 6483K, capacity 7730K, committed 7936K, reserved 1048576K
}
Event: 6644.493 GC heap before
{Heap before GC invocations=58 (full 24):
 PSYoungGen      total 267264K, used 4192K [0x0000000755580000, 0x0000000766d80000, 0x00000007c0000000)
  eden space 248832K, 0% used [0x0000000755580000,0x0000000755580000,0x0000000764880000)
  from space 18432K, 22% used [0x0000000765b80000,0x0000000765f98060,0x0000000766d80000)
  to   space 18944K, 0% used [0x0000000764880000,0x0000000764880000,0x0000000765b00000)
 ParOldGen       total 209408K, used 17833K [0x0000000680000000, 0x000000068cc80000, 0x0000000755580000)
  object space 209408K, 8% used [0x0000000680000000,0x000000068116a448,0x000000068cc80000)
 Metaspace       used 51242K, capacity 56755K, committed 57600K, reserved 1099776K
  class space    used 6483K, capacity 7730K, committed 7936K, reserved 1048576K
Event: 6644.540 GC heap after
Heap after GC invocations=58 (full 24):
 PSYoungGen      total 267264K, used 0K [0x0000000755580000, 0x0000000766d80000, 0x00000007c0000000)
  eden space 248832K, 0% used [0x0000000755580000,0x0000000755580000,0x0000000764880000)
  from space 18432K, 0% used [0x0000000765b80000,0x0000000765b80000,0x0000000766d80000)
  to   space 18944K, 0% used [0x0000000764880000,0x0000000764880000,0x0000000765b00000)
 ParOldGen       total 209408K, used 17919K [0x0000000680000000, 0x000000068cc80000, 0x0000000755580000)
  object space 209408K, 8% used [0x0000000680000000,0x000000068117fdb8,0x000000068cc80000)
 Metaspace       used 51239K, capacity 56749K, committed 57600K, reserved 1099776K
  class space    used 6483K, capacity 7728K, committed 7936K, reserved 1048576K
}
Event: 6714.796 GC heap before
{Heap before GC invocations=59 (full 24):
 PSYoungGen      total 267264K, used 248832K [0x0000000755580000, 0x0000000766d80000, 0x00000007c0000000)
  eden space 248832K, 100% used [0x0000000755580000,0x0000000764880000,0x0000000764880000)
  from space 18432K, 0% used [0x0000000765b80000,0x0000000765b80000,0x0000000766d80000)
  to   space 18944K, 0% used [0x0000000764880000,0x0000000764880000,0x0000000765b00000)
 ParOldGen       total 209408K, used 17919K [0x0000000680000000, 0x000000068cc80000, 0x0000000755580000)
  object space 209408K, 8% used [0x0000000680000000,0x000000068117fdb8,0x000000068cc80000)
 Metaspace       used 51390K, capacity 57017K, committed 57600K, reserved 1099776K
  class space    used 6500K, capacity 7783K, committed 7936K, reserved 1048576K
Event: 6714.808 GC heap after
Heap after GC invocations=59 (full 24):
 PSYoungGen      total 259584K, used 17347K [0x0000000755580000, 0x0000000766c00000, 0x00000007c0000000)
  eden space 242176K, 0% used [0x0000000755580000,0x0000000755580000,0x0000000764200000)
  from space 17408K, 99% used [0x0000000764880000,0x0000000765970e98,0x0000000765980000)
  to   space 18944K, 0% used [0x0000000765980000,0x0000000765980000,0x0000000766c00000)
 ParOldGen       total 209408K, used 17927K [0x0000000680000000, 0x000000068cc80000, 0x0000000755580000)
  object space 209408K, 8% used [0x0000000680000000,0x0000000681181db8,0x000000068cc80000)
 Metaspace       used 51390K, capacity 57017K, committed 57600K, reserved 1099776K
  class space    used 6500K, capacity 7783K, committed 7936K, reserved 1048576K
}

Deoptimization events (0 events):
No events

Internal exceptions (10 events):
Event: 6694.319 Thread 0x0000000020c9a000 Exception <a 'java/lang/ArrayIndexOutOfBoundsException'> (0x000000075ac65fa0) thrown at [C:\re\workspace\8-2-build-windows-amd64-cygwin\jdk8u144\9417\hotspot\src\share\vm\runtime\sharedRuntime.cpp, line 605]
Event: 6704.514 Thread 0x0000000020c9a000 Exception <a 'java/lang/ClassNotFoundException': java/lang/ObjectCustomizer> (0x000000075b202df0) thrown at [C:\re\workspace\8-2-build-windows-amd64-cygwin\jdk8u144\9417\hotspot\src\share\vm\classfile\systemDictionary.cpp, line 210]
Event: 6704.514 Thread 0x0000000020c9a000 Exception <a 'java/lang/ArrayIndexOutOfBoundsException'> (0x000000075b206138) thrown at [C:\re\workspace\8-2-build-windows-amd64-cygwin\jdk8u144\9417\hotspot\src\share\vm\runtime\sharedRuntime.cpp, line 605]
Event: 6704.515 Thread 0x0000000020c9a000 Exception <a 'java/lang/ClassNotFoundException': com/kps/vo/SearchParamVOCustomizer> (0x000000075b216d50) thrown at [C:\re\workspace\8-2-build-windows-amd64-cygwin\jdk8u144\9417\hotspot\src\share\vm\classfile\systemDictionary.cpp, line 210]
Event: 6704.517 Thread 0x0000000020c9a000 Exception <a 'java/lang/ArrayIndexOutOfBoundsException'> (0x000000075b23eab0) thrown at [C:\re\workspace\8-2-build-windows-amd64-cygwin\jdk8u144\9417\hotspot\src\share\vm\runtime\sharedRuntime.cpp, line 605]
Event: 6715.789 Thread 0x0000000020c9a000 Exception <a 'java/lang/ArrayIndexOutOfBoundsException'> (0x0000000758b39728) thrown at [C:\re\workspace\8-2-build-windows-amd64-cygwin\jdk8u144\9417\hotspot\src\share\vm\runtime\sharedRuntime.cpp, line 605]
Event: 6716.015 Thread 0x0000000020c9a000 Exception <a 'java/io/IOException'> (0x0000000758b66258) thrown at [C:\re\workspace\8-2-build-windows-amd64-cygwin\jdk8u144\9417\hotspot\src\share\vm\prims\jni.cpp, line 709]
Event: 6716.016 Thread 0x0000000020c9a000 Exception <a 'java/io/IOException'> (0x0000000758b671f8) thrown at [C:\re\workspace\8-2-build-windows-amd64-cygwin\jdk8u144\9417\hotspot\src\share\vm\prims\jni.cpp, line 709]
Event: 6716.016 Thread 0x0000000020c9a000 Exception <a 'java/io/IOException'> (0x0000000758b69b78) thrown at [C:\re\workspace\8-2-build-windows-amd64-cygwin\jdk8u144\9417\hotspot\src\share\vm\prims\jni.cpp, line 709]
Event: 8447.991 Thread 0x00000000226c6000 Exception <a 'java/net/ConnectException': Connection timed out: connect> (0x000000075c5a6a30) thrown at [C:\re\workspace\8-2-build-windows-amd64-cygwin\jdk8u144\9417\hotspot\src\share\vm\prims\jni.cpp, line 735]

Events (10 events):
Event: 8442.538 Executing VM operation: RevokeBias
Event: 8442.538 Executing VM operation: RevokeBias done
Event: 8442.538 Thread 0x0000000020c90800 Thread exited: 0x0000000020c90800
Event: 8447.541 Executing VM operation: RevokeBias
Event: 8447.541 Executing VM operation: RevokeBias done
Event: 8447.541 Thread 0x00000000226c7000 Thread exited: 0x00000000226c7000
Event: 8447.991 loading class java/net/ConnectException
Event: 8447.991 loading class java/net/SocketException
Event: 8447.991 loading class java/net/SocketException done
Event: 8447.991 loading class java/net/ConnectException done


Dynamic libraries:
0x00007ff64e5a0000 - 0x00007ff64e5d7000 	C:\Program Files\Java\jre1.8.0_144\bin\javaw.exe
0x00007ffc6c570000 - 0x00007ffc6c765000 	C:\WINDOWS\SYSTEM32\ntdll.dll
0x00007ffc6ba60000 - 0x00007ffc6bb1e000 	C:\WINDOWS\System32\KERNEL32.DLL
0x00007ffc6a130000 - 0x00007ffc6a3f9000 	C:\WINDOWS\System32\KERNELBASE.dll
0x00007ffc6b360000 - 0x00007ffc6b40c000 	C:\WINDOWS\System32\ADVAPI32.dll
0x00007ffc6bc40000 - 0x00007ffc6bcde000 	C:\WINDOWS\System32\msvcrt.dll
0x00007ffc6bb20000 - 0x00007ffc6bbbb000 	C:\WINDOWS\System32\sechost.dll
0x00007ffc6aaf0000 - 0x00007ffc6ac1a000 	C:\WINDOWS\System32\RPCRT4.dll
0x00007ffc6b0a0000 - 0x00007ffc6b241000 	C:\WINDOWS\System32\USER32.dll
0x00007ffc6a100000 - 0x00007ffc6a122000 	C:\WINDOWS\System32\win32u.dll
0x00007ffc6b2b0000 - 0x00007ffc6b2db000 	C:\WINDOWS\System32\GDI32.dll
0x00007ffc6a400000 - 0x00007ffc6a50b000 	C:\WINDOWS\System32\gdi32full.dll
0x00007ffc69eb0000 - 0x00007ffc69f4d000 	C:\WINDOWS\System32\msvcp_win.dll
0x00007ffc69cf0000 - 0x00007ffc69df0000 	C:\WINDOWS\System32\ucrtbase.dll
0x00007ffc60be0000 - 0x00007ffc60e7a000 	C:\WINDOWS\WinSxS\amd64_microsoft.windows.common-controls_6595b64144ccf1df_6.0.19041.1110_none_60b5254171f9507e\COMCTL32.dll
0x00007ffc6ace0000 - 0x00007ffc6ad10000 	C:\WINDOWS\System32\IMM32.DLL
0x0000000064a30000 - 0x0000000064b02000 	C:\Program Files\Java\jre1.8.0_144\bin\msvcr100.dll
0x00000000650e0000 - 0x000000006597d000 	C:\Program Files\Java\jre1.8.0_144\bin\server\jvm.dll
0x00007ffc6acd0000 - 0x00007ffc6acd8000 	C:\WINDOWS\System32\PSAPI.DLL
0x00007ffc586d0000 - 0x00007ffc586d9000 	C:\WINDOWS\SYSTEM32\WSOCK32.dll
0x00007ffc5a480000 - 0x00007ffc5a4a7000 	C:\WINDOWS\SYSTEM32\WINMM.dll
0x00007ffc646b0000 - 0x00007ffc646ba000 	C:\WINDOWS\SYSTEM32\VERSION.dll
0x00007ffc6b2f0000 - 0x00007ffc6b35b000 	C:\WINDOWS\System32\WS2_32.dll
0x0000000064ff0000 - 0x0000000064fff000 	C:\Program Files\Java\jre1.8.0_144\bin\verify.dll
0x0000000064fc0000 - 0x0000000064fe9000 	C:\Program Files\Java\jre1.8.0_144\bin\java.dll
0x00000000649e0000 - 0x0000000064a15000 	C:\Program Files\Java\jre1.8.0_144\bin\jdwp.dll
0x00000000649d0000 - 0x00000000649d8000 	C:\Program Files\Java\jre1.8.0_144\bin\npt.dll
0x0000000064f70000 - 0x0000000064f86000 	C:\Program Files\Java\jre1.8.0_144\bin\zip.dll
0x00007ffc6bd40000 - 0x00007ffc6c47f000 	C:\WINDOWS\System32\SHELL32.dll
0x00007ffc67db0000 - 0x00007ffc68540000 	C:\WINDOWS\SYSTEM32\windows.storage.dll
0x00007ffc6a650000 - 0x00007ffc6a9a5000 	C:\WINDOWS\System32\combase.dll
0x00007ffc69610000 - 0x00007ffc6963c000 	C:\WINDOWS\SYSTEM32\Wldp.dll
0x00007ffc6ac20000 - 0x00007ffc6acce000 	C:\WINDOWS\System32\SHCORE.dll
0x00007ffc6b250000 - 0x00007ffc6b2a5000 	C:\WINDOWS\System32\shlwapi.dll
0x00007ffc69bd0000 - 0x00007ffc69bef000 	C:\WINDOWS\SYSTEM32\profapi.dll
0x00000000649c0000 - 0x00000000649c9000 	C:\Program Files\Java\jre1.8.0_144\bin\dt_socket.dll
0x00007ffc5a3f0000 - 0x00007ffc5a407000 	C:\WINDOWS\system32\napinsp.dll
0x00007ffc59260000 - 0x00007ffc5927b000 	C:\WINDOWS\system32\pnrpnsp.dll
0x00007ffc59240000 - 0x00007ffc59255000 	C:\WINDOWS\system32\wshbth.dll
0x00007ffc65710000 - 0x00007ffc6572d000 	C:\WINDOWS\system32\NLAapi.dll
0x00007ffc69060000 - 0x00007ffc6909b000 	C:\WINDOWS\SYSTEM32\IPHLPAPI.DLL
0x00007ffc69370000 - 0x00007ffc693da000 	C:\WINDOWS\System32\mswsock.dll
0x00007ffc690a0000 - 0x00007ffc6916c000 	C:\WINDOWS\SYSTEM32\DNSAPI.dll
0x00007ffc6b2e0000 - 0x00007ffc6b2e8000 	C:\WINDOWS\System32\NSI.dll
0x00007ffc59220000 - 0x00007ffc59232000 	C:\WINDOWS\System32\winrnr.dll
0x00007ffc628c0000 - 0x00007ffc6293f000 	C:\WINDOWS\System32\fwpuclnt.dll
0x00007ffc69df0000 - 0x00007ffc69e17000 	C:\WINDOWS\System32\bcrypt.dll
0x00007ffc62940000 - 0x00007ffc6294a000 	C:\Windows\System32\rasadhlp.dll
0x0000000064a20000 - 0x0000000064a2d000 	C:\Program Files\Java\jre1.8.0_144\bin\management.dll
0x0000000064f50000 - 0x0000000064f6a000 	C:\Program Files\Java\jre1.8.0_144\bin\net.dll
0x0000000064f30000 - 0x0000000064f41000 	C:\Program Files\Java\jre1.8.0_144\bin\nio.dll
0x00007ffc69560000 - 0x00007ffc69578000 	C:\WINDOWS\SYSTEM32\CRYPTSP.dll
0x00007ffc68cf0000 - 0x00007ffc68d24000 	C:\WINDOWS\system32\rsaenh.dll
0x00007ffc69b20000 - 0x00007ffc69b4e000 	C:\WINDOWS\SYSTEM32\USERENV.dll
0x00007ffc69e20000 - 0x00007ffc69ea3000 	C:\WINDOWS\System32\bcryptprimitives.dll
0x00007ffc69580000 - 0x00007ffc6958c000 	C:\WINDOWS\SYSTEM32\CRYPTBASE.dll
0x00007ffc643f0000 - 0x00007ffc64407000 	C:\WINDOWS\SYSTEM32\dhcpcsvc6.DLL
0x00007ffc643d0000 - 0x00007ffc643ed000 	C:\WINDOWS\SYSTEM32\dhcpcsvc.DLL
0x00007ffc5a870000 - 0x00007ffc5aa54000 	C:\WINDOWS\SYSTEM32\dbghelp.dll

VM Arguments:
jvm_args: -Djava.net.preferIPv4Stack=true -agentlib:jdwp=transport=dt_socket,suspend=y,address=localhost:55290 -Dcom.sun.management.jmxremote -Dcom.sun.management.jmxremote.port=55289 -Dcom.sun.management.jmxremote.authenticate=false -Dcom.sun.management.jmxremote.ssl=false -Djava.rmi.server.hostname=localhost -Dspring.jmx.enabled=true -Dspring.liveBeansView.mbeanDomain -Xverify:none -XX:TieredStopAtLevel=1 -Dfile.encoding=UTF-8 
java_command: com.kps.StatisticApplication
java_class_path (initial): D:\StatsExtract\statistic\target\classes;C:\Users\jsh\.m2\repository\org\springframework\boot\spring-boot-starter-web\2.5.4\spring-boot-starter-web-2.5.4.jar;C:\Users\jsh\.m2\repository\org\springframework\boot\spring-boot-starter\2.5.4\spring-boot-starter-2.5.4.jar;C:\Users\jsh\.m2\repository\org\springframework\boot\spring-boot-starter-logging\2.5.4\spring-boot-starter-logging-2.5.4.jar;C:\Users\jsh\.m2\repository\ch\qos\logback\logback-classic\1.2.5\logback-classic-1.2.5.jar;C:\Users\jsh\.m2\repository\ch\qos\logback\logback-core\1.2.5\logback-core-1.2.5.jar;C:\Users\jsh\.m2\repository\org\apache\logging\log4j\log4j-to-slf4j\2.14.1\log4j-to-slf4j-2.14.1.jar;C:\Users\jsh\.m2\repository\org\apache\logging\log4j\log4j-api\2.14.1\log4j-api-2.14.1.jar;C:\Users\jsh\.m2\repository\org\slf4j\jul-to-slf4j\1.7.32\jul-to-slf4j-1.7.32.jar;C:\Users\jsh\.m2\repository\jakarta\annotation\jakarta.annotation-api\1.3.5\jakarta.annotation-api-1.3.5.jar;C:\Users\jsh\.m2\repository\org\yaml\snakeyaml\1.28\snakeyaml-1.28.jar;C:\Users\jsh\.m2\repository\org\springframework\boot\spring-boot-starter-json\2.5.4\spring-boot-starter-json-2.5.4.jar;C:\Users\jsh\.m2\repository\com\fasterxml\jackson\core\jackson-databind\2.12.4\jackson-databind-2.12.4.jar;C:\Users\jsh\.m2\repository\com\fasterxml\jackson\core\jackson-annotations\2.12.4\jackson-annotations-2.12.4.jar;C:\Users\jsh\.m2\repository\com\fasterxml\jackson\core\jackson-core\2.12.4\jackson-core-2.12.4.jar;C:\Users\jsh\.m2\repository\com\fasterxml\jackson\datatype\jackson-datatype-jdk8\2.12.4\jackson-datatype-jdk8-2.12.4.jar;C:\Users\jsh\.m2\repository\com\fasterxml\jackson\datatype\jackson-datatype-jsr310\2.12.4\jackson-datatype-jsr310-2.12.4.jar;C:\Users\jsh\.m2\repository\com\fasterxml\jackson\module\jackson-module-parameter-names\2.12.4\jackson-module-parameter-names-2.12.4.jar;C:\Users\jsh\.m2\repository\org\springframework\boot\spring-boot-starter-tomcat\2.5.4\spring-boot-starter-tomcat-2.5.4.jar;C:\Us
Launcher Type: SUN_STANDARD

Environment Variables:
JAVA_TOOL_OPTIONS=-Djava.net.preferIPv4Stack=true
CLASSPATH=.;
PATH=C:/Program Files/Java/jre1.8.0_144/bin/server;C:/Program Files/Java/jre1.8.0_144/bin;C:/Program Files/Java/jre1.8.0_144/lib/amd64;C:\ProgramData\Oracle\Java\javapath;C:\WINDOWS\system32;C:\WINDOWS;C:\WINDOWS\System32\Wbem;C:\WINDOWS\System32\WindowsPowerShell\v1.0\;C:\WINDOWS\System32\OpenSSH\;C:\Program Files\Java\jdk1.8.0_144\bin;C:\Program Files (x86)\Microsoft SQL Server\150\DTS\Binn\;C:\Program Files\nodejs\;C:\Program Files\Git\cmd;C:\Program Files\MySQL\MySQL Server 8.0\bin;C:\Program Files\Microsoft SQL Server\130\Tools\Binn\;C:\Program Files (x86)\Microsoft SQL Server\110\DTS\Binn\;C:\Program Files (x86)\Microsoft SQL Server\120\DTS\Binn\;C:\Program Files (x86)\Microsoft SQL Server\130\DTS\Binn\;C:\Program Files (x86)\Microsoft SQL Server\140\DTS\Binn\;C:\Program Files\MySQL\MySQL Shell 8.0\bin\;C:\Users\jsh\AppData\Local\Microsoft\WindowsApps;C:\Users\jsh\AppData\Roaming\npm;C:\Users\jsh\AppData\Local\Programs\Microsoft VS Code\bin;;C:\eclipse-86_64\eclipse;
USERNAME=jsh
OS=Windows_NT
PROCESSOR_IDENTIFIER=Intel64 Family 6 Model 158 Stepping 13, GenuineIntel



---------------  S Y S T E M  ---------------

OS: Windows 10.0 , 64 bit Build 19041 (10.0.19041.1202)

CPU:total 4 (initial active 4) (4 cores per cpu, 1 threads per core) family 6 model 158 stepping 13, cmov, cx8, fxsr, mmx, sse, sse2, sse3, ssse3, sse4.1, sse4.2, popcnt, avx, avx2, aes, clmul, 3dnowpref, lzcnt, tsc, tscinvbit

Memory: 4k page, physical 20971060k(10709352k free), swap 24116788k(8773488k free)

vm_info: Java HotSpot(TM) 64-Bit Server VM (25.144-b01) for windows-amd64 JRE (1.8.0_144-b01), built on Jul 21 2017 21:57:33 by "java_re" with MS VC++ 10.0 (VS2010)

time: Mon Nov 08 09:10:19 2021
elapsed time: 8448 seconds (0d 2h 20m 48s)

