#
# A fatal error has been detected by the Java Runtime Environment:
#
#  EXCEPTION_ACCESS_VIOLATION (0xc0000005) at pc=0x00007ffbd0bd3416, pid=9388, tid=0x0000000000002ae0
#
# JRE version: Java(TM) SE Runtime Environment (8.0_144-b01) (build 1.8.0_144-b01)
# Java VM: Java HotSpot(TM) 64-Bit Server VM (25.144-b01 mixed mode windows-amd64 compressed oops)
# Problematic frame:
# C  [ntdll.dll+0x63416]
#
# Failed to write core dump. Minidumps are not enabled by default on client versions of Windows
#
# If you would like to submit a bug report, please visit:
#   http://bugreport.java.com/bugreport/crash.jsp
# The crash happened outside the Java Virtual Machine in native code.
# See problematic frame for where to report the bug.
#

---------------  T H R E A D  ---------------

Current thread (0x0000000023291000):  JavaThread "HikariPool-14 connection adder" daemon [_thread_in_native, id=10976, stack(0x00000000222b0000,0x00000000223b0000)]

siginfo: ExceptionCode=0xc0000005, writing address 0x0000000000000024

Registers:
RAX=0x0000000000000000, RBX=0x0000000000e6a2d0, RCX=0x0000000000e6a2d0, RDX=0x00000000fffffffa
RSP=0x00000000223add90, RBP=0x0000000000000a00, RSI=0x0000000000000000, RDI=0x0000000000000000
R8 =0x0000000000000000, R9 =0x0000000000e6a200, R10=0x000000000000003d, R11=0x0000000000e51690
R12=0x0000000000000000, R13=0x0000000000bcb000, R14=0x0000000000000001, R15=0x0000000000000000
RIP=0x00007ffbd0bd3416, EFLAGS=0x0000000000010213

Top of Stack: (sp=0x00000000223add90)
0x00000000223add90:   ffffffffffffffff 0000000000e6a2d0
0x00000000223adda0:   00000000223ae530 00000000030c83fd
0x00000000223addb0:   00000000030c56d0 0000000000000000
0x00000000223addc0:   00000000223ae5b0 00000000223ae550
0x00000000223addd0:   0000000023291000 7463656efffffffa
0x00000000223adde0:   0000000000bcb000 000000000000006e
0x00000000223addf0:   0000000000000a40 000000008004667e
0x00000000223ade00:   0000000000e8a710 00007ffbcfff54fa
0x00000000223ade10:   0000000000000a40 00007ffbd0bc07b0
0x00000000223ade20:   00008a6a49442d12 000000005f91933c
0x00000000223ade30:   0000000000000000 0000000000000001
0x00000000223ade40:   0000000000000001 0000000000000001
0x00000000223ade50:   0000000000000000 0000000000e6a2d0
0x00000000223ade60:   0000000000000a00 00007ffbd0b9fcb4
0x00000000223ade70:   0000000000e720e0 00000000223ae000
0x00000000223ade80:   00000000fffffffa 0000000000000a40 

Instructions: (pc=0x00007ffbd0bd3416)
0x00007ffbd0bd33f6:   48 39 73 18 0f 84 d2 00 00 00 48 8b 03 48 83 f8
0x00007ffbd0bd3406:   ff 0f 84 d2 00 00 00 44 8b fe 48 83 f8 ff 74 03
0x00007ffbd0bd3416:   ff 40 24 4c 8b 73 18 4c 8d 2d d4 10 10 00 bd 22
0x00007ffbd0bd3426:   17 00 00 e8 22 14 fc ff 85 c0 0f 85 be b2 05 00 


Register to memory mapping:

RAX=0x0000000000000000 is an unknown value
RBX=0x0000000000e6a2d0 is an unknown value
RCX=0x0000000000e6a2d0 is an unknown value
RDX=0x00000000fffffffa is an unknown value
RSP=0x00000000223add90 is pointing into the stack for thread: 0x0000000023291000
RBP=0x0000000000000a00 is an unknown value
RSI=0x0000000000000000 is an unknown value
RDI=0x0000000000000000 is an unknown value
R8 =0x0000000000000000 is an unknown value
R9 =0x0000000000e6a200 is an unknown value
R10=0x000000000000003d is an unknown value
R11=0x0000000000e51690 is an unknown value
R12=0x0000000000000000 is an unknown value
R13=0x0000000000bcb000 is an unknown value
R14=0x0000000000000001 is an unknown value
R15=0x0000000000000000 is an unknown value


Stack: [0x00000000222b0000,0x00000000223b0000],  sp=0x00000000223add90,  free space=1015k
Native frames: (J=compiled Java code, j=interpreted, Vv=VM code, C=native code)
C  [ntdll.dll+0x63416]
C  [ntdll.dll+0x2fcb4]
C  [ntdll.dll+0x2fae2]
C  [mswsock.dll+0x3610]
C  [WS2_32.dll+0x11c67]
C  [net.dll+0xdfc1]
C  [net.dll+0xca4b]
C  0x0000000003e3f8f5

Java frames: (J=compiled Java code, j=interpreted, Vv=VM code)
J 6651  java.net.TwoStacksPlainSocketImpl.socketClose0(Z)V (0 bytes) @ 0x0000000003e3f87b [0x0000000003e3f840+0x3b]
J 6526 C1 java.net.TwoStacksPlainSocketImpl.close()V (107 bytes) @ 0x0000000003df4f7c [0x0000000003df4d20+0x25c]
j  java.net.AbstractPlainSocketImpl.doConnect(Ljava/net/InetAddress;II)V+149
j  java.net.AbstractPlainSocketImpl.connectToAddress(Ljava/net/InetAddress;II)V+23
j  java.net.AbstractPlainSocketImpl.connect(Ljava/net/SocketAddress;I)V+78
j  java.net.PlainSocketImpl.connect(Ljava/net/SocketAddress;I)V+6
j  java.net.SocksSocketImpl.connect(Ljava/net/SocketAddress;I)V+381
j  java.net.Socket.connect(Ljava/net/SocketAddress;I)V+179
j  com.microsoft.sqlserver.jdbc.SocketFinder.getConnectedSocket(Ljava/net/InetSocketAddress;I)Ljava/net/Socket;+62
j  com.microsoft.sqlserver.jdbc.SocketFinder.getDefaultSocket(Ljava/lang/String;II)Ljava/net/Socket;+93
j  com.microsoft.sqlserver.jdbc.SocketFinder.findSocket(Ljava/lang/String;IIZZZI)Ljava/net/Socket;+44
j  com.microsoft.sqlserver.jdbc.TDSChannel.open(Ljava/lang/String;IIZZZI)Ljava/net/InetSocketAddress;+72
j  com.microsoft.sqlserver.jdbc.SQLServerConnection.connectHelper(Lcom/microsoft/sqlserver/jdbc/ServerPortPlaceHolder;IIZZZI)Ljava/net/InetSocketAddress;+157
j  com.microsoft.sqlserver.jdbc.SQLServerConnection.login(Ljava/lang/String;Ljava/lang/String;ILjava/lang/String;Lcom/microsoft/sqlserver/jdbc/FailoverInfo;IJ)V+552
j  com.microsoft.sqlserver.jdbc.SQLServerConnection.connectInternal(Ljava/util/Properties;Lcom/microsoft/sqlserver/jdbc/SQLServerPooledConnection;)Ljava/sql/Connection;+5806
j  com.microsoft.sqlserver.jdbc.SQLServerConnection.connect(Ljava/util/Properties;Lcom/microsoft/sqlserver/jdbc/SQLServerPooledConnection;)Ljava/sql/Connection;+13
j  com.microsoft.sqlserver.jdbc.SQLServerDriver.connect(Ljava/lang/String;Ljava/util/Properties;)Ljava/sql/Connection;+66
j  net.sf.log4jdbc.sql.jdbcapi.DriverSpy.connect(Ljava/lang/String;Ljava/util/Properties;)Ljava/sql/Connection;+31
j  com.zaxxer.hikari.util.DriverDataSource.getConnection(Ljava/lang/String;Ljava/lang/String;)Ljava/sql/Connection;+61
j  com.zaxxer.hikari.pool.PoolBase.newConnection()Ljava/sql/Connection;+49
j  com.zaxxer.hikari.pool.PoolBase.newPoolEntry()Lcom/zaxxer/hikari/pool/PoolEntry;+5
j  com.zaxxer.hikari.pool.HikariPool.createPoolEntry()Lcom/zaxxer/hikari/pool/PoolEntry;+1
J 10891 C1 com.zaxxer.hikari.pool.HikariPool$PoolEntryCreator.call()Ljava/lang/Boolean; (171 bytes) @ 0x0000000004719784 [0x00000000047196e0+0xa4]
J 10890 C1 com.zaxxer.hikari.pool.HikariPool$PoolEntryCreator.call()Ljava/lang/Object; (5 bytes) @ 0x000000000471935c [0x0000000004719320+0x3c]
J 7838 C1 java.util.concurrent.FutureTask.run()V (126 bytes) @ 0x00000000040c68c4 [0x00000000040c6800+0xc4]
J 8745 C1 java.util.concurrent.ThreadPoolExecutor.runWorker(Ljava/util/concurrent/ThreadPoolExecutor$Worker;)V (225 bytes) @ 0x000000000428d824 [0x000000000428d5a0+0x284]
j  java.util.concurrent.ThreadPoolExecutor$Worker.run()V+5
J 9630 C1 java.lang.Thread.run()V (17 bytes) @ 0x00000000044657b4 [0x0000000004465760+0x54]
v  ~StubRoutines::call_stub

---------------  P R O C E S S  ---------------

Java Threads: ( => current thread )
  0x000000002328a000 JavaThread "HikariPool-14 connection closer" daemon [_thread_blocked, id=11640, stack(0x0000000021eb0000,0x0000000021fb0000)]
=>0x0000000023291000 JavaThread "HikariPool-14 connection adder" daemon [_thread_in_native, id=10976, stack(0x00000000222b0000,0x00000000223b0000)]
  0x000000002328d000 JavaThread "RMI TCP Connection(idle)" daemon [_thread_blocked, id=12884, stack(0x0000000001010000,0x0000000001110000)]
  0x000000002328a800 JavaThread "http-nio-8080-exec-10" daemon [_thread_blocked, id=11576, stack(0x0000000027750000,0x0000000027850000)]
  0x0000000023572800 JavaThread "http-nio-8080-exec-9" daemon [_thread_blocked, id=11752, stack(0x0000000027650000,0x0000000027750000)]
  0x0000000023572000 JavaThread "http-nio-8080-exec-8" daemon [_thread_blocked, id=7744, stack(0x0000000027550000,0x0000000027650000)]
  0x0000000023571000 JavaThread "http-nio-8080-exec-7" daemon [_thread_blocked, id=10864, stack(0x0000000027250000,0x0000000027350000)]
  0x000000002356f800 JavaThread "http-nio-8080-exec-6" daemon [_thread_blocked, id=11964, stack(0x0000000027150000,0x0000000027250000)]
  0x000000002356f000 JavaThread "http-nio-8080-exec-5" daemon [_thread_blocked, id=5704, stack(0x0000000021fb0000,0x00000000220b0000)]
  0x000000002356c000 JavaThread "http-nio-8080-exec-4" daemon [_thread_blocked, id=12660, stack(0x0000000000f10000,0x0000000001010000)]
  0x0000000023570800 JavaThread "http-nio-8080-exec-3" daemon [_thread_blocked, id=3384, stack(0x0000000026e50000,0x0000000026f50000)]
  0x0000000023568000 JavaThread "http-nio-8080-exec-2" daemon [_thread_blocked, id=10732, stack(0x0000000024980000,0x0000000024a80000)]
  0x0000000023567800 JavaThread "http-nio-8080-exec-1" daemon [_thread_blocked, id=9332, stack(0x0000000002dc0000,0x0000000002ec0000)]
  0x000000002356e000 JavaThread "http-nio-8080-Acceptor" daemon [_thread_in_native, id=9016, stack(0x0000000025780000,0x0000000025880000)]
  0x0000000023566800 JavaThread "http-nio-8080-Poller" daemon [_thread_in_native, id=5308, stack(0x0000000025680000,0x0000000025780000)]
  0x000000002356a800 JavaThread "File Watcher" daemon [_thread_blocked, id=12032, stack(0x0000000025480000,0x0000000025580000)]
  0x0000000023569800 JavaThread "container-0" [_thread_blocked, id=6604, stack(0x0000000024d80000,0x0000000024e80000)]
  0x0000000023565000 JavaThread "Catalina-utility-2" [_thread_blocked, id=8380, stack(0x0000000024c80000,0x0000000024d80000)]
  0x0000000023569000 JavaThread "Catalina-utility-1" [_thread_blocked, id=1064, stack(0x0000000024b80000,0x0000000024c80000)]
  0x0000000023566000 JavaThread "HikariPool-14 housekeeper" daemon [_thread_blocked, id=7804, stack(0x0000000023d80000,0x0000000023e80000)]
  0x0000000023573800 JavaThread "JMX server connection timeout 52" daemon [_thread_blocked, id=12992, stack(0x0000000027d50000,0x0000000027e50000)]
  0x000000002356d800 JavaThread "JMX server connection timeout 50" daemon [_thread_blocked, id=7200, stack(0x0000000027b50000,0x0000000027c50000)]
  0x000000002328e800 JavaThread "DestroyJavaVM" [_thread_blocked, id=6248, stack(0x0000000002ec0000,0x0000000002fc0000)]
  0x0000000023290000 JavaThread "Live Reload Server" daemon [_thread_in_native, id=12876, stack(0x0000000025580000,0x0000000025680000)]
  0x000000002328e000 JavaThread "JMX server connection timeout 29" daemon [_thread_blocked, id=10904, stack(0x0000000024a80000,0x0000000024b80000)]
  0x0000000023284800 JavaThread "RMI Scheduler(0)" daemon [_thread_blocked, id=9572, stack(0x0000000024880000,0x0000000024980000)]
  0x0000000020fac000 JavaThread "RMI TCP Accept-0" daemon [_thread_in_native, id=9052, stack(0x00000000217d0000,0x00000000218d0000)]
  0x0000000020fa0800 JavaThread "RMI TCP Accept-50292" daemon [_thread_in_native, id=13064, stack(0x00000000216d0000,0x00000000217d0000)]
  0x0000000020f87000 JavaThread "RMI TCP Accept-0" daemon [_thread_in_native, id=5032, stack(0x00000000215d0000,0x00000000216d0000)]
  0x0000000020176000 JavaThread "Service Thread" daemon [_thread_blocked, id=1820, stack(0x0000000020cd0000,0x0000000020dd0000)]
  0x000000001ed2b800 JavaThread "C1 CompilerThread2" daemon [_thread_blocked, id=2676, stack(0x0000000020bd0000,0x0000000020cd0000)]
  0x000000001ed28800 JavaThread "C2 CompilerThread1" daemon [_thread_blocked, id=11736, stack(0x0000000020ad0000,0x0000000020bd0000)]
  0x000000001ed27000 JavaThread "C2 CompilerThread0" daemon [_thread_blocked, id=7580, stack(0x00000000209d0000,0x0000000020ad0000)]
  0x000000001ed17000 JavaThread "JDWP Command Reader" daemon [_thread_in_native, id=13184, stack(0x00000000208d0000,0x00000000209d0000)]
  0x000000001ed15800 JavaThread "JDWP Event Helper Thread" daemon [_thread_blocked, id=5916, stack(0x00000000207d0000,0x00000000208d0000)]
  0x000000001ed06800 JavaThread "JDWP Transport Listener: dt_socket" daemon [_thread_blocked, id=7856, stack(0x00000000206d0000,0x00000000207d0000)]
  0x000000001ecff000 JavaThread "Attach Listener" daemon [_thread_blocked, id=12984, stack(0x00000000205d0000,0x00000000206d0000)]
  0x0000000020113800 JavaThread "Signal Dispatcher" daemon [_thread_blocked, id=11876, stack(0x00000000204d0000,0x00000000205d0000)]
  0x000000001ecca000 JavaThread "Finalizer" daemon [_thread_blocked, id=3896, stack(0x000000001ff40000,0x0000000020040000)]
  0x000000001eca9000 JavaThread "Reference Handler" daemon [_thread_blocked, id=8108, stack(0x000000001fe40000,0x000000001ff40000)]

Other Threads:
  0x000000001eca7800 VMThread [stack: 0x000000001fd40000,0x000000001fe40000] [id=9860]
  0x0000000020fb5000 WatcherThread [stack: 0x00000000218d0000,0x00000000219d0000] [id=2396]

VM state:not at safepoint (normal execution)

VM Mutex/Monitor currently owned by a thread: None

Heap:
 PSYoungGen      total 153600K, used 95937K [0x0000000755580000, 0x000000075fb00000, 0x00000007c0000000)
  eden space 144896K, 61% used [0x0000000755580000,0x000000075abe71d0,0x000000075e300000)
  from space 8704K, 85% used [0x000000075f280000,0x000000075f9c94a0,0x000000075fb00000)
  to   space 12288K, 0% used [0x000000075e300000,0x000000075e300000,0x000000075ef00000)
 ParOldGen       total 205312K, used 19835K [0x0000000680000000, 0x000000068c880000, 0x0000000755580000)
  object space 205312K, 9% used [0x0000000680000000,0x000000068135edc8,0x000000068c880000)
 Metaspace       used 52926K, capacity 57674K, committed 57856K, reserved 1099776K
  class space    used 6641K, capacity 7588K, committed 7680K, reserved 1048576K

Card table byte_map: [0x0000000012480000,0x0000000012e90000] byte_map_base: 0x000000000f080000

Marking Bits: (ParMarkBitMap*) 0x000000005ff9d850
 Begin Bits: [0x0000000013940000, 0x0000000018940000)
 End Bits:   [0x0000000018940000, 0x000000001d940000)

Polling page: 0x00000000012e0000

CodeCache: size=245760Kb used=23637Kb max_used=23637Kb free=222123Kb
 bounds [0x00000000030c0000, 0x00000000047e0000, 0x00000000120c0000]
 total_blobs=11609 nmethods=11079 adapters=449
 compilation: enabled

Compilation events (10 events):
Event: 18825.260 Thread 0x000000001ed2b800 11233       1       ch.qos.logback.classic.pattern.ThrowableProxyConverter::isIgnoredStackTraceLine (51 bytes)
Event: 18825.261 Thread 0x000000001ed2b800 nmethod 11233 0x00000000047d8bd0 code [0x00000000047d8d60, 0x00000000047d9018]
Event: 18825.262 Thread 0x000000001ed2b800 11230   !   1       java.util.ResourceBundle$CacheKey::equals (119 bytes)
Event: 18825.262 Thread 0x000000001ed2b800 nmethod 11230 0x00000000047d92d0 code [0x00000000047d9460, 0x00000000047d9798]
Event: 18825.264 Thread 0x000000001ed2b800 11234       1       ch.qos.logback.classic.pattern.ThrowableProxyConverter::printStackLine (23 bytes)
Event: 18825.265 Thread 0x000000001ed2b800 nmethod 11234 0x00000000047d9a50 code [0x00000000047d9c00, 0x00000000047d9e58]
Event: 18825.265 Thread 0x000000001ed2b800 11235       1       ch.qos.logback.classic.pattern.ThrowableProxyConverter::extraData (1 bytes)
Event: 18825.265 Thread 0x000000001ed2b800 nmethod 11235 0x00000000047da110 code [0x00000000047da260, 0x00000000047da370]
Event: 18825.266 Thread 0x000000001ed2b800 11232       1       java.lang.StackTraceElement::isNativeMethod (15 bytes)
Event: 18825.266 Thread 0x000000001ed2b800 nmethod 11232 0x00000000047da3d0 code [0x00000000047da520, 0x00000000047da650]

GC Heap History (10 events):
Event: 11930.489 GC heap before
{Heap before GC invocations=41 (full 15):
 PSYoungGen      total 166400K, used 161280K [0x0000000755580000, 0x0000000760e00000, 0x00000007c0000000)
  eden space 161280K, 100% used [0x0000000755580000,0x000000075f300000,0x000000075f300000)
  from space 5120K, 0% used [0x000000075f300000,0x000000075f300000,0x000000075f800000)
  to   space 13824K, 0% used [0x0000000760080000,0x0000000760080000,0x0000000760e00000)
 ParOldGen       total 205312K, used 19795K [0x0000000680000000, 0x000000068c880000, 0x0000000755580000)
  object space 205312K, 9% used [0x0000000680000000,0x0000000681354dc8,0x000000068c880000)
 Metaspace       used 52615K, capacity 57308K, committed 57600K, reserved 1099776K
  class space    used 6602K, capacity 7559K, committed 7680K, reserved 1048576K
Event: 11930.504 GC heap after
Heap after GC invocations=41 (full 15):
 PSYoungGen      total 167936K, used 8093K [0x0000000755580000, 0x0000000760a80000, 0x00000007c0000000)
  eden space 157696K, 0% used [0x0000000755580000,0x0000000755580000,0x000000075ef80000)
  from space 10240K, 79% used [0x0000000760080000,0x00000007608676c8,0x0000000760a80000)
  to   space 13824K, 0% used [0x000000075ef80000,0x000000075ef80000,0x000000075fd00000)
 ParOldGen       total 205312K, used 19803K [0x0000000680000000, 0x000000068c880000, 0x0000000755580000)
  object space 205312K, 9% used [0x0000000680000000,0x0000000681356dc8,0x000000068c880000)
 Metaspace       used 52615K, capacity 57308K, committed 57600K, reserved 1099776K
  class space    used 6602K, capacity 7559K, committed 7680K, reserved 1048576K
}
Event: 13852.147 GC heap before
{Heap before GC invocations=42 (full 15):
 PSYoungGen      total 167936K, used 165789K [0x0000000755580000, 0x0000000760a80000, 0x00000007c0000000)
  eden space 157696K, 100% used [0x0000000755580000,0x000000075ef80000,0x000000075ef80000)
  from space 10240K, 79% used [0x0000000760080000,0x00000007608676c8,0x0000000760a80000)
  to   space 13824K, 0% used [0x000000075ef80000,0x000000075ef80000,0x000000075fd00000)
 ParOldGen       total 205312K, used 19803K [0x0000000680000000, 0x000000068c880000, 0x0000000755580000)
  object space 205312K, 9% used [0x0000000680000000,0x0000000681356dc8,0x000000068c880000)
 Metaspace       used 52664K, capacity 57380K, committed 57600K, reserved 1099776K
  class space    used 6609K, capacity 7571K, committed 7680K, reserved 1048576K
Event: 13852.156 GC heap after
Heap after GC invocations=42 (full 15):
 PSYoungGen      total 161792K, used 7238K [0x0000000755580000, 0x0000000760600000, 0x00000007c0000000)
  eden space 154112K, 0% used [0x0000000755580000,0x0000000755580000,0x000000075ec00000)
  from space 7680K, 94% used [0x000000075ef80000,0x000000075f691818,0x000000075f700000)
  to   space 13312K, 0% used [0x000000075f900000,0x000000075f900000,0x0000000760600000)
 ParOldGen       total 205312K, used 19811K [0x0000000680000000, 0x000000068c880000, 0x0000000755580000)
  object space 205312K, 9% used [0x0000000680000000,0x0000000681358dc8,0x000000068c880000)
 Metaspace       used 52664K, capacity 57380K, committed 57600K, reserved 1099776K
  class space    used 6609K, capacity 7571K, committed 7680K, reserved 1048576K
}
Event: 15786.967 GC heap before
{Heap before GC invocations=43 (full 15):
 PSYoungGen      total 161792K, used 161350K [0x0000000755580000, 0x0000000760600000, 0x00000007c0000000)
  eden space 154112K, 100% used [0x0000000755580000,0x000000075ec00000,0x000000075ec00000)
  from space 7680K, 94% used [0x000000075ef80000,0x000000075f691818,0x000000075f700000)
  to   space 13312K, 0% used [0x000000075f900000,0x000000075f900000,0x0000000760600000)
 ParOldGen       total 205312K, used 19811K [0x0000000680000000, 0x000000068c880000, 0x0000000755580000)
  object space 205312K, 9% used [0x0000000680000000,0x0000000681358dc8,0x000000068c880000)
 Metaspace       used 52831K, capacity 57540K, committed 57856K, reserved 1099776K
  class space    used 6618K, capacity 7587K, committed 7680K, reserved 1048576K
Event: 15786.978 GC heap after
Heap after GC invocations=43 (full 15):
 PSYoungGen      total 161280K, used 7317K [0x0000000755580000, 0x0000000760300000, 0x00000007c0000000)
  eden space 151040K, 0% used [0x0000000755580000,0x0000000755580000,0x000000075e900000)
  from space 10240K, 71% used [0x000000075f900000,0x00000007600254c0,0x0000000760300000)
  to   space 13312K, 0% used [0x000000075e900000,0x000000075e900000,0x000000075f600000)
 ParOldGen       total 205312K, used 19819K [0x0000000680000000, 0x000000068c880000, 0x0000000755580000)
  object space 205312K, 9% used [0x0000000680000000,0x000000068135adc8,0x000000068c880000)
 Metaspace       used 52831K, capacity 57540K, committed 57856K, reserved 1099776K
  class space    used 6618K, capacity 7587K, committed 7680K, reserved 1048576K
}
Event: 16794.156 GC heap before
{Heap before GC invocations=44 (full 15):
 PSYoungGen      total 161280K, used 158357K [0x0000000755580000, 0x0000000760300000, 0x00000007c0000000)
  eden space 151040K, 100% used [0x0000000755580000,0x000000075e900000,0x000000075e900000)
  from space 10240K, 71% used [0x000000075f900000,0x00000007600254c0,0x0000000760300000)
  to   space 13312K, 0% used [0x000000075e900000,0x000000075e900000,0x000000075f600000)
 ParOldGen       total 205312K, used 19819K [0x0000000680000000, 0x000000068c880000, 0x0000000755580000)
  object space 205312K, 9% used [0x0000000680000000,0x000000068135adc8,0x000000068c880000)
 Metaspace       used 52839K, capacity 57604K, committed 57856K, reserved 1099776K
  class space    used 6618K, capacity 7587K, committed 7680K, reserved 1048576K
Event: 16794.163 GC heap after
Heap after GC invocations=44 (full 15):
 PSYoungGen      total 155648K, used 7317K [0x0000000755580000, 0x000000075ff00000, 0x00000007c0000000)
  eden space 147968K, 0% used [0x0000000755580000,0x0000000755580000,0x000000075e600000)
  from space 7680K, 95% used [0x000000075e900000,0x000000075f025600,0x000000075f080000)
  to   space 12800K, 0% used [0x000000075f280000,0x000000075f280000,0x000000075ff00000)
 ParOldGen       total 205312K, used 19827K [0x0000000680000000, 0x000000068c880000, 0x0000000755580000)
  object space 205312K, 9% used [0x0000000680000000,0x000000068135cdc8,0x000000068c880000)
 Metaspace       used 52839K, capacity 57604K, committed 57856K, reserved 1099776K
  class space    used 6618K, capacity 7587K, committed 7680K, reserved 1048576K
}
Event: 18227.076 GC heap before
{Heap before GC invocations=45 (full 15):
 PSYoungGen      total 155648K, used 155285K [0x0000000755580000, 0x000000075ff00000, 0x00000007c0000000)
  eden space 147968K, 100% used [0x0000000755580000,0x000000075e600000,0x000000075e600000)
  from space 7680K, 95% used [0x000000075e900000,0x000000075f025600,0x000000075f080000)
  to   space 12800K, 0% used [0x000000075f280000,0x000000075f280000,0x000000075ff00000)
 ParOldGen       total 205312K, used 19827K [0x0000000680000000, 0x000000068c880000, 0x0000000755580000)
  object space 205312K, 9% used [0x0000000680000000,0x000000068135cdc8,0x000000068c880000)
 Metaspace       used 52897K, capacity 57604K, committed 57856K, reserved 1099776K
  class space    used 6635K, capacity 7587K, committed 7680K, reserved 1048576K
Event: 18227.081 GC heap after
Heap after GC invocations=45 (full 15):
 PSYoungGen      total 153600K, used 7461K [0x0000000755580000, 0x000000075fb00000, 0x00000007c0000000)
  eden space 144896K, 0% used [0x0000000755580000,0x0000000755580000,0x000000075e300000)
  from space 8704K, 85% used [0x000000075f280000,0x000000075f9c94a0,0x000000075fb00000)
  to   space 12288K, 0% used [0x000000075e300000,0x000000075e300000,0x000000075ef00000)
 ParOldGen       total 205312K, used 19835K [0x0000000680000000, 0x000000068c880000, 0x0000000755580000)
  object space 205312K, 9% used [0x0000000680000000,0x000000068135edc8,0x000000068c880000)
 Metaspace       used 52897K, capacity 57604K, committed 57856K, reserved 1099776K
  class space    used 6635K, capacity 7587K, committed 7680K, reserved 1048576K
}

Deoptimization events (0 events):
No events

Internal exceptions (10 events):
Event: 18784.306 Thread 0x0000000023570800 Exception <a 'java/io/IOException'> (0x0000000759dfb7f0) thrown at [C:\re\workspace\8-2-build-windows-amd64-cygwin\jdk8u144\9417\hotspot\src\share\vm\prims\jni.cpp, line 709]
Event: 18825.244 Thread 0x000000002356f000 Exception <a 'java/net/SocketException': Connection reset by peer: socket write error> (0x000000075a5c2a18) thrown at [C:\re\workspace\8-2-build-windows-amd64-cygwin\jdk8u144\9417\hotspot\src\share\vm\prims\jni.cpp, line 735]
Event: 18825.250 Thread 0x000000002356f000 Exception <a 'java/net/SocketException': Connection reset by peer: socket write error> (0x000000075a969d20) thrown at [C:\re\workspace\8-2-build-windows-amd64-cygwin\jdk8u144\9417\hotspot\src\share\vm\prims\jni.cpp, line 735]
Event: 18825.252 Thread 0x000000002356f000 Exception <a 'java/net/SocketException': Connection reset by peer: socket write error> (0x000000075a9b9cf0) thrown at [C:\re\workspace\8-2-build-windows-amd64-cygwin\jdk8u144\9417\hotspot\src\share\vm\prims\jni.cpp, line 735]
Event: 18825.254 Thread 0x000000002356f000 Exception <a 'java/net/SocketException': Connection reset by peer: socket write error> (0x000000075aa09b38) thrown at [C:\re\workspace\8-2-build-windows-amd64-cygwin\jdk8u144\9417\hotspot\src\share\vm\prims\jni.cpp, line 735]
Event: 18825.257 Thread 0x000000002356f000 Exception <a 'java/net/SocketException': Connection reset by peer: socket write error> (0x000000075aa59b08) thrown at [C:\re\workspace\8-2-build-windows-amd64-cygwin\jdk8u144\9417\hotspot\src\share\vm\prims\jni.cpp, line 735]
Event: 18825.259 Thread 0x000000002356f000 Exception <a 'java/net/SocketException': Connection reset by peer: socket write error> (0x000000075aac8fb0) thrown at [C:\re\workspace\8-2-build-windows-amd64-cygwin\jdk8u144\9417\hotspot\src\share\vm\prims\jni.cpp, line 735]
Event: 18825.262 Thread 0x000000002356f000 Exception <a 'java/net/SocketException': Connection reset by peer: socket write error> (0x000000075ab193c0) thrown at [C:\re\workspace\8-2-build-windows-amd64-cygwin\jdk8u144\9417\hotspot\src\share\vm\prims\jni.cpp, line 735]
Event: 18825.264 Thread 0x000000002356f000 Exception <a 'java/net/SocketException': Connection reset by peer: socket write error> (0x000000075ab690b8) thrown at [C:\re\workspace\8-2-build-windows-amd64-cygwin\jdk8u144\9417\hotspot\src\share\vm\prims\jni.cpp, line 735]
Event: 18826.764 Thread 0x0000000023291000 Exception <a 'java/net/ConnectException': Connection timed out: connect> (0x000000075a6d6e08) thrown at [C:\re\workspace\8-2-build-windows-amd64-cygwin\jdk8u144\9417\hotspot\src\share\vm\prims\jni.cpp, line 735]

Events (10 events):
Event: 18825.265 Thread 0x000000002356f000 DEOPT PACKING pc=0x000000000407150c sp=0x00000000220ab760
Event: 18825.265 Thread 0x000000002356f000 DEOPT UNPACKING pc=0x000000000310787f sp=0x00000000220ab4b0 mode 1
Event: 18825.265 Thread 0x000000002328a000 DEOPT PACKING pc=0x000000000422ff14 sp=0x0000000021fae900
Event: 18825.265 Thread 0x000000002328a000 DEOPT UNPACKING pc=0x000000000310787f sp=0x0000000021fae720 mode 1
Event: 18825.265 Thread 0x000000002328a000 DEOPT PACKING pc=0x000000000422da9c sp=0x0000000021faeac0
Event: 18825.265 Thread 0x000000002328a000 DEOPT UNPACKING pc=0x000000000310787f sp=0x0000000021fae838 mode 1
Event: 18825.265 Thread 0x000000002328a000 DEOPT PACKING pc=0x000000000407150c sp=0x0000000021faeb70
Event: 18825.265 Thread 0x000000002328a000 DEOPT UNPACKING pc=0x000000000310787f sp=0x0000000021fae8c0 mode 1
Event: 18826.763 loading class java/net/ConnectException
Event: 18826.764 loading class java/net/ConnectException done


Dynamic libraries:
0x00007ff6f9da0000 - 0x00007ff6f9dd7000 	C:\Program Files\Java\jre1.8.0_144\bin\javaw.exe
0x00007ffbd0b70000 - 0x00007ffbd0d65000 	C:\WINDOWS\SYSTEM32\ntdll.dll
0x00007ffbceec0000 - 0x00007ffbcef7e000 	C:\WINDOWS\System32\KERNEL32.DLL
0x00007ffbce730000 - 0x00007ffbce9f9000 	C:\WINDOWS\System32\KERNELBASE.dll
0x00007ffbcf110000 - 0x00007ffbcf1bc000 	C:\WINDOWS\System32\ADVAPI32.dll
0x00007ffbcfc20000 - 0x00007ffbcfcbe000 	C:\WINDOWS\System32\msvcrt.dll
0x00007ffbcf670000 - 0x00007ffbcf70b000 	C:\WINDOWS\System32\sechost.dll
0x00007ffbcefe0000 - 0x00007ffbcf10a000 	C:\WINDOWS\System32\RPCRT4.dll
0x00007ffbd0980000 - 0x00007ffbd0b21000 	C:\WINDOWS\System32\USER32.dll
0x00007ffbce6a0000 - 0x00007ffbce6c2000 	C:\WINDOWS\System32\win32u.dll
0x00007ffbd01b0000 - 0x00007ffbd01db000 	C:\WINDOWS\System32\GDI32.dll
0x00007ffbceab0000 - 0x00007ffbcebbb000 	C:\WINDOWS\System32\gdi32full.dll
0x00007ffbce390000 - 0x00007ffbce42d000 	C:\WINDOWS\System32\msvcp_win.dll
0x00007ffbce290000 - 0x00007ffbce390000 	C:\WINDOWS\System32\ucrtbase.dll
0x00007ffbc3b00000 - 0x00007ffbc3d9a000 	C:\WINDOWS\WinSxS\amd64_microsoft.windows.common-controls_6595b64144ccf1df_6.0.19041.1110_none_60b5254171f9507e\COMCTL32.dll
0x00007ffbcfcc0000 - 0x00007ffbcfcf0000 	C:\WINDOWS\System32\IMM32.DLL
0x000000005f4b0000 - 0x000000005f582000 	C:\Program Files\Java\jre1.8.0_144\bin\msvcr100.dll
0x000000005f780000 - 0x000000006001d000 	C:\Program Files\Java\jre1.8.0_144\bin\server\jvm.dll
0x00007ffbcf710000 - 0x00007ffbcf718000 	C:\WINDOWS\System32\PSAPI.DLL
0x00007ffbbfb90000 - 0x00007ffbbfbb7000 	C:\WINDOWS\SYSTEM32\WINMM.dll
0x00007ffbc8de0000 - 0x00007ffbc8dea000 	C:\WINDOWS\SYSTEM32\VERSION.dll
0x00007ffbbcf60000 - 0x00007ffbbcf69000 	C:\WINDOWS\SYSTEM32\WSOCK32.dll
0x00007ffbcfff0000 - 0x00007ffbd005b000 	C:\WINDOWS\System32\WS2_32.dll
0x0000000060a10000 - 0x0000000060a1f000 	C:\Program Files\Java\jre1.8.0_144\bin\verify.dll
0x000000005f670000 - 0x000000005f699000 	C:\Program Files\Java\jre1.8.0_144\bin\java.dll
0x000000005f470000 - 0x000000005f4a5000 	C:\Program Files\Java\jre1.8.0_144\bin\jdwp.dll
0x000000005f460000 - 0x000000005f468000 	C:\Program Files\Java\jre1.8.0_144\bin\npt.dll
0x000000005f620000 - 0x000000005f636000 	C:\Program Files\Java\jre1.8.0_144\bin\zip.dll
0x00007ffbd0240000 - 0x00007ffbd097f000 	C:\WINDOWS\System32\SHELL32.dll
0x00007ffbcc3b0000 - 0x00007ffbccb40000 	C:\WINDOWS\SYSTEM32\windows.storage.dll
0x00007ffbcf230000 - 0x00007ffbcf585000 	C:\WINDOWS\System32\combase.dll
0x00007ffbcdc10000 - 0x00007ffbcdc3c000 	C:\WINDOWS\SYSTEM32\Wldp.dll
0x00007ffbcfee0000 - 0x00007ffbcff8d000 	C:\WINDOWS\System32\SHCORE.dll
0x00007ffbcf1c0000 - 0x00007ffbcf215000 	C:\WINDOWS\System32\shlwapi.dll
0x00007ffbce1d0000 - 0x00007ffbce1ef000 	C:\WINDOWS\SYSTEM32\profapi.dll
0x000000005f450000 - 0x000000005f459000 	C:\Program Files\Java\jre1.8.0_144\bin\dt_socket.dll
0x00007ffbbded0000 - 0x00007ffbbdee7000 	C:\WINDOWS\system32\napinsp.dll
0x00007ffbbde50000 - 0x00007ffbbde6b000 	C:\WINDOWS\system32\pnrpnsp.dll
0x00007ffbbdde0000 - 0x00007ffbbddf5000 	C:\WINDOWS\system32\wshbth.dll
0x00007ffbc9cd0000 - 0x00007ffbc9ced000 	C:\WINDOWS\system32\NLAapi.dll
0x00007ffbcd660000 - 0x00007ffbcd69b000 	C:\WINDOWS\SYSTEM32\IPHLPAPI.DLL
0x00007ffbcd970000 - 0x00007ffbcd9da000 	C:\WINDOWS\System32\mswsock.dll
0x00007ffbcd6a0000 - 0x00007ffbcd76c000 	C:\WINDOWS\SYSTEM32\DNSAPI.dll
0x00007ffbcf220000 - 0x00007ffbcf228000 	C:\WINDOWS\System32\NSI.dll
0x00007ffbbdd60000 - 0x00007ffbbdd72000 	C:\WINDOWS\System32\winrnr.dll
0x00007ffbc5680000 - 0x00007ffbc56ff000 	C:\WINDOWS\System32\fwpuclnt.dll
0x00007ffbce670000 - 0x00007ffbce697000 	C:\WINDOWS\System32\bcrypt.dll
0x00007ffbc3da0000 - 0x00007ffbc3daa000 	C:\Windows\System32\rasadhlp.dll
0x000000005f440000 - 0x000000005f44d000 	C:\Program Files\Java\jre1.8.0_144\bin\management.dll
0x000000005f600000 - 0x000000005f61a000 	C:\Program Files\Java\jre1.8.0_144\bin\net.dll
0x000000005f5e0000 - 0x000000005f5f1000 	C:\Program Files\Java\jre1.8.0_144\bin\nio.dll
0x00007ffbcdb60000 - 0x00007ffbcdb78000 	C:\WINDOWS\SYSTEM32\CRYPTSP.dll
0x00007ffbcd2f0000 - 0x00007ffbcd324000 	C:\WINDOWS\system32\rsaenh.dll
0x00007ffbce140000 - 0x00007ffbce16e000 	C:\WINDOWS\SYSTEM32\USERENV.dll
0x00007ffbce590000 - 0x00007ffbce613000 	C:\WINDOWS\System32\bcryptprimitives.dll
0x00007ffbcdb80000 - 0x00007ffbcdb8c000 	C:\WINDOWS\SYSTEM32\CRYPTBASE.dll
0x00007ffbc8750000 - 0x00007ffbc8767000 	C:\WINDOWS\SYSTEM32\dhcpcsvc6.DLL
0x00007ffbc8730000 - 0x00007ffbc874d000 	C:\WINDOWS\SYSTEM32\dhcpcsvc.DLL
0x00007ffbc06d0000 - 0x00007ffbc08b4000 	C:\WINDOWS\SYSTEM32\dbghelp.dll

VM Arguments:
jvm_args: -Djava.net.preferIPv4Stack=true -agentlib:jdwp=transport=dt_socket,suspend=y,address=localhost:50293 -Dcom.sun.management.jmxremote -Dcom.sun.management.jmxremote.port=50292 -Dcom.sun.management.jmxremote.authenticate=false -Dcom.sun.management.jmxremote.ssl=false -Djava.rmi.server.hostname=localhost -Dspring.jmx.enabled=true -Dspring.liveBeansView.mbeanDomain -Xverify:none -XX:TieredStopAtLevel=1 -Dfile.encoding=UTF-8 
java_command: com.kps.StatisticApplication
java_class_path (initial): D:\StatsExtract\statistic\target\classes;C:\Users\jsh\.m2\repository\org\springframework\boot\spring-boot-starter-web\2.5.4\spring-boot-starter-web-2.5.4.jar;C:\Users\jsh\.m2\repository\org\springframework\boot\spring-boot-starter\2.5.4\spring-boot-starter-2.5.4.jar;C:\Users\jsh\.m2\repository\org\springframework\boot\spring-boot-starter-logging\2.5.4\spring-boot-starter-logging-2.5.4.jar;C:\Users\jsh\.m2\repository\ch\qos\logback\logback-classic\1.2.5\logback-classic-1.2.5.jar;C:\Users\jsh\.m2\repository\ch\qos\logback\logback-core\1.2.5\logback-core-1.2.5.jar;C:\Users\jsh\.m2\repository\org\apache\logging\log4j\log4j-to-slf4j\2.14.1\log4j-to-slf4j-2.14.1.jar;C:\Users\jsh\.m2\repository\org\apache\logging\log4j\log4j-api\2.14.1\log4j-api-2.14.1.jar;C:\Users\jsh\.m2\repository\org\slf4j\jul-to-slf4j\1.7.32\jul-to-slf4j-1.7.32.jar;C:\Users\jsh\.m2\repository\jakarta\annotation\jakarta.annotation-api\1.3.5\jakarta.annotation-api-1.3.5.jar;C:\Users\jsh\.m2\repository\org\yaml\snakeyaml\1.28\snakeyaml-1.28.jar;C:\Users\jsh\.m2\repository\org\springframework\boot\spring-boot-starter-json\2.5.4\spring-boot-starter-json-2.5.4.jar;C:\Users\jsh\.m2\repository\com\fasterxml\jackson\core\jackson-databind\2.12.4\jackson-databind-2.12.4.jar;C:\Users\jsh\.m2\repository\com\fasterxml\jackson\core\jackson-annotations\2.12.4\jackson-annotations-2.12.4.jar;C:\Users\jsh\.m2\repository\com\fasterxml\jackson\core\jackson-core\2.12.4\jackson-core-2.12.4.jar;C:\Users\jsh\.m2\repository\com\fasterxml\jackson\datatype\jackson-datatype-jdk8\2.12.4\jackson-datatype-jdk8-2.12.4.jar;C:\Users\jsh\.m2\repository\com\fasterxml\jackson\datatype\jackson-datatype-jsr310\2.12.4\jackson-datatype-jsr310-2.12.4.jar;C:\Users\jsh\.m2\repository\com\fasterxml\jackson\module\jackson-module-parameter-names\2.12.4\jackson-module-parameter-names-2.12.4.jar;C:\Users\jsh\.m2\repository\org\springframework\boot\spring-boot-starter-tomcat\2.5.4\spring-boot-starter-tomcat-2.5.4.jar;C:\Us
Launcher Type: SUN_STANDARD

Environment Variables:
JAVA_TOOL_OPTIONS=-Djava.net.preferIPv4Stack=true
CLASSPATH=.;
PATH=C:/Program Files/Java/jre1.8.0_144/bin/server;C:/Program Files/Java/jre1.8.0_144/bin;C:/Program Files/Java/jre1.8.0_144/lib/amd64;C:\ProgramData\Oracle\Java\javapath;C:\WINDOWS\system32;C:\WINDOWS;C:\WINDOWS\System32\Wbem;C:\WINDOWS\System32\WindowsPowerShell\v1.0\;C:\WINDOWS\System32\OpenSSH\;C:\Program Files\Java\jdk1.8.0_144\bin;C:\Program Files (x86)\Microsoft SQL Server\150\DTS\Binn\;C:\Program Files\nodejs\;C:\Program Files\Git\cmd;C:\Program Files\MySQL\MySQL Server 8.0\bin;C:\Program Files\Microsoft SQL Server\130\Tools\Binn\;C:\Program Files (x86)\Microsoft SQL Server\110\DTS\Binn\;C:\Program Files (x86)\Microsoft SQL Server\120\DTS\Binn\;C:\Program Files (x86)\Microsoft SQL Server\130\DTS\Binn\;C:\Program Files (x86)\Microsoft SQL Server\140\DTS\Binn\;C:\Program Files\MySQL\MySQL Shell 8.0\bin\;C:\Users\jsh\AppData\Local\Microsoft\WindowsApps;C:\Users\jsh\AppData\Roaming\npm;C:\Users\jsh\AppData\Local\Programs\Microsoft VS Code\bin;;C:\eclipse-86_64\eclipse;
USERNAME=jsh
OS=Windows_NT
PROCESSOR_IDENTIFIER=Intel64 Family 6 Model 158 Stepping 13, GenuineIntel



---------------  S Y S T E M  ---------------

OS: Windows 10.0 , 64 bit Build 19041 (10.0.19041.1202)

CPU:total 4 (initial active 4) (4 cores per cpu, 1 threads per core) family 6 model 158 stepping 13, cmov, cx8, fxsr, mmx, sse, sse2, sse3, ssse3, sse4.1, sse4.2, popcnt, avx, avx2, aes, clmul, 3dnowpref, lzcnt, tsc, tscinvbit

Memory: 4k page, physical 20971060k(11467668k free), swap 24116788k(10042136k free)

vm_info: Java HotSpot(TM) 64-Bit Server VM (25.144-b01) for windows-amd64 JRE (1.8.0_144-b01), built on Jul 21 2017 21:57:33 by "java_re" with MS VC++ 10.0 (VS2010)

time: Mon Nov 29 17:11:26 2021
elapsed time: 18826 seconds (0d 5h 13m 46s)

