#
# A fatal error has been detected by the Java Runtime Environment:
#
#  EXCEPTION_ACCESS_VIOLATION (0xc0000005) at pc=0x00007ffc6c5d3416, pid=3836, tid=0x0000000000003470
#
# JRE version: Java(TM) SE Runtime Environment (8.0_144-b01) (build 1.8.0_144-b01)
# Java VM: Java HotSpot(TM) 64-Bit Server VM (25.144-b01 mixed mode windows-amd64 compressed oops)
# Problematic frame:
# C  [ntdll.dll+0x63416]
#
# Failed to write core dump. Minidumps are not enabled by default on client versions of Windows
#
# If you would like to submit a bug report, please visit:
#   http://bugreport.java.com/bugreport/crash.jsp
# The crash happened outside the Java Virtual Machine in native code.
# See problematic frame for where to report the bug.
#

---------------  T H R E A D  ---------------

Current thread (0x0000000023aef000):  JavaThread "HikariPool-1 connection adder" daemon [_thread_in_native, id=13424, stack(0x0000000001660000,0x0000000001760000)]

siginfo: ExceptionCode=0xc0000005, writing address 0x0000000000000024

Registers:
RAX=0x0000000000000000, RBX=0x00000000014bd7a0, RCX=0x00000000014bd7a0, RDX=0x00000000fffffffa
RSP=0x000000000175d920, RBP=0x0000000000000800, RSI=0x0000000000000000, RDI=0x0000000000000000
R8 =0x0000000000000000, R9 =0x00000000014bd700, R10=0x000000000000001f, R11=0x00000000014a1bb8
R12=0x0000000000000000, R13=0x00000000011c9000, R14=0x0000000000000001, R15=0x0000000000000000
RIP=0x00007ffc6c5d3416, EFLAGS=0x0000000000010213

Top of Stack: (sp=0x000000000175d920)
0x000000000175d920:   ffffffffffffffff 00000000014bd7a0
0x000000000175d930:   00000000235d9bb8 00000000235d9c78
0x000000000175d940:   00000000000000d8 000000000175f248
0x000000000175d950:   000000000175e110 00000000036283fd
0x000000000175d960:   0000000003625600 00000000fffffffa
0x000000000175d970:   00000000011c9000 000000000175e130
0x000000000175d980:   000000000175e110 00000000036283fd
0x000000000175d990:   00000000036256d0 0000000000000000
0x000000000175d9a0:   000000000175e190 000000000175e130
0x000000000175d9b0:   00006f7073712d9d 7463656e6e6f432f
0x000000000175d9c0:   0000000000000000 0000000000000001
0x000000000175d9d0:   0000000000000001 0000000000000001
0x000000000175d9e0:   0000000000000000 00000000014bd7a0
0x000000000175d9f0:   0000000000000800 00007ffc6c59fcb4
0x000000000175da00:   00000000235d9ba8 000000006527933c
0x000000000175da10:   00000000fffffffa 00007ffc00000004 

Instructions: (pc=0x00007ffc6c5d3416)
0x00007ffc6c5d33f6:   48 39 73 18 0f 84 d2 00 00 00 48 8b 03 48 83 f8
0x00007ffc6c5d3406:   ff 0f 84 d2 00 00 00 44 8b fe 48 83 f8 ff 74 03
0x00007ffc6c5d3416:   ff 40 24 4c 8b 73 18 4c 8d 2d d4 10 10 00 bd 22
0x00007ffc6c5d3426:   17 00 00 e8 22 14 fc ff 85 c0 0f 85 be b2 05 00 


Register to memory mapping:

RAX=0x0000000000000000 is an unknown value
RBX=0x00000000014bd7a0 is an unknown value
RCX=0x00000000014bd7a0 is an unknown value
RDX=0x00000000fffffffa is an unknown value
RSP=0x000000000175d920 is pointing into the stack for thread: 0x0000000023aef000
RBP=0x0000000000000800 is an unknown value
RSI=0x0000000000000000 is an unknown value
RDI=0x0000000000000000 is an unknown value
R8 =0x0000000000000000 is an unknown value
R9 =0x00000000014bd700 is an unknown value
R10=0x000000000000001f is an unknown value
R11=0x00000000014a1bb8 is an unknown value
R12=0x0000000000000000 is an unknown value
R13=0x00000000011c9000 is an unknown value
R14=0x0000000000000001 is an unknown value
R15=0x0000000000000000 is an unknown value


Stack: [0x0000000001660000,0x0000000001760000],  sp=0x000000000175d920,  free space=1014k
Native frames: (J=compiled Java code, j=interpreted, Vv=VM code, C=native code)
C  [ntdll.dll+0x63416]
C  [ntdll.dll+0x2fcb4]
C  [ntdll.dll+0x2fae2]
C  [mswsock.dll+0x3610]
C  [WS2_32.dll+0x11c67]
C  [net.dll+0xdfc1]
C  [net.dll+0xca4b]
C  0x000000000364100c

Java frames: (J=compiled Java code, j=interpreted, Vv=VM code)
j  java.net.TwoStacksPlainSocketImpl.socketClose0(Z)V+0
j  java.net.AbstractPlainSocketImpl.socketClose()V+2
j  java.net.TwoStacksPlainSocketImpl.close()V+54
j  java.net.AbstractPlainSocketImpl.doConnect(Ljava/net/InetAddress;II)V+149
j  java.net.AbstractPlainSocketImpl.connectToAddress(Ljava/net/InetAddress;II)V+23
j  java.net.AbstractPlainSocketImpl.connect(Ljava/net/SocketAddress;I)V+78
j  java.net.PlainSocketImpl.connect(Ljava/net/SocketAddress;I)V+6
j  java.net.SocksSocketImpl.connect(Ljava/net/SocketAddress;I)V+381
j  java.net.Socket.connect(Ljava/net/SocketAddress;I)V+179
j  com.microsoft.sqlserver.jdbc.SocketFinder.getConnectedSocket(Ljava/net/InetSocketAddress;I)Ljava/net/Socket;+62
j  com.microsoft.sqlserver.jdbc.SocketFinder.getDefaultSocket(Ljava/lang/String;II)Ljava/net/Socket;+93
j  com.microsoft.sqlserver.jdbc.SocketFinder.findSocket(Ljava/lang/String;IIZZZI)Ljava/net/Socket;+44
j  com.microsoft.sqlserver.jdbc.TDSChannel.open(Ljava/lang/String;IIZZZI)Ljava/net/InetSocketAddress;+72
j  com.microsoft.sqlserver.jdbc.SQLServerConnection.connectHelper(Lcom/microsoft/sqlserver/jdbc/ServerPortPlaceHolder;IIZZZI)Ljava/net/InetSocketAddress;+157
j  com.microsoft.sqlserver.jdbc.SQLServerConnection.login(Ljava/lang/String;Ljava/lang/String;ILjava/lang/String;Lcom/microsoft/sqlserver/jdbc/FailoverInfo;IJ)V+552
j  com.microsoft.sqlserver.jdbc.SQLServerConnection.connectInternal(Ljava/util/Properties;Lcom/microsoft/sqlserver/jdbc/SQLServerPooledConnection;)Ljava/sql/Connection;+5806
j  com.microsoft.sqlserver.jdbc.SQLServerConnection.connect(Ljava/util/Properties;Lcom/microsoft/sqlserver/jdbc/SQLServerPooledConnection;)Ljava/sql/Connection;+13
j  com.microsoft.sqlserver.jdbc.SQLServerDriver.connect(Ljava/lang/String;Ljava/util/Properties;)Ljava/sql/Connection;+66
j  net.sf.log4jdbc.sql.jdbcapi.DriverSpy.connect(Ljava/lang/String;Ljava/util/Properties;)Ljava/sql/Connection;+31
j  com.zaxxer.hikari.util.DriverDataSource.getConnection(Ljava/lang/String;Ljava/lang/String;)Ljava/sql/Connection;+61
j  com.zaxxer.hikari.pool.PoolBase.newConnection()Ljava/sql/Connection;+49
j  com.zaxxer.hikari.pool.PoolBase.newPoolEntry()Lcom/zaxxer/hikari/pool/PoolEntry;+5
j  com.zaxxer.hikari.pool.HikariPool.createPoolEntry()Lcom/zaxxer/hikari/pool/PoolEntry;+1
j  com.zaxxer.hikari.pool.HikariPool.access$100(Lcom/zaxxer/hikari/pool/HikariPool;)Lcom/zaxxer/hikari/pool/PoolEntry;+1
j  com.zaxxer.hikari.pool.HikariPool$PoolEntryCreator.call()Ljava/lang/Boolean;+25
j  com.zaxxer.hikari.pool.HikariPool$PoolEntryCreator.call()Ljava/lang/Object;+1
j  java.util.concurrent.FutureTask.run()V+42
j  java.util.concurrent.ThreadPoolExecutor.runWorker(Ljava/util/concurrent/ThreadPoolExecutor$Worker;)V+95
j  java.util.concurrent.ThreadPoolExecutor$Worker.run()V+5
j  java.lang.Thread.run()V+11
v  ~StubRoutines::call_stub

---------------  P R O C E S S  ---------------

Java Threads: ( => current thread )
=>0x0000000023aef000 JavaThread "HikariPool-1 connection adder" daemon [_thread_in_native, id=13424, stack(0x0000000001660000,0x0000000001760000)]
  0x0000000023af2000 JavaThread "http-nio-8080-exec-10" daemon [_thread_blocked, id=11200, stack(0x00000000277c0000,0x00000000278c0000)]
  0x0000000023aea800 JavaThread "http-nio-8080-exec-9" daemon [_thread_blocked, id=4724, stack(0x00000000276c0000,0x00000000277c0000)]
  0x0000000023aeb800 JavaThread "http-nio-8080-exec-8" daemon [_thread_blocked, id=13332, stack(0x00000000275c0000,0x00000000276c0000)]
  0x0000000023af1800 JavaThread "http-nio-8080-exec-7" daemon [_thread_blocked, id=11228, stack(0x00000000274c0000,0x00000000275c0000)]
  0x0000000023aee800 JavaThread "http-nio-8080-exec-6" daemon [_thread_blocked, id=2364, stack(0x00000000273c0000,0x00000000274c0000)]
  0x0000000023886800 JavaThread "http-nio-8080-exec-5" daemon [_thread_blocked, id=11204, stack(0x00000000272c0000,0x00000000273c0000)]
  0x0000000023888800 JavaThread "http-nio-8080-exec-4" daemon [_thread_blocked, id=3432, stack(0x00000000271c0000,0x00000000272c0000)]
  0x000000002388d000 JavaThread "http-nio-8080-exec-3" daemon [_thread_blocked, id=5944, stack(0x00000000256f0000,0x00000000257f0000)]
  0x0000000023888000 JavaThread "http-nio-8080-exec-2" daemon [_thread_blocked, id=3708, stack(0x0000000022520000,0x0000000022620000)]
  0x000000002388b000 JavaThread "http-nio-8080-exec-1" daemon [_thread_blocked, id=13848, stack(0x0000000022420000,0x0000000022520000)]
  0x000000002388c800 JavaThread "DestroyJavaVM" [_thread_blocked, id=13196, stack(0x0000000003370000,0x0000000003470000)]
  0x0000000023887000 JavaThread "http-nio-8080-Acceptor" daemon [_thread_in_native, id=12812, stack(0x00000000255f0000,0x00000000256f0000)]
  0x000000002388a000 JavaThread "http-nio-8080-Poller" daemon [_thread_in_native, id=11908, stack(0x00000000253f0000,0x00000000254f0000)]
  0x0000000023889800 JavaThread "Live Reload Server" daemon [_thread_in_native, id=1360, stack(0x00000000254f0000,0x00000000255f0000)]
  0x000000002388b800 JavaThread "File Watcher" daemon [_thread_blocked, id=13152, stack(0x00000000252f0000,0x00000000253f0000)]
  0x00000000237e6800 JavaThread "HikariPool-1 housekeeper" daemon [_thread_blocked, id=724, stack(0x00000000251f0000,0x00000000252f0000)]
  0x00000000234fb000 JavaThread "container-0" [_thread_blocked, id=11004, stack(0x00000000247f0000,0x00000000248f0000)]
  0x00000000234ca800 JavaThread "Catalina-utility-2" [_thread_blocked, id=1660, stack(0x00000000246f0000,0x00000000247f0000)]
  0x00000000234ca000 JavaThread "Catalina-utility-1" [_thread_blocked, id=8580, stack(0x0000000022820000,0x0000000022920000)]
  0x00000000214fa000 JavaThread "RMI TCP Accept-0" daemon [_thread_in_native, id=14080, stack(0x0000000021d40000,0x0000000021e40000)]
  0x00000000214ef800 JavaThread "RMI TCP Accept-53505" daemon [_thread_in_native, id=8604, stack(0x0000000021c40000,0x0000000021d40000)]
  0x00000000214d8000 JavaThread "RMI TCP Accept-0" daemon [_thread_in_native, id=11072, stack(0x0000000021b40000,0x0000000021c40000)]
  0x00000000206ca800 JavaThread "Service Thread" daemon [_thread_blocked, id=9560, stack(0x0000000021240000,0x0000000021340000)]
  0x00000000206c1800 JavaThread "C1 CompilerThread2" daemon [_thread_blocked, id=13880, stack(0x0000000021140000,0x0000000021240000)]
  0x00000000206c1000 JavaThread "C2 CompilerThread1" daemon [_thread_blocked, id=11396, stack(0x0000000021040000,0x0000000021140000)]
  0x0000000020665800 JavaThread "C2 CompilerThread0" daemon [_thread_blocked, id=7068, stack(0x0000000020f40000,0x0000000021040000)]
  0x0000000020659800 JavaThread "JDWP Command Reader" daemon [_thread_in_native, id=13968, stack(0x0000000020e40000,0x0000000020f40000)]
  0x0000000020658000 JavaThread "JDWP Event Helper Thread" daemon [_thread_blocked, id=9316, stack(0x0000000020d40000,0x0000000020e40000)]
  0x0000000020649000 JavaThread "JDWP Transport Listener: dt_socket" daemon [_thread_blocked, id=8796, stack(0x0000000020c40000,0x0000000020d40000)]
  0x0000000020640800 JavaThread "Attach Listener" daemon [_thread_blocked, id=9924, stack(0x0000000020b40000,0x0000000020c40000)]
  0x000000001f29e800 JavaThread "Signal Dispatcher" daemon [_thread_blocked, id=2232, stack(0x0000000020a40000,0x0000000020b40000)]
  0x000000000361e800 JavaThread "Finalizer" daemon [_thread_blocked, id=11152, stack(0x00000000204b0000,0x00000000205b0000)]
  0x000000001f209000 JavaThread "Reference Handler" daemon [_thread_blocked, id=12920, stack(0x00000000203b0000,0x00000000204b0000)]

Other Threads:
  0x000000001f207000 VMThread [stack: 0x00000000202b0000,0x00000000203b0000] [id=12292]
  0x0000000021504000 WatcherThread [stack: 0x0000000021e40000,0x0000000021f40000] [id=5428]

VM state:not at safepoint (normal execution)

VM Mutex/Monitor currently owned by a thread: None

Heap:
 PSYoungGen      total 375808K, used 209290K [0x0000000755580000, 0x000000076dd80000, 0x00000007c0000000)
  eden space 354816K, 55% used [0x0000000755580000,0x000000076168ad38,0x000000076b000000)
  from space 20992K, 55% used [0x000000076c380000,0x000000076ced7b48,0x000000076d800000)
  to   space 19968K, 0% used [0x000000076b000000,0x000000076b000000,0x000000076c380000)
 ParOldGen       total 159232K, used 15441K [0x0000000680000000, 0x0000000689b80000, 0x0000000755580000)
  object space 159232K, 9% used [0x0000000680000000,0x0000000680f14790,0x0000000689b80000)
 Metaspace       used 47635K, capacity 50896K, committed 51200K, reserved 1093632K
  class space    used 5986K, capacity 6531K, committed 6656K, reserved 1048576K

Card table byte_map: [0x00000000129e0000,0x00000000133f0000] byte_map_base: 0x000000000f5e0000

Marking Bits: (ParMarkBitMap*) 0x00000000658fd850
 Begin Bits: [0x0000000013ea0000, 0x0000000018ea0000)
 End Bits:   [0x0000000018ea0000, 0x000000001dea0000)

Polling page: 0x0000000000ff0000

CodeCache: size=245760Kb used=11928Kb max_used=11928Kb free=233831Kb
 bounds [0x0000000003620000, 0x00000000041d0000, 0x0000000012620000]
 total_blobs=6219 nmethods=5694 adapters=444
 compilation: enabled

Compilation events (10 events):
Event: 2877.103 Thread 0x00000000206c1800 5822       1       org.apache.tomcat.util.http.fileupload.MultipartStream::readByte (92 bytes)
Event: 2877.104 Thread 0x00000000206c1800 nmethod 5822 0x00000000041c8550 code [0x00000000041c86e0, 0x00000000041c89e8]
Event: 2877.104 Thread 0x00000000206c1800 5823       1       java.lang.AbstractStringBuilder::append (54 bytes)
Event: 2877.104 Thread 0x00000000206c1800 nmethod 5823 0x00000000041c8bd0 code [0x00000000041c8d80, 0x00000000041c9088]
Event: 2877.108 Thread 0x00000000206c1800 5826       1       org.springframework.core.ResolvableType::forMethodParameter (40 bytes)
Event: 2877.109 Thread 0x00000000206c1800 nmethod 5826 0x00000000041c91d0 code [0x00000000041c9380, 0x00000000041c96e8]
Event: 2877.109 Thread 0x00000000206c1800 5824       1       java.util.AbstractSet::hashCode (39 bytes)
Event: 2877.109 Thread 0x00000000206c1800 nmethod 5824 0x00000000041c9990 code [0x00000000041c9b20, 0x00000000041c9d38]
Event: 2877.109 Thread 0x00000000206c1800 5825       1       org.springframework.validation.DataBinder::getTarget (5 bytes)
Event: 2877.109 Thread 0x00000000206c1800 nmethod 5825 0x00000000041c9e50 code [0x00000000041c9fa0, 0x00000000041ca0b0]

GC Heap History (10 events):
Event: 2.657 GC heap before
{Heap before GC invocations=6 (full 1):
 PSYoungGen      total 141312K, used 17868K [0x0000000755580000, 0x000000075ed00000, 0x00000007c0000000)
  eden space 128000K, 3% used [0x0000000755580000,0x00000007559f3468,0x000000075d280000)
  from space 13312K, 99% used [0x000000075df80000,0x000000075ec7fbc8,0x000000075ec80000)
  to   space 13312K, 0% used [0x000000075d280000,0x000000075d280000,0x000000075df80000)
 ParOldGen       total 123392K, used 7530K [0x0000000680000000, 0x0000000687880000, 0x0000000755580000)
  object space 123392K, 6% used [0x0000000680000000,0x000000068075aa98,0x0000000687880000)
 Metaspace       used 33133K, capacity 35368K, committed 35456K, reserved 1079296K
  class space    used 4525K, capacity 4954K, committed 4992K, reserved 1048576K
Event: 2.666 GC heap after
Heap after GC invocations=6 (full 1):
 PSYoungGen      total 141312K, used 8996K [0x0000000755580000, 0x0000000765a80000, 0x00000007c0000000)
  eden space 128000K, 0% used [0x0000000755580000,0x0000000755580000,0x000000075d280000)
  from space 13312K, 67% used [0x000000075d280000,0x000000075db49310,0x000000075df80000)
  to   space 15872K, 0% used [0x0000000764b00000,0x0000000764b00000,0x0000000765a80000)
 ParOldGen       total 123392K, used 7538K [0x0000000680000000, 0x0000000687880000, 0x0000000755580000)
  object space 123392K, 6% used [0x0000000680000000,0x000000068075ca98,0x0000000687880000)
 Metaspace       used 33133K, capacity 35368K, committed 35456K, reserved 1079296K
  class space    used 4525K, capacity 4954K, committed 4992K, reserved 1048576K
}
Event: 2.666 GC heap before
{Heap before GC invocations=7 (full 2):
 PSYoungGen      total 141312K, used 8996K [0x0000000755580000, 0x0000000765a80000, 0x00000007c0000000)
  eden space 128000K, 0% used [0x0000000755580000,0x0000000755580000,0x000000075d280000)
  from space 13312K, 67% used [0x000000075d280000,0x000000075db49310,0x000000075df80000)
  to   space 15872K, 0% used [0x0000000764b00000,0x0000000764b00000,0x0000000765a80000)
 ParOldGen       total 123392K, used 7538K [0x0000000680000000, 0x0000000687880000, 0x0000000755580000)
  object space 123392K, 6% used [0x0000000680000000,0x000000068075ca98,0x0000000687880000)
 Metaspace       used 33133K, capacity 35368K, committed 35456K, reserved 1079296K
  class space    used 4525K, capacity 4954K, committed 4992K, reserved 1048576K
Event: 2.720 GC heap after
Heap after GC invocations=7 (full 2):
 PSYoungGen      total 141312K, used 0K [0x0000000755580000, 0x0000000765a80000, 0x00000007c0000000)
  eden space 128000K, 0% used [0x0000000755580000,0x0000000755580000,0x000000075d280000)
  from space 13312K, 0% used [0x000000075d280000,0x000000075d280000,0x000000075df80000)
  to   space 15872K, 0% used [0x0000000764b00000,0x0000000764b00000,0x0000000765a80000)
 ParOldGen       total 159232K, used 14076K [0x0000000680000000, 0x0000000689b80000, 0x0000000755580000)
  object space 159232K, 8% used [0x0000000680000000,0x0000000680dbf280,0x0000000689b80000)
 Metaspace       used 33133K, capacity 35368K, committed 35456K, reserved 1079296K
  class space    used 4525K, capacity 4954K, committed 4992K, reserved 1048576K
}
Event: 8.877 GC heap before
{Heap before GC invocations=8 (full 2):
 PSYoungGen      total 141312K, used 128000K [0x0000000755580000, 0x0000000765a80000, 0x00000007c0000000)
  eden space 128000K, 100% used [0x0000000755580000,0x000000075d280000,0x000000075d280000)
  from space 13312K, 0% used [0x000000075d280000,0x000000075d280000,0x000000075df80000)
  to   space 15872K, 0% used [0x0000000764b00000,0x0000000764b00000,0x0000000765a80000)
 ParOldGen       total 159232K, used 14076K [0x0000000680000000, 0x0000000689b80000, 0x0000000755580000)
  object space 159232K, 8% used [0x0000000680000000,0x0000000680dbf280,0x0000000689b80000)
 Metaspace       used 46794K, capacity 49688K, committed 49792K, reserved 1093632K
  class space    used 5912K, capacity 6458K, committed 6528K, reserved 1048576K
Event: 8.891 GC heap after
Heap after GC invocations=8 (full 2):
 PSYoungGen      total 232960K, used 15840K [0x0000000755580000, 0x0000000765a80000, 0x00000007c0000000)
  eden space 217088K, 0% used [0x0000000755580000,0x0000000755580000,0x0000000762980000)
  from space 15872K, 99% used [0x0000000764b00000,0x0000000765a78218,0x0000000765a80000)
  to   space 17920K, 0% used [0x0000000763780000,0x0000000763780000,0x0000000764900000)
 ParOldGen       total 159232K, used 14188K [0x0000000680000000, 0x0000000689b80000, 0x0000000755580000)
  object space 159232K, 8% used [0x0000000680000000,0x0000000680ddb2d8,0x0000000689b80000)
 Metaspace       used 46794K, capacity 49688K, committed 49792K, reserved 1093632K
  class space    used 5912K, capacity 6458K, committed 6528K, reserved 1048576K
}
Event: 93.512 GC heap before
{Heap before GC invocations=9 (full 2):
 PSYoungGen      total 232960K, used 232928K [0x0000000755580000, 0x0000000765a80000, 0x00000007c0000000)
  eden space 217088K, 100% used [0x0000000755580000,0x0000000762980000,0x0000000762980000)
  from space 15872K, 99% used [0x0000000764b00000,0x0000000765a78218,0x0000000765a80000)
  to   space 17920K, 0% used [0x0000000763780000,0x0000000763780000,0x0000000764900000)
 ParOldGen       total 159232K, used 14188K [0x0000000680000000, 0x0000000689b80000, 0x0000000755580000)
  object space 159232K, 8% used [0x0000000680000000,0x0000000680ddb2d8,0x0000000689b80000)
 Metaspace       used 47266K, capacity 50284K, committed 50560K, reserved 1093632K
  class space    used 5943K, capacity 6473K, committed 6528K, reserved 1048576K
Event: 93.527 GC heap after
Heap after GC invocations=9 (full 2):
 PSYoungGen      total 249344K, used 17893K [0x0000000755580000, 0x000000076d800000, 0x00000007c0000000)
  eden space 231424K, 0% used [0x0000000755580000,0x0000000755580000,0x0000000763780000)
  from space 17920K, 99% used [0x0000000763780000,0x00000007648f9480,0x0000000764900000)
  to   space 20992K, 0% used [0x000000076c380000,0x000000076c380000,0x000000076d800000)
 ParOldGen       total 159232K, used 15433K [0x0000000680000000, 0x0000000689b80000, 0x0000000755580000)
  object space 159232K, 9% used [0x0000000680000000,0x0000000680f12790,0x0000000689b80000)
 Metaspace       used 47266K, capacity 50284K, committed 50560K, reserved 1093632K
  class space    used 5943K, capacity 6473K, committed 6528K, reserved 1048576K
}
Event: 2609.201 GC heap before
{Heap before GC invocations=10 (full 2):
 PSYoungGen      total 249344K, used 249317K [0x0000000755580000, 0x000000076d800000, 0x00000007c0000000)
  eden space 231424K, 100% used [0x0000000755580000,0x0000000763780000,0x0000000763780000)
  from space 17920K, 99% used [0x0000000763780000,0x00000007648f9480,0x0000000764900000)
  to   space 20992K, 0% used [0x000000076c380000,0x000000076c380000,0x000000076d800000)
 ParOldGen       total 159232K, used 15433K [0x0000000680000000, 0x0000000689b80000, 0x0000000755580000)
  object space 159232K, 9% used [0x0000000680000000,0x0000000680f12790,0x0000000689b80000)
 Metaspace       used 47524K, capacity 50788K, committed 51072K, reserved 1093632K
  class space    used 5963K, capacity 6497K, committed 6528K, reserved 1048576K
Event: 2609.212 GC heap after
Heap after GC invocations=10 (full 2):
 PSYoungGen      total 375808K, used 11614K [0x0000000755580000, 0x000000076dd80000, 0x00000007c0000000)
  eden space 354816K, 0% used [0x0000000755580000,0x0000000755580000,0x000000076b000000)
  from space 20992K, 55% used [0x000000076c380000,0x000000076ced7b48,0x000000076d800000)
  to   space 19968K, 0% used [0x000000076b000000,0x000000076b000000,0x000000076c380000)
 ParOldGen       total 159232K, used 15441K [0x0000000680000000, 0x0000000689b80000, 0x0000000755580000)
  object space 159232K, 9% used [0x0000000680000000,0x0000000680f14790,0x0000000689b80000)
 Metaspace       used 47524K, capacity 50788K, committed 51072K, reserved 1093632K
  class space    used 5963K, capacity 6497K, committed 6528K, reserved 1048576K
}

Deoptimization events (0 events):
No events

Internal exceptions (10 events):
Event: 2870.333 Thread 0x0000000023888000 Exception <a 'java/net/SocketException': Connection reset by peer: socket write error> (0x0000000761085e50) thrown at [C:\re\workspace\8-2-build-windows-amd64-cygwin\jdk8u144\9417\hotspot\src\share\vm\prims\jni.cpp, line 735]
Event: 2870.336 Thread 0x0000000023888000 Exception <a 'java/net/SocketException': Connection reset by peer: socket write error> (0x00000007610daa18) thrown at [C:\re\workspace\8-2-build-windows-amd64-cygwin\jdk8u144\9417\hotspot\src\share\vm\prims\jni.cpp, line 735]
Event: 2870.339 Thread 0x0000000023888000 Exception <a 'java/net/SocketException': Connection reset by peer: socket write error> (0x0000000761276f50) thrown at [C:\re\workspace\8-2-build-windows-amd64-cygwin\jdk8u144\9417\hotspot\src\share\vm\prims\jni.cpp, line 735]
Event: 2870.341 Thread 0x0000000023888000 Exception <a 'java/net/SocketException': Connection reset by peer: socket write error> (0x00000007612cbb10) thrown at [C:\re\workspace\8-2-build-windows-amd64-cygwin\jdk8u144\9417\hotspot\src\share\vm\prims\jni.cpp, line 735]
Event: 2870.343 Thread 0x0000000023888000 Exception <a 'java/net/SocketException': Connection reset by peer: socket write error> (0x0000000761321d40) thrown at [C:\re\workspace\8-2-build-windows-amd64-cygwin\jdk8u144\9417\hotspot\src\share\vm\prims\jni.cpp, line 735]
Event: 2870.344 Thread 0x0000000023888000 Exception <a 'java/net/SocketException': Connection reset by peer: socket write error> (0x00000007613768f8) thrown at [C:\re\workspace\8-2-build-windows-amd64-cygwin\jdk8u144\9417\hotspot\src\share\vm\prims\jni.cpp, line 735]
Event: 2870.346 Thread 0x0000000023888000 Exception <a 'java/net/SocketException': Connection reset by peer: socket write error> (0x00000007613cb4b0) thrown at [C:\re\workspace\8-2-build-windows-amd64-cygwin\jdk8u144\9417\hotspot\src\share\vm\prims\jni.cpp, line 735]
Event: 2870.347 Thread 0x0000000023888000 Exception <a 'java/net/SocketException': Connection reset by peer: socket write error> (0x00000007614200d0) thrown at [C:\re\workspace\8-2-build-windows-amd64-cygwin\jdk8u144\9417\hotspot\src\share\vm\prims\jni.cpp, line 735]
Event: 2870.349 Thread 0x0000000023888000 Exception <a 'java/net/SocketException': Connection reset by peer: socket write error> (0x0000000761474c80) thrown at [C:\re\workspace\8-2-build-windows-amd64-cygwin\jdk8u144\9417\hotspot\src\share\vm\prims\jni.cpp, line 735]
Event: 2891.373 Thread 0x0000000023aef000 Exception <a 'java/net/ConnectException': Connection timed out: connect> (0x00000007611b0b78) thrown at [C:\re\workspace\8-2-build-windows-amd64-cygwin\jdk8u144\9417\hotspot\src\share\vm\prims\jni.cpp, line 735]

Events (10 events):
Event: 2870.349 Thread 0x0000000023888000 DEOPT UNPACKING pc=0x000000000366787f sp=0x000000002261b390 mode 1
Event: 2870.349 Thread 0x0000000023af3000 DEOPT PACKING pc=0x00000000041c612c sp=0x000000000165f0e0
Event: 2870.349 Thread 0x0000000023af3000 DEOPT UNPACKING pc=0x000000000366787f sp=0x000000000165eec0 mode 1
Event: 2875.351 Executing VM operation: RevokeBias
Event: 2875.351 Executing VM operation: RevokeBias done
Event: 2875.351 Thread 0x0000000023af3000 Thread exited: 0x0000000023af3000
Event: 2877.108 Executing VM operation: RevokeBias
Event: 2877.109 Executing VM operation: RevokeBias done
Event: 2891.373 loading class java/net/ConnectException
Event: 2891.373 loading class java/net/ConnectException done


Dynamic libraries:
0x00007ff64e5a0000 - 0x00007ff64e5d7000 	C:\Program Files\Java\jre1.8.0_144\bin\javaw.exe
0x00007ffc6c570000 - 0x00007ffc6c765000 	C:\WINDOWS\SYSTEM32\ntdll.dll
0x00007ffc6ba60000 - 0x00007ffc6bb1e000 	C:\WINDOWS\System32\KERNEL32.DLL
0x00007ffc6a130000 - 0x00007ffc6a3f9000 	C:\WINDOWS\System32\KERNELBASE.dll
0x00007ffc6b360000 - 0x00007ffc6b40c000 	C:\WINDOWS\System32\ADVAPI32.dll
0x00007ffc6bc40000 - 0x00007ffc6bcde000 	C:\WINDOWS\System32\msvcrt.dll
0x00007ffc6bb20000 - 0x00007ffc6bbbb000 	C:\WINDOWS\System32\sechost.dll
0x00007ffc6aaf0000 - 0x00007ffc6ac1a000 	C:\WINDOWS\System32\RPCRT4.dll
0x00007ffc6b0a0000 - 0x00007ffc6b241000 	C:\WINDOWS\System32\USER32.dll
0x00007ffc6a100000 - 0x00007ffc6a122000 	C:\WINDOWS\System32\win32u.dll
0x00007ffc6b2b0000 - 0x00007ffc6b2db000 	C:\WINDOWS\System32\GDI32.dll
0x00007ffc6a400000 - 0x00007ffc6a50b000 	C:\WINDOWS\System32\gdi32full.dll
0x00007ffc69eb0000 - 0x00007ffc69f4d000 	C:\WINDOWS\System32\msvcp_win.dll
0x00007ffc69cf0000 - 0x00007ffc69df0000 	C:\WINDOWS\System32\ucrtbase.dll
0x00007ffc60be0000 - 0x00007ffc60e7a000 	C:\WINDOWS\WinSxS\amd64_microsoft.windows.common-controls_6595b64144ccf1df_6.0.19041.1110_none_60b5254171f9507e\COMCTL32.dll
0x00007ffc6ace0000 - 0x00007ffc6ad10000 	C:\WINDOWS\System32\IMM32.DLL
0x0000000064df0000 - 0x0000000064ec2000 	C:\Program Files\Java\jre1.8.0_144\bin\msvcr100.dll
0x00000000650e0000 - 0x000000006597d000 	C:\Program Files\Java\jre1.8.0_144\bin\server\jvm.dll
0x00007ffc6acd0000 - 0x00007ffc6acd8000 	C:\WINDOWS\System32\PSAPI.DLL
0x00007ffc5a480000 - 0x00007ffc5a4a7000 	C:\WINDOWS\SYSTEM32\WINMM.dll
0x00007ffc586d0000 - 0x00007ffc586d9000 	C:\WINDOWS\SYSTEM32\WSOCK32.dll
0x00007ffc6b2f0000 - 0x00007ffc6b35b000 	C:\WINDOWS\System32\WS2_32.dll
0x00007ffc646b0000 - 0x00007ffc646ba000 	C:\WINDOWS\SYSTEM32\VERSION.dll
0x0000000064ff0000 - 0x0000000064fff000 	C:\Program Files\Java\jre1.8.0_144\bin\verify.dll
0x0000000064fc0000 - 0x0000000064fe9000 	C:\Program Files\Java\jre1.8.0_144\bin\java.dll
0x0000000064db0000 - 0x0000000064de5000 	C:\Program Files\Java\jre1.8.0_144\bin\jdwp.dll
0x0000000064da0000 - 0x0000000064da8000 	C:\Program Files\Java\jre1.8.0_144\bin\npt.dll
0x0000000064f70000 - 0x0000000064f86000 	C:\Program Files\Java\jre1.8.0_144\bin\zip.dll
0x00007ffc6bd40000 - 0x00007ffc6c47f000 	C:\WINDOWS\System32\SHELL32.dll
0x00007ffc67db0000 - 0x00007ffc68540000 	C:\WINDOWS\SYSTEM32\windows.storage.dll
0x00007ffc6a650000 - 0x00007ffc6a9a5000 	C:\WINDOWS\System32\combase.dll
0x00007ffc69610000 - 0x00007ffc6963c000 	C:\WINDOWS\SYSTEM32\Wldp.dll
0x00007ffc6ac20000 - 0x00007ffc6acce000 	C:\WINDOWS\System32\SHCORE.dll
0x00007ffc6b250000 - 0x00007ffc6b2a5000 	C:\WINDOWS\System32\shlwapi.dll
0x00007ffc69bd0000 - 0x00007ffc69bef000 	C:\WINDOWS\SYSTEM32\profapi.dll
0x0000000064d90000 - 0x0000000064d99000 	C:\Program Files\Java\jre1.8.0_144\bin\dt_socket.dll
0x00007ffc5a3f0000 - 0x00007ffc5a407000 	C:\WINDOWS\system32\napinsp.dll
0x00007ffc59260000 - 0x00007ffc5927b000 	C:\WINDOWS\system32\pnrpnsp.dll
0x00007ffc59240000 - 0x00007ffc59255000 	C:\WINDOWS\system32\wshbth.dll
0x00007ffc65710000 - 0x00007ffc6572d000 	C:\WINDOWS\system32\NLAapi.dll
0x00007ffc69060000 - 0x00007ffc6909b000 	C:\WINDOWS\SYSTEM32\IPHLPAPI.DLL
0x00007ffc69370000 - 0x00007ffc693da000 	C:\WINDOWS\System32\mswsock.dll
0x00007ffc690a0000 - 0x00007ffc6916c000 	C:\WINDOWS\SYSTEM32\DNSAPI.dll
0x00007ffc6b2e0000 - 0x00007ffc6b2e8000 	C:\WINDOWS\System32\NSI.dll
0x00007ffc59220000 - 0x00007ffc59232000 	C:\WINDOWS\System32\winrnr.dll
0x00007ffc628c0000 - 0x00007ffc6293f000 	C:\WINDOWS\System32\fwpuclnt.dll
0x00007ffc69df0000 - 0x00007ffc69e17000 	C:\WINDOWS\System32\bcrypt.dll
0x00007ffc62940000 - 0x00007ffc6294a000 	C:\Windows\System32\rasadhlp.dll
0x0000000064d80000 - 0x0000000064d8d000 	C:\Program Files\Java\jre1.8.0_144\bin\management.dll
0x0000000064f50000 - 0x0000000064f6a000 	C:\Program Files\Java\jre1.8.0_144\bin\net.dll
0x0000000064f30000 - 0x0000000064f41000 	C:\Program Files\Java\jre1.8.0_144\bin\nio.dll
0x00007ffc69560000 - 0x00007ffc69578000 	C:\WINDOWS\SYSTEM32\CRYPTSP.dll
0x00007ffc68cf0000 - 0x00007ffc68d24000 	C:\WINDOWS\system32\rsaenh.dll
0x00007ffc69b20000 - 0x00007ffc69b4e000 	C:\WINDOWS\SYSTEM32\USERENV.dll
0x00007ffc69e20000 - 0x00007ffc69ea3000 	C:\WINDOWS\System32\bcryptprimitives.dll
0x00007ffc69580000 - 0x00007ffc6958c000 	C:\WINDOWS\SYSTEM32\CRYPTBASE.dll
0x00007ffc643f0000 - 0x00007ffc64407000 	C:\WINDOWS\SYSTEM32\dhcpcsvc6.DLL
0x00007ffc643d0000 - 0x00007ffc643ed000 	C:\WINDOWS\SYSTEM32\dhcpcsvc.DLL
0x00007ffc5a870000 - 0x00007ffc5aa54000 	C:\WINDOWS\SYSTEM32\dbghelp.dll

VM Arguments:
jvm_args: -Djava.net.preferIPv4Stack=true -agentlib:jdwp=transport=dt_socket,suspend=y,address=localhost:53506 -Dcom.sun.management.jmxremote -Dcom.sun.management.jmxremote.port=53505 -Dcom.sun.management.jmxremote.authenticate=false -Dcom.sun.management.jmxremote.ssl=false -Djava.rmi.server.hostname=localhost -Dspring.jmx.enabled=true -Dspring.liveBeansView.mbeanDomain -Xverify:none -XX:TieredStopAtLevel=1 -Dfile.encoding=UTF-8 
java_command: com.kps.StatisticApplication
java_class_path (initial): D:\StatsExtract\statistic\target\classes;C:\Users\jsh\.m2\repository\org\springframework\boot\spring-boot-starter-web\2.5.4\spring-boot-starter-web-2.5.4.jar;C:\Users\jsh\.m2\repository\org\springframework\boot\spring-boot-starter\2.5.4\spring-boot-starter-2.5.4.jar;C:\Users\jsh\.m2\repository\org\springframework\boot\spring-boot-starter-logging\2.5.4\spring-boot-starter-logging-2.5.4.jar;C:\Users\jsh\.m2\repository\ch\qos\logback\logback-classic\1.2.5\logback-classic-1.2.5.jar;C:\Users\jsh\.m2\repository\ch\qos\logback\logback-core\1.2.5\logback-core-1.2.5.jar;C:\Users\jsh\.m2\repository\org\apache\logging\log4j\log4j-to-slf4j\2.14.1\log4j-to-slf4j-2.14.1.jar;C:\Users\jsh\.m2\repository\org\apache\logging\log4j\log4j-api\2.14.1\log4j-api-2.14.1.jar;C:\Users\jsh\.m2\repository\org\slf4j\jul-to-slf4j\1.7.32\jul-to-slf4j-1.7.32.jar;C:\Users\jsh\.m2\repository\jakarta\annotation\jakarta.annotation-api\1.3.5\jakarta.annotation-api-1.3.5.jar;C:\Users\jsh\.m2\repository\org\yaml\snakeyaml\1.28\snakeyaml-1.28.jar;C:\Users\jsh\.m2\repository\org\springframework\boot\spring-boot-starter-json\2.5.4\spring-boot-starter-json-2.5.4.jar;C:\Users\jsh\.m2\repository\com\fasterxml\jackson\core\jackson-databind\2.12.4\jackson-databind-2.12.4.jar;C:\Users\jsh\.m2\repository\com\fasterxml\jackson\core\jackson-annotations\2.12.4\jackson-annotations-2.12.4.jar;C:\Users\jsh\.m2\repository\com\fasterxml\jackson\core\jackson-core\2.12.4\jackson-core-2.12.4.jar;C:\Users\jsh\.m2\repository\com\fasterxml\jackson\datatype\jackson-datatype-jdk8\2.12.4\jackson-datatype-jdk8-2.12.4.jar;C:\Users\jsh\.m2\repository\com\fasterxml\jackson\datatype\jackson-datatype-jsr310\2.12.4\jackson-datatype-jsr310-2.12.4.jar;C:\Users\jsh\.m2\repository\com\fasterxml\jackson\module\jackson-module-parameter-names\2.12.4\jackson-module-parameter-names-2.12.4.jar;C:\Users\jsh\.m2\repository\org\springframework\boot\spring-boot-starter-tomcat\2.5.4\spring-boot-starter-tomcat-2.5.4.jar;C:\Us
Launcher Type: SUN_STANDARD

Environment Variables:
JAVA_TOOL_OPTIONS=-Djava.net.preferIPv4Stack=true
CLASSPATH=.;
PATH=C:/Program Files/Java/jre1.8.0_144/bin/server;C:/Program Files/Java/jre1.8.0_144/bin;C:/Program Files/Java/jre1.8.0_144/lib/amd64;C:\ProgramData\Oracle\Java\javapath;C:\WINDOWS\system32;C:\WINDOWS;C:\WINDOWS\System32\Wbem;C:\WINDOWS\System32\WindowsPowerShell\v1.0\;C:\WINDOWS\System32\OpenSSH\;C:\Program Files\Java\jdk1.8.0_144\bin;C:\Program Files (x86)\Microsoft SQL Server\150\DTS\Binn\;C:\Program Files\nodejs\;C:\Program Files\Git\cmd;C:\Program Files\MySQL\MySQL Server 8.0\bin;C:\Program Files\Microsoft SQL Server\130\Tools\Binn\;C:\Program Files (x86)\Microsoft SQL Server\110\DTS\Binn\;C:\Program Files (x86)\Microsoft SQL Server\120\DTS\Binn\;C:\Program Files (x86)\Microsoft SQL Server\130\DTS\Binn\;C:\Program Files (x86)\Microsoft SQL Server\140\DTS\Binn\;C:\Program Files\MySQL\MySQL Shell 8.0\bin\;C:\Users\jsh\AppData\Local\Microsoft\WindowsApps;C:\Users\jsh\AppData\Roaming\npm;C:\Users\jsh\AppData\Local\Programs\Microsoft VS Code\bin;;C:\eclipse-86_64\eclipse;
USERNAME=jsh
OS=Windows_NT
PROCESSOR_IDENTIFIER=Intel64 Family 6 Model 158 Stepping 13, GenuineIntel



---------------  S Y S T E M  ---------------

OS: Windows 10.0 , 64 bit Build 19041 (10.0.19041.1202)

CPU:total 4 (initial active 4) (4 cores per cpu, 1 threads per core) family 6 model 158 stepping 13, cmov, cx8, fxsr, mmx, sse, sse2, sse3, ssse3, sse4.1, sse4.2, popcnt, avx, avx2, aes, clmul, 3dnowpref, lzcnt, tsc, tscinvbit

Memory: 4k page, physical 20971060k(11599748k free), swap 24116788k(9973484k free)

vm_info: Java HotSpot(TM) 64-Bit Server VM (25.144-b01) for windows-amd64 JRE (1.8.0_144-b01), built on Jul 21 2017 21:57:33 by "java_re" with MS VC++ 10.0 (VS2010)

time: Wed Nov 10 16:04:31 2021
elapsed time: 2891 seconds (0d 0h 48m 11s)

